<!DOCTYPE html>
<html>
  <head>
    <meta charset="utf-8"/>
    <title id="head-title">report.html</title>
      <style type="text/css">body {
  font-family: Helvetica, Arial, sans-serif;
  font-size: 12px;
  /* do not increase min-width as some may use split screens */
  min-width: 800px;
  color: #999;
}

h1 {
  font-size: 24px;
  color: black;
}

h2 {
  font-size: 16px;
  color: black;
}

p {
  color: black;
}

a {
  color: #999;
}

table {
  border-collapse: collapse;
}

/******************************
 * SUMMARY INFORMATION
 ******************************/
#environment td {
  padding: 5px;
  border: 1px solid #e6e6e6;
  vertical-align: top;
}
#environment tr:nth-child(odd) {
  background-color: #f6f6f6;
}
#environment ul {
  margin: 0;
  padding: 0 20px;
}

/******************************
 * TEST RESULT COLORS
 ******************************/
span.passed,
.passed .col-result {
  color: green;
}

span.skipped,
span.xfailed,
span.rerun,
.skipped .col-result,
.xfailed .col-result,
.rerun .col-result {
  color: orange;
}

span.error,
span.failed,
span.xpassed,
.error .col-result,
.failed .col-result,
.xpassed .col-result {
  color: red;
}

.col-links__extra {
  margin-right: 3px;
}

/******************************
 * RESULTS TABLE
 *
 * 1. Table Layout
 * 2. Extra
 * 3. Sorting items
 *
 ******************************/
/*------------------
 * 1. Table Layout
 *------------------*/
#results-table {
  border: 1px solid #e6e6e6;
  color: #999;
  font-size: 12px;
  width: 100%;
}
#results-table th,
#results-table td {
  padding: 5px;
  border: 1px solid #e6e6e6;
  text-align: left;
}
#results-table th {
  font-weight: bold;
}

/*------------------
 * 2. Extra
 *------------------*/
.logwrapper {
  max-height: 230px;
  overflow-y: scroll;
  background-color: #e6e6e6;
}
.logwrapper.expanded {
  max-height: none;
}
.logwrapper.expanded .logexpander:after {
  content: "collapse [-]";
}
.logwrapper .logexpander {
  z-index: 1;
  position: sticky;
  top: 10px;
  width: max-content;
  border: 1px solid;
  border-radius: 3px;
  padding: 5px 7px;
  margin: 10px 0 10px calc(100% - 80px);
  cursor: pointer;
  background-color: #e6e6e6;
}
.logwrapper .logexpander:after {
  content: "expand [+]";
}
.logwrapper .logexpander:hover {
  color: #000;
  border-color: #000;
}
.logwrapper .log {
  min-height: 40px;
  position: relative;
  top: -50px;
  height: calc(100% + 50px);
  border: 1px solid #e6e6e6;
  color: black;
  display: block;
  font-family: "Courier New", Courier, monospace;
  padding: 5px;
  padding-right: 80px;
  white-space: pre-wrap;
}

div.media {
  border: 1px solid #e6e6e6;
  float: right;
  height: 240px;
  margin: 0 5px;
  overflow: hidden;
  width: 320px;
}

.media-container {
  display: grid;
  grid-template-columns: 25px auto 25px;
  align-items: center;
  flex: 1 1;
  overflow: hidden;
  height: 200px;
}

.media-container--fullscreen {
  grid-template-columns: 0px auto 0px;
}

.media-container__nav--right,
.media-container__nav--left {
  text-align: center;
  cursor: pointer;
}

.media-container__viewport {
  cursor: pointer;
  text-align: center;
  height: inherit;
}
.media-container__viewport img,
.media-container__viewport video {
  object-fit: cover;
  width: 100%;
  max-height: 100%;
}

.media__name,
.media__counter {
  display: flex;
  flex-direction: row;
  justify-content: space-around;
  flex: 0 0 25px;
  align-items: center;
}

.collapsible td:not(.col-links) {
  cursor: pointer;
}
.collapsible td:not(.col-links):hover::after {
  color: #bbb;
  font-style: italic;
  cursor: pointer;
}

.col-result {
  width: 130px;
}
.col-result:hover::after {
  content: " (hide details)";
}

.col-result.collapsed:hover::after {
  content: " (show details)";
}

#environment-header h2:hover::after {
  content: " (hide details)";
  color: #bbb;
  font-style: italic;
  cursor: pointer;
  font-size: 12px;
}

#environment-header.collapsed h2:hover::after {
  content: " (show details)";
  color: #bbb;
  font-style: italic;
  cursor: pointer;
  font-size: 12px;
}

/*------------------
 * 3. Sorting items
 *------------------*/
.sortable {
  cursor: pointer;
}
.sortable.desc:after {
  content: " ";
  position: relative;
  left: 5px;
  bottom: -12.5px;
  border: 10px solid #4caf50;
  border-bottom: 0;
  border-left-color: transparent;
  border-right-color: transparent;
}
.sortable.asc:after {
  content: " ";
  position: relative;
  left: 5px;
  bottom: 12.5px;
  border: 10px solid #4caf50;
  border-top: 0;
  border-left-color: transparent;
  border-right-color: transparent;
}

.hidden, .summary__reload__button.hidden {
  display: none;
}

.summary__data {
  flex: 0 0 550px;
}
.summary__reload {
  flex: 1 1;
  display: flex;
  justify-content: center;
}
.summary__reload__button {
  flex: 0 0 300px;
  display: flex;
  color: white;
  font-weight: bold;
  background-color: #4caf50;
  text-align: center;
  justify-content: center;
  align-items: center;
  border-radius: 3px;
  cursor: pointer;
}
.summary__reload__button:hover {
  background-color: #46a049;
}
.summary__spacer {
  flex: 0 0 550px;
}

.controls {
  display: flex;
  justify-content: space-between;
}

.filters,
.collapse {
  display: flex;
  align-items: center;
}
.filters button,
.collapse button {
  color: #999;
  border: none;
  background: none;
  cursor: pointer;
  text-decoration: underline;
}
.filters button:hover,
.collapse button:hover {
  color: #ccc;
}

.filter__label {
  margin-right: 10px;
}

      </style>
    
  </head>
  <body>
    <h1 id="title">report.html</h1>
    <p>Report generated on 09-Sep-2025 at 18:00:25 by <a href="https://pypi.python.org/pypi/pytest-html">pytest-html</a>
        v4.1.1</p>
    <div id="environment-header">
      <h2>Environment</h2>
    </div>
    <table id="environment"></table>
    <!-- TEMPLATES -->
      <template id="template_environment_row">
      <tr>
        <td></td>
        <td></td>
      </tr>
    </template>
    <template id="template_results-table__body--empty">
      <tbody class="results-table-row">
        <tr id="not-found-message">
          <td colspan="4">No results found. Check the filters.</th>
        </tr>
    </template>
    <template id="template_results-table__tbody">
      <tbody class="results-table-row">
        <tr class="collapsible">
        </tr>
        <tr class="extras-row">
          <td class="extra" colspan="4">
            <div class="extraHTML"></div>
            <div class="media">
              <div class="media-container">
                  <div class="media-container__nav--left"><</div>
                  <div class="media-container__viewport">
                    <img src="" />
                    <video controls>
                      <source src="" type="video/mp4">
                    </video>
                  </div>
                  <div class="media-container__nav--right">></div>
                </div>
                <div class="media__name"></div>
                <div class="media__counter"></div>
            </div>
            <div class="logwrapper">
              <div class="logexpander"></div>
              <div class="log"></div>
            </div>
          </td>
        </tr>
      </tbody>
    </template>
    <!-- END TEMPLATES -->
    <div class="summary">
      <div class="summary__data">
        <h2>Summary</h2>
        <div class="additional-summary prefix">
        </div>
        <p class="run-count">19 tests took 00:08:29.</p>
        <p class="filter">(Un)check the boxes to filter the results.</p>
        <div class="summary__reload">
          <div class="summary__reload__button hidden" onclick="location.reload()">
            <div>There are still tests running. <br />Reload this page to get the latest results!</div>
          </div>
        </div>
        <div class="summary__spacer"></div>
        <div class="controls">
          <div class="filters">
            <input checked="true" class="filter" name="filter_checkbox" type="checkbox" data-test-result="failed" />
            <span class="failed">8 Failed,</span>
            <input checked="true" class="filter" name="filter_checkbox" type="checkbox" data-test-result="passed" />
            <span class="passed">11 Passed,</span>
            <input checked="true" class="filter" name="filter_checkbox" type="checkbox" data-test-result="skipped" disabled/>
            <span class="skipped">0 Skipped,</span>
            <input checked="true" class="filter" name="filter_checkbox" type="checkbox" data-test-result="xfailed" disabled/>
            <span class="xfailed">0 Expected failures,</span>
            <input checked="true" class="filter" name="filter_checkbox" type="checkbox" data-test-result="xpassed" disabled/>
            <span class="xpassed">0 Unexpected passes,</span>
            <input checked="true" class="filter" name="filter_checkbox" type="checkbox" data-test-result="error" disabled/>
            <span class="error">0 Errors,</span>
            <input checked="true" class="filter" name="filter_checkbox" type="checkbox" data-test-result="rerun" disabled/>
            <span class="rerun">0 Reruns</span>
          </div>
          <div class="collapse">
            <button id="show_all_details">Show all details</button>&nbsp;/&nbsp;<button id="hide_all_details">Hide all details</button>
          </div>
        </div>
      </div>
      <div class="additional-summary summary">
      </div>
      <div class="additional-summary postfix">
      </div>
    </div>
    <table id="results-table">
      <thead id="results-table-head">
        <tr>
          <th class="sortable" data-column-type="result">Result</th>
          <th class="sortable" data-column-type="testId">Test</th>
          <th class="sortable" data-column-type="duration">Duration</th>
          <th>Links</th>
        </tr>
      </thead>
    </table>
  </body>
  <footer>
    <div id="data-container" data-jsonblob="{&#34;environment&#34;: {&#34;Python&#34;: &#34;3.13.5&#34;, &#34;Platform&#34;: &#34;Windows-11-10.0.26100-SP0&#34;, &#34;Packages&#34;: {&#34;pytest&#34;: &#34;7.4.2&#34;, &#34;pluggy&#34;: &#34;1.6.0&#34;}, &#34;Plugins&#34;: {&#34;allure-pytest&#34;: &#34;2.15.0&#34;, &#34;html&#34;: &#34;4.1.1&#34;, &#34;html-reporter&#34;: &#34;0.2.9&#34;, &#34;metadata&#34;: &#34;3.1.1&#34;}, &#34;JAVA_HOME&#34;: &#34;C:\\Program Files\\Java\\jdk-21&#34;}, &#34;tests&#34;: {&#34;tests/test_TC_Reg_01.py::test_tc_reg_01[test_case0]&#34;: [{&#34;extras&#34;: [], &#34;result&#34;: &#34;Passed&#34;, &#34;testId&#34;: &#34;tests/test_TC_Reg_01.py::test_tc_reg_01[test_case0]&#34;, &#34;duration&#34;: &#34;00:00:15&#34;, &#34;resultsTableRow&#34;: [&#34;&lt;td class=\&#34;col-result\&#34;&gt;Passed&lt;/td&gt;&#34;, &#34;&lt;td class=\&#34;col-testId\&#34;&gt;tests/test_TC_Reg_01.py::test_tc_reg_01[test_case0]&lt;/td&gt;&#34;, &#34;&lt;td class=\&#34;col-duration\&#34;&gt;00:00:15&lt;/td&gt;&#34;, &#34;&lt;td class=\&#34;col-links\&#34;&gt;&lt;/td&gt;&#34;], &#34;log&#34;: &#34;------------------------------ Captured log setup ------------------------------\nINFO     root:conftest.py:31 Starting browser session with chrome...\nINFO     root:conftest.py:48 chrome browser launched successfully.\nINFO     root:conftest.py:54 URL opened successfully.\n\n------------------------------ Captured log call -------------------------------\nINFO     root:test_TC_Reg_01.py:12 TC_Reg_01 Started..\nINFO     root:test_TC_Reg_01.py:13 Verify Homepage Load and Sign Up Button Navigation\nINFO     root:test_TC_Reg_01.py:29 Homepage URL loaded successfully.\nINFO     root:test_TC_Reg_01.py:43 Homepage heading verified successfully.\nERROR    root:test_TC_Reg_01.py:68 Statistics verification failed. Expected: {&amp;#x27;students&amp;#x27;: &amp;#x27;20000+&amp;#x27;, &amp;#x27;guardians&amp;#x27;: &amp;#x27;1643+&amp;#x27;, &amp;#x27;teachers&amp;#x27;: &amp;#x27;7000+&amp;#x27;, &amp;#x27;schools&amp;#x27;: &amp;#x27;2000+&amp;#x27;}, Actual: {&amp;#x27;students&amp;#x27;: &amp;#x27;Students&amp;#x27;, &amp;#x27;guardians&amp;#x27;: &amp;#x27;Guardians&amp;#x27;, &amp;#x27;teachers&amp;#x27;: &amp;#x27;Teachers&amp;#x27;, &amp;#x27;schools&amp;#x27;: &amp;#x27;Schools&amp;#x27;}\nWARNING  root:test_TC_Reg_01.py:75 Statistics verification failed: Message: unknown error: failed to change window state to &amp;#x27;normal&amp;#x27;, current state is &amp;#x27;maximized&amp;#x27;\n  (Session info: chrome=139.0.7258.157)\nStacktrace:\n\tGetHandleVerifier [0x0x7ff708753d85+79397]\n\tGetHandleVerifier [0x0x7ff708753de0+79488]\n\t(No symbol) [0x0x7ff7084fc0fa]\n\t(No symbol) [0x0x7ff7084d9933]\n\t(No symbol) [0x0x7ff7084d6b78]\n\t(No symbol) [0x0x7ff7084d8f29]\n\t(No symbol) [0x0x7ff7085bb217]\n\t(No symbol) [0x0x7ff70857b19a]\n\t(No symbol) [0x0x7ff7085a3344]\n\t(No symbol) [0x0x7ff70857af73]\n\t(No symbol) [0x0x7ff7085441b1]\n\t(No symbol) [0x0x7ff708544f43]\n\tGetHandleVerifier [0x0x7ff708a1e1ed+3005069]\n\tGetHandleVerifier [0x0x7ff708a1831d+2980797]\n\tGetHandleVerifier [0x0x7ff708a37e0d+3110573]\n\tGetHandleVerifier [0x0x7ff70876d6de+184190]\n\tGetHandleVerifier [0x0x7ff70877516f+215567]\n\tGetHandleVerifier [0x0x7ff70875c974+115220]\n\tGetHandleVerifier [0x0x7ff70875cb29+115657]\n\tGetHandleVerifier [0x0x7ff708743268+11016]\n\tBaseThreadInitThunk [0x0x7ffb14f0e8d7+23]\n\tRtlUserThreadStart [0x0x7ffb1665c34c+44]\n, continuing test...\nINFO     root:registration_page.py:45 Sign Up for Free button clicked successfully.\nINFO     root:test_TC_Reg_01.py:80 Sign Up for Free button clicked successfully.\nINFO     root:test_TC_Reg_01.py:91 Successfully navigated to Sign Up page.\nINFO     root:test_TC_Reg_01.py:100 Sign Up page loaded successfully with correct heading.\nINFO     root:test_TC_Reg_01.py:111 Test Passed. Homepage loads successfully and navigates to Sign Up page\nINFO     root:test_TC_Reg_01.py:112 TC_Reg_01 Completed..\n\n---------------------------- Captured log teardown -----------------------------\nINFO     root:conftest.py:58 Script complete.\nINFO     root:conftest.py:60 Ending browser session...\nINFO     root:conftest.py:61 ...................\nINFO     root:conftest.py:62 ...................&#34;}], &#34;tests/test_TC_Reg_02.py::test_tc_reg_02[test_case0]&#34;: [{&#34;extras&#34;: [], &#34;result&#34;: &#34;Passed&#34;, &#34;testId&#34;: &#34;tests/test_TC_Reg_02.py::test_tc_reg_02[test_case0]&#34;, &#34;duration&#34;: &#34;00:00:08&#34;, &#34;resultsTableRow&#34;: [&#34;&lt;td class=\&#34;col-result\&#34;&gt;Passed&lt;/td&gt;&#34;, &#34;&lt;td class=\&#34;col-testId\&#34;&gt;tests/test_TC_Reg_02.py::test_tc_reg_02[test_case0]&lt;/td&gt;&#34;, &#34;&lt;td class=\&#34;col-duration\&#34;&gt;00:00:08&lt;/td&gt;&#34;, &#34;&lt;td class=\&#34;col-links\&#34;&gt;&lt;/td&gt;&#34;], &#34;log&#34;: &#34;------------------------------ Captured log setup ------------------------------\nINFO     root:conftest.py:31 Starting browser session with chrome...\nINFO     root:conftest.py:48 chrome browser launched successfully.\nINFO     root:conftest.py:54 URL opened successfully.\n\n------------------------------ Captured log call -------------------------------\nINFO     root:test_TC_Reg_02.py:12 TC_Reg_02 Started..\nINFO     root:test_TC_Reg_02.py:13 Verify Sign Up Page Load and Form Display\nINFO     root:registration_page.py:45 Sign Up for Free button clicked successfully.\nINFO     root:test_TC_Reg_02.py:26 Navigated to Sign Up page successfully.\nINFO     root:test_TC_Reg_02.py:37 Sign Up page loaded successfully.\nINFO     root:test_TC_Reg_02.py:53 Sign Up heading verified successfully.\nINFO     root:test_TC_Reg_02.py:70 Sign Up subtitle verified successfully.\nINFO     root:test_TC_Reg_02.py:84 All form fields verified successfully.\nINFO     root:test_TC_Reg_02.py:101 All buttons verified successfully.\nWARNING  root:test_TC_Reg_02.py:118 Page title might not be appropriate: Authentication | DOER ADMISSION\nWARNING  root:test_TC_Reg_02.py:124 Additional verification failed: Message: unknown error: failed to change window state to &amp;#x27;normal&amp;#x27;, current state is &amp;#x27;maximized&amp;#x27;\n  (Session info: chrome=139.0.7258.157)\nStacktrace:\n\tGetHandleVerifier [0x0x7ff708753d85+79397]\n\tGetHandleVerifier [0x0x7ff708753de0+79488]\n\t(No symbol) [0x0x7ff7084fc0fa]\n\t(No symbol) [0x0x7ff7084d9933]\n\t(No symbol) [0x0x7ff7084d6b78]\n\t(No symbol) [0x0x7ff7084d8f29]\n\t(No symbol) [0x0x7ff7085bb217]\n\t(No symbol) [0x0x7ff70857b19a]\n\t(No symbol) [0x0x7ff7085a3344]\n\t(No symbol) [0x0x7ff70857af73]\n\t(No symbol) [0x0x7ff7085441b1]\n\t(No symbol) [0x0x7ff708544f43]\n\tGetHandleVerifier [0x0x7ff708a1e1ed+3005069]\n\tGetHandleVerifier [0x0x7ff708a1831d+2980797]\n\tGetHandleVerifier [0x0x7ff708a37e0d+3110573]\n\tGetHandleVerifier [0x0x7ff70876d6de+184190]\n\tGetHandleVerifier [0x0x7ff70877516f+215567]\n\tGetHandleVerifier [0x0x7ff70875c974+115220]\n\tGetHandleVerifier [0x0x7ff70875cb29+115657]\n\tGetHandleVerifier [0x0x7ff708743268+11016]\n\tBaseThreadInitThunk [0x0x7ffb14f0e8d7+23]\n\tRtlUserThreadStart [0x0x7ffb1665c34c+44]\n\nINFO     root:test_TC_Reg_02.py:128 Test Passed. Sign Up page loads with all required form elements\nINFO     root:test_TC_Reg_02.py:129 TC_Reg_02 Completed..\n\n---------------------------- Captured log teardown -----------------------------\nINFO     root:conftest.py:58 Script complete.\nINFO     root:conftest.py:60 Ending browser session...\nINFO     root:conftest.py:61 ...................\nINFO     root:conftest.py:62 ...................&#34;}], &#34;tests/test_TC_Reg_03.py::test_tc_reg_03[test_case0]&#34;: [{&#34;extras&#34;: [], &#34;result&#34;: &#34;Failed&#34;, &#34;testId&#34;: &#34;tests/test_TC_Reg_03.py::test_tc_reg_03[test_case0]&#34;, &#34;duration&#34;: &#34;00:00:13&#34;, &#34;resultsTableRow&#34;: [&#34;&lt;td class=\&#34;col-result\&#34;&gt;Failed&lt;/td&gt;&#34;, &#34;&lt;td class=\&#34;col-testId\&#34;&gt;tests/test_TC_Reg_03.py::test_tc_reg_03[test_case0]&lt;/td&gt;&#34;, &#34;&lt;td class=\&#34;col-duration\&#34;&gt;00:00:13&lt;/td&gt;&#34;, &#34;&lt;td class=\&#34;col-links\&#34;&gt;&lt;/td&gt;&#34;], &#34;log&#34;: &#34;browser_config = (&amp;lt;selenium.webdriver.chrome.webdriver.WebDriver (session=&amp;quot;0c3233c2f6c34568256605ad008611d4&amp;quot;)&amp;gt;, &amp;lt;selenium.webdriver.support.wait.WebDriverWait (session=&amp;quot;0c3233c2f6c34568256605ad008611d4&amp;quot;)&amp;gt;)\ntest_case = {&amp;#x27;admission_portal&amp;#x27;: [{&amp;#x27;TC_AD_01&amp;#x27;: {&amp;#x27;_comment&amp;#x27;: &amp;#x27;Verify All Available Admissions Display on Main Page&amp;#x27;, &amp;#x27;expected_resu...nd navigate previous school information form&amp;#x27;, &amp;#x27;father_address&amp;#x27;: &amp;#x27;Dhaka&amp;#x27;, &amp;#x27;father_contact&amp;#x27;: &amp;#x27;01789571651&amp;#x27;, ...}}], ...}\n\n    @pytest.mark.parametrize(&amp;quot;test_case&amp;quot;, load_all_test_data(&amp;quot;../data/data.json&amp;quot;))\n    def test_tc_reg_03(browser_config, test_case):\n        &amp;quot;&amp;quot;&amp;quot;TC_Reg_03: Verify Complete User Registration with Valid Data&amp;quot;&amp;quot;&amp;quot;\n        logging.info(&amp;quot;TC_Reg_03 Started..&amp;quot;)\n        logging.info(test_case[&amp;quot;registration&amp;quot;][2][&amp;quot;TC_Reg_03&amp;quot;][&amp;quot;_comment&amp;quot;])\n    \n        driver, wait = browser_config\n    \n        # Create object for RegistrationPage class\n        registration_page = RegistrationPage(driver, wait)\n    \n        # Get test data\n        test_data = test_case[&amp;quot;registration&amp;quot;][2][&amp;quot;TC_Reg_03&amp;quot;]\n    \n        # Navigate to Sign Up page\n        try:\n            registration_page.click_sign_up_for_free_button()\n            logging.info(&amp;quot;Navigated to Sign Up page successfully.&amp;quot;)\n            time.sleep(2)\n        except Exception as e:\n            logging.error(f&amp;quot;Navigation to Sign Up page failed: {e}&amp;quot;)\n            capture_full_page_screenshot(driver, &amp;quot;TC_Reg_03_Navigation_Error&amp;quot;)\n            pytest.fail(f&amp;quot;Navigation to Sign Up page failed: {e}&amp;quot;)\n    \n        # 1. Fill Full Name\n        try:\n            registration_page.enter_full_name(test_data[&amp;quot;fullname&amp;quot;])\n            logging.info(&amp;quot;Full Name entered successfully.&amp;quot;)\n        except Exception as e:\n            logging.error(f&amp;quot;Full Name entry failed: {e}&amp;quot;)\n            capture_full_page_screenshot(driver, &amp;quot;TC_Reg_03_FullName_Error&amp;quot;)\n            pytest.fail(f&amp;quot;Full Name entry failed: {e}&amp;quot;)\n    \n        # 2. Fill Email\n        try:\n            registration_page.enter_email(test_data[&amp;quot;email&amp;quot;])\n            logging.info(&amp;quot;Email entered successfully.&amp;quot;)\n        except Exception as e:\n            logging.error(f&amp;quot;Email entry failed: {e}&amp;quot;)\n            capture_full_page_screenshot(driver, &amp;quot;TC_Reg_03_Email_Error&amp;quot;)\n            pytest.fail(f&amp;quot;Email entry failed: {e}&amp;quot;)\n    \n        # 3. Fill Password\n        try:\n            registration_page.enter_password(test_data[&amp;quot;password&amp;quot;])\n            logging.info(&amp;quot;Password entered successfully.&amp;quot;)\n        except Exception as e:\n            logging.error(f&amp;quot;Password entry failed: {e}&amp;quot;)\n            capture_full_page_screenshot(driver, &amp;quot;TC_Reg_03_Password_Error&amp;quot;)\n            pytest.fail(f&amp;quot;Password entry failed: {e}&amp;quot;)\n    \n        # 4. Fill Confirm Password\n        try:\n            registration_page.enter_confirm_password(test_data[&amp;quot;confirm_password&amp;quot;])\n            logging.info(&amp;quot;Confirm Password entered successfully.&amp;quot;)\n        except Exception as e:\n            logging.error(f&amp;quot;Confirm Password entry failed: {e}&amp;quot;)\n            capture_full_page_screenshot(driver, &amp;quot;TC_Reg_03_ConfirmPassword_Error&amp;quot;)\n            pytest.fail(f&amp;quot;Confirm Password entry failed: {e}&amp;quot;)\n    \n        # Take screenshot before submitting form\n        capture_full_page_screenshot(driver, &amp;quot;TC_Reg_03_Before_Submit&amp;quot;)\n    \n        # 5. Click &amp;quot;Sign Up&amp;quot; button\n        try:\n            registration_page.click_signup_button()\n            logging.info(&amp;quot;Sign Up button clicked successfully.&amp;quot;)\n            time.sleep(2)  # Wait for registration process\n        except Exception as e:\n            logging.error(f&amp;quot;Sign Up button click failed: {e}&amp;quot;)\n            capture_full_page_screenshot(driver, &amp;quot;TC_Reg_03_Submit_Error&amp;quot;)\n            pytest.fail(f&amp;quot;Sign Up button click failed: {e}&amp;quot;)\n    \n        # Validate registration success (FIXED INDENTATION - now outside the except block)\n        try:\n            # Use the existing method to get registration message\n            actual_message = registration_page.get_registration_success_message()\n    \n            if actual_message is None:\n                logging.error(&amp;quot;No registration message received&amp;quot;)\n                capture_full_page_screenshot(driver, &amp;quot;TC_Reg_03_No_Message&amp;quot;)\n                pytest.fail(&amp;quot;No registration message received&amp;quot;)\n    \n            logging.info(f&amp;quot;Registration message received: {actual_message}&amp;quot;)\n    \n            # Check if the actual message contains the expected result text\n            expected_result = test_data[&amp;quot;expected_result&amp;quot;]\n    \n            if expected_result.lower() in actual_message.lower():\n                logging.info(f&amp;quot;Registration validation passed. Expected: {expected_result}, Got: {actual_message}&amp;quot;)\n    \n                # Additional check for success keywords\n                if any(keyword in actual_message.lower() for keyword in\n                       [&amp;quot;success&amp;quot;, &amp;quot;successful&amp;quot;, &amp;quot;registered&amp;quot;, &amp;quot;created&amp;quot;]):\n                    logging.info(&amp;quot;Registration completed successfully.&amp;quot;)\n                    capture_full_page_screenshot(driver, &amp;quot;TC_Reg_03_Success&amp;quot;)\n                else:\n                    logging.warning(&amp;quot;Message found but may not indicate success.&amp;quot;)\n                    capture_full_page_screenshot(driver, &amp;quot;TC_Reg_03_Uncertain_Result&amp;quot;)\n            else:\n                logging.error(f&amp;quot;Registration validation failed. Expected: {expected_result}, Got: {actual_message}&amp;quot;)\n                capture_full_page_screenshot(driver, &amp;quot;TC_Reg_03_Registration_Failed&amp;quot;)\n                current_url = driver.current_url\n&amp;gt;               pytest.fail(\n                    f&amp;quot;Registration validation failed. Expected: {expected_result}, Got: {actual_message}. Current URL: {current_url}&amp;quot;)\nE                   Failed: Registration validation failed. Expected: Registration successful! Please log in with your credentials., Got: User exists with same email. Current URL: https://admission-test.doer.school/en/sign-up\n\ntests\\test_TC_Reg_03.py:112: Failed\n\n------------------------------ Captured log setup ------------------------------\nINFO     root:conftest.py:31 Starting browser session with chrome...\nINFO     root:conftest.py:48 chrome browser launched successfully.\nINFO     root:conftest.py:54 URL opened successfully.\n\n------------------------------ Captured log call -------------------------------\nINFO     root:test_TC_Reg_03.py:12 TC_Reg_03 Started..\nINFO     root:test_TC_Reg_03.py:13 Verify Complete User Registration with Valid Data\nINFO     root:registration_page.py:45 Sign Up for Free button clicked successfully.\nINFO     root:test_TC_Reg_03.py:26 Navigated to Sign Up page successfully.\nINFO     root:registration_page.py:82 Full Name entered successfully.\nINFO     root:test_TC_Reg_03.py:36 Full Name entered successfully.\nINFO     root:registration_page.py:95 Email entered successfully.\nINFO     root:test_TC_Reg_03.py:45 Email entered successfully.\nINFO     root:registration_page.py:109 Password entered successfully.\nINFO     root:test_TC_Reg_03.py:54 Password entered successfully.\nINFO     root:registration_page.py:123 Confirm Password entered successfully.\nINFO     root:test_TC_Reg_03.py:63 Confirm Password entered successfully.\nINFO     root:registration_page.py:135 Sign Up button clicked successfully.\nINFO     root:test_TC_Reg_03.py:75 Sign Up button clicked successfully.\nINFO     root:registration_page.py:202 Ant Design message captured: User exists with same email\nINFO     root:test_TC_Reg_03.py:92 Registration message received: User exists with same email\nERROR    root:test_TC_Reg_03.py:109 Registration validation failed. Expected: Registration successful! Please log in with your credentials., Got: User exists with same email\n\n---------------------------- Captured log teardown -----------------------------\nINFO     root:conftest.py:58 Script complete.\nINFO     root:conftest.py:60 Ending browser session...\nINFO     root:conftest.py:61 ...................\nINFO     root:conftest.py:62 ...................&#34;}], &#34;tests/test_TC_Reg_05.py::test_tc_reg_05[test_case0]&#34;: [{&#34;extras&#34;: [], &#34;result&#34;: &#34;Passed&#34;, &#34;testId&#34;: &#34;tests/test_TC_Reg_05.py::test_tc_reg_05[test_case0]&#34;, &#34;duration&#34;: &#34;00:00:18&#34;, &#34;resultsTableRow&#34;: [&#34;&lt;td class=\&#34;col-result\&#34;&gt;Passed&lt;/td&gt;&#34;, &#34;&lt;td class=\&#34;col-testId\&#34;&gt;tests/test_TC_Reg_05.py::test_tc_reg_05[test_case0]&lt;/td&gt;&#34;, &#34;&lt;td class=\&#34;col-duration\&#34;&gt;00:00:18&lt;/td&gt;&#34;, &#34;&lt;td class=\&#34;col-links\&#34;&gt;&lt;/td&gt;&#34;], &#34;log&#34;: &#34;------------------------------ Captured log setup ------------------------------\nINFO     root:conftest.py:31 Starting browser session with chrome...\nINFO     root:conftest.py:48 chrome browser launched successfully.\nINFO     root:conftest.py:54 URL opened successfully.\n\n------------------------------ Captured log call -------------------------------\nINFO     root:test_TC_Reg_05.py:15 TC_Reg_05 Started..\nINFO     root:test_TC_Reg_05.py:16 Verify Sign In Page Load and Form Display\nINFO     root:registration_page.py:45 Sign Up for Free button clicked successfully.\nINFO     root:test_TC_Reg_05.py:30 Navigated to Sign Up page successfully.\nINFO     root:registration_page.py:159 Sign In link clicked successfully.\nINFO     root:test_TC_Reg_05.py:34 Navigated to Sign In page successfully.\nINFO     root:test_TC_Reg_05.py:45 Sign In page loaded successfully.\nINFO     root:test_TC_Reg_05.py:61 Sign In heading verified successfully.\nINFO     root:test_TC_Reg_05.py:78 Sign In subtitle verified successfully.\nINFO     root:test_TC_Reg_05.py:97 Email field is visible.\nINFO     root:test_TC_Reg_05.py:112 Password field is visible.\nINFO     root:test_TC_Reg_05.py:122 All form fields verified successfully.\nINFO     root:test_TC_Reg_05.py:135 All Sign In form elements verified successfully.\nINFO     root:test_TC_Reg_05.py:151 &amp;#x27;Keep me logged in&amp;#x27; checkbox is visible.\nWARNING  root:test_TC_Reg_05.py:165 &amp;#x27;Forgot password?&amp;#x27; link not found.\nINFO     root:test_TC_Reg_05.py:171 &amp;#x27;Log In&amp;#x27; button is visible.\nINFO     root:test_TC_Reg_05.py:181 &amp;#x27;Sign in with Google&amp;#x27; option is visible.\nINFO     root:test_TC_Reg_05.py:195 Test Passed. Sign In page loads with all required elements\nINFO     root:test_TC_Reg_05.py:200 Sign In page title: Authentication | DOER ADMISSION\nINFO     root:test_TC_Reg_05.py:204 TC_Reg_05 Completed..\n\n---------------------------- Captured log teardown -----------------------------\nINFO     root:conftest.py:58 Script complete.\nINFO     root:conftest.py:60 Ending browser session...\nINFO     root:conftest.py:61 ...................\nINFO     root:conftest.py:62 ...................&#34;}], &#34;tests/test_TC_Reg_06.py::test_tc_reg_06[test_case0]&#34;: [{&#34;extras&#34;: [], &#34;result&#34;: &#34;Passed&#34;, &#34;testId&#34;: &#34;tests/test_TC_Reg_06.py::test_tc_reg_06[test_case0]&#34;, &#34;duration&#34;: &#34;00:00:15&#34;, &#34;resultsTableRow&#34;: [&#34;&lt;td class=\&#34;col-result\&#34;&gt;Passed&lt;/td&gt;&#34;, &#34;&lt;td class=\&#34;col-testId\&#34;&gt;tests/test_TC_Reg_06.py::test_tc_reg_06[test_case0]&lt;/td&gt;&#34;, &#34;&lt;td class=\&#34;col-duration\&#34;&gt;00:00:15&lt;/td&gt;&#34;, &#34;&lt;td class=\&#34;col-links\&#34;&gt;&lt;/td&gt;&#34;], &#34;log&#34;: &#34;------------------------------ Captured log setup ------------------------------\nINFO     root:conftest.py:31 Starting browser session with chrome...\nINFO     root:conftest.py:48 chrome browser launched successfully.\nINFO     root:conftest.py:54 URL opened successfully.\n\n------------------------------ Captured log call -------------------------------\nINFO     root:test_TC_Reg_06.py:15 TC_Reg_06 Started..\nINFO     root:test_TC_Reg_06.py:16 Verify User Login with Valid Credentials\nINFO     root:registration_page.py:45 Sign Up for Free button clicked successfully.\nINFO     root:test_TC_Reg_06.py:30 Navigated to Sign Up page successfully.\nINFO     root:registration_page.py:159 Sign In link clicked successfully.\nINFO     root:test_TC_Reg_06.py:35 Navigated to Sign In page successfully.\nINFO     root:test_TC_Reg_06.py:48 Sign In page loaded successfully.\nINFO     root:login_page.py:42 Email entered successfully in login form.\nINFO     root:test_TC_Reg_06.py:61 Email entered successfully in login form.\nINFO     root:login_page.py:56 Password entered successfully in login form.\nINFO     root:test_TC_Reg_06.py:70 Password entered successfully in login form.\nINFO     root:login_page.py:107 Log In button clicked successfully.\nINFO     root:test_TC_Reg_06.py:82 Log In button clicked successfully.\nINFO     root:test_TC_Reg_06.py:101 Login success message found: Login successful!\nINFO     root:test_TC_Reg_06.py:150 Test Passed. User logged in successfully and redirected to home\nINFO     root:test_TC_Reg_06.py:154 Final URL after login: https://admission-test.doer.school/en\nINFO     root:test_TC_Reg_06.py:167 User authentication indicators found - login confirmed\nINFO     root:test_TC_Reg_06.py:170 Login completed for user: john.doe.test__18@gmail.com\nINFO     root:test_TC_Reg_06.py:175 TC_Reg_06 Completed..\n\n---------------------------- Captured log teardown -----------------------------\nINFO     root:conftest.py:58 Script complete.\nINFO     root:conftest.py:60 Ending browser session...\nINFO     root:conftest.py:61 ...................\nINFO     root:conftest.py:62 ...................&#34;}], &#34;tests/test_TC_Reg_12.py::test_tc_reg_12[test_case0]&#34;: [{&#34;extras&#34;: [], &#34;result&#34;: &#34;Failed&#34;, &#34;testId&#34;: &#34;tests/test_TC_Reg_12.py::test_tc_reg_12[test_case0]&#34;, &#34;duration&#34;: &#34;00:00:14&#34;, &#34;resultsTableRow&#34;: [&#34;&lt;td class=\&#34;col-result\&#34;&gt;Failed&lt;/td&gt;&#34;, &#34;&lt;td class=\&#34;col-testId\&#34;&gt;tests/test_TC_Reg_12.py::test_tc_reg_12[test_case0]&lt;/td&gt;&#34;, &#34;&lt;td class=\&#34;col-duration\&#34;&gt;00:00:14&lt;/td&gt;&#34;, &#34;&lt;td class=\&#34;col-links\&#34;&gt;&lt;/td&gt;&#34;], &#34;log&#34;: &#34;browser_config = (&amp;lt;selenium.webdriver.chrome.webdriver.WebDriver (session=&amp;quot;94e53cbcd1a830e5e4f22f54171df814&amp;quot;)&amp;gt;, &amp;lt;selenium.webdriver.support.wait.WebDriverWait (session=&amp;quot;94e53cbcd1a830e5e4f22f54171df814&amp;quot;)&amp;gt;)\ntest_case = {&amp;#x27;admission_portal&amp;#x27;: [{&amp;#x27;TC_AD_01&amp;#x27;: {&amp;#x27;_comment&amp;#x27;: &amp;#x27;Verify All Available Admissions Display on Main Page&amp;#x27;, &amp;#x27;expected_resu...nd navigate previous school information form&amp;#x27;, &amp;#x27;father_address&amp;#x27;: &amp;#x27;Dhaka&amp;#x27;, &amp;#x27;father_contact&amp;#x27;: &amp;#x27;01789571651&amp;#x27;, ...}}], ...}\n\n    @pytest.mark.parametrize(&amp;quot;test_case&amp;quot;, load_all_test_data(&amp;quot;../data/data.json&amp;quot;))\n    def test_tc_reg_12(browser_config, test_case):\n        &amp;quot;&amp;quot;&amp;quot;TC_Reg_12: Verify Password Visibility Toggle&amp;quot;&amp;quot;&amp;quot;\n        logging.info(&amp;quot;TC_Reg_12 Started..&amp;quot;)\n        logging.info(test_case[&amp;quot;registration&amp;quot;][11][&amp;quot;TC_Reg_12&amp;quot;][&amp;quot;_comment&amp;quot;])\n    \n        driver, wait = browser_config\n    \n        # Create objects for page classes\n        registration_page = RegistrationPage(driver, wait)\n        login_page = LoginPage(driver, wait)\n    \n        # Get test data\n        test_data = test_case[&amp;quot;registration&amp;quot;][11][&amp;quot;TC_Reg_12&amp;quot;]\n    \n        # Navigate to Sign Up page first, then to Sign In page\n        try:\n            registration_page.click_sign_up_for_free_button()\n            logging.info(&amp;quot;Navigated to Sign Up page successfully.&amp;quot;)\n            time.sleep(2)\n    \n            # Navigate to Sign In page where password toggle is more common\n            registration_page.click_signin_link_from_signup()\n            logging.info(&amp;quot;Navigated to Sign In page successfully.&amp;quot;)\n            time.sleep(2)\n        except Exception as e:\n            logging.error(f&amp;quot;Navigation to Sign In page failed: {e}&amp;quot;)\n            capture_full_page_screenshot(driver, &amp;quot;TC_Reg_12_Navigation_Error&amp;quot;)\n            pytest.fail(f&amp;quot;Navigation to Sign In page failed: {e}&amp;quot;)\n    \n        # 1. Enter password in password field\n        try:\n            login_page.enter_password(test_data[&amp;quot;password&amp;quot;])\n            logging.info(&amp;quot;Password entered successfully.&amp;quot;)\n            time.sleep(1)\n        except Exception as e:\n            logging.error(f&amp;quot;Password entry failed: {e}&amp;quot;)\n            capture_full_page_screenshot(driver, &amp;quot;TC_Reg_12_Password_Error&amp;quot;)\n            pytest.fail(f&amp;quot;Password entry failed: {e}&amp;quot;)\n    \n        # Take screenshot before toggle\n&amp;gt;       capture_full_page_screenshot(driver, &amp;quot;TC_Reg_12_Before_Toggle&amp;quot;)\n\ntests\\test_TC_Reg_12.py:51: \n_ _ _ _ _ _ _ _ _ _ _ _ _ _ _ _ _ _ _ _ _ _ _ _ _ _ _ _ _ _ _ _ _ _ _ _ _ _ _ _ _ _ _ _ _ _ _ _ _ _ _ _ _ _ _ _ _ _ _ _ _ _ _ _ _ _ _ _ _ _ _ _ _ _ _ _ _ _ _ _ _ _ _ _ _ _ _ _ _ \nutils\\screenshot_utils.py:11: in capture_full_page_screenshot\n    driver.set_window_size(width, height)\nC:\\Users\\sinth\\Downloads\\Movie_Ticket_Automation-master\\Movie_Ticket_Automation-master\\.venv\\Lib\\site-packages\\selenium\\webdriver\\remote\\webdriver.py:1062: in set_window_size\n    self.set_window_rect(width=int(width), height=int(height))\nC:\\Users\\sinth\\Downloads\\Movie_Ticket_Automation-master\\Movie_Ticket_Automation-master\\.venv\\Lib\\site-packages\\selenium\\webdriver\\remote\\webdriver.py:1142: in set_window_rect\n    return self.execute(Command.SET_WINDOW_RECT, {&amp;quot;x&amp;quot;: x, &amp;quot;y&amp;quot;: y, &amp;quot;width&amp;quot;: width, &amp;quot;height&amp;quot;: height})[&amp;quot;value&amp;quot;]\nC:\\Users\\sinth\\Downloads\\Movie_Ticket_Automation-master\\Movie_Ticket_Automation-master\\.venv\\Lib\\site-packages\\selenium\\webdriver\\remote\\webdriver.py:458: in execute\n    self.error_handler.check_response(response)\n_ _ _ _ _ _ _ _ _ _ _ _ _ _ _ _ _ _ _ _ _ _ _ _ _ _ _ _ _ _ _ _ _ _ _ _ _ _ _ _ _ _ _ _ _ _ _ _ _ _ _ _ _ _ _ _ _ _ _ _ _ _ _ _ _ _ _ _ _ _ _ _ _ _ _ _ _ _ _ _ _ _ _ _ _ _ _ _ _ \n\nself = &amp;lt;selenium.webdriver.remote.errorhandler.ErrorHandler object at 0x0000026165CC4EF0&amp;gt;\nresponse = {&amp;#x27;status&amp;#x27;: 500, &amp;#x27;value&amp;#x27;: &amp;#x27;{&amp;quot;value&amp;quot;:{&amp;quot;error&amp;quot;:&amp;quot;unknown error&amp;quot;,&amp;quot;message&amp;quot;:&amp;quot;unknown error: failed to change window state to...ff708743268+11016]\\\\n\\\\tBaseThreadInitThunk [0x0x7ffb14f0e8d7+23]\\\\n\\\\tRtlUserThreadStart [0x0x7ffb1665c34c+44]\\\\n&amp;quot;}}&amp;#x27;}\n\n    def check_response(self, response: dict[str, Any]) -&amp;gt; None:\n        &amp;quot;&amp;quot;&amp;quot;Checks that a JSON response from the WebDriver does not have an\n        error.\n    \n        :Args:\n         - response - The JSON response from the WebDriver server as a dictionary\n           object.\n    \n        :Raises: If the response contains an error message.\n        &amp;quot;&amp;quot;&amp;quot;\n        status = response.get(&amp;quot;status&amp;quot;, None)\n        if not status or status == ErrorCode.SUCCESS:\n            return\n        value = None\n        message = response.get(&amp;quot;message&amp;quot;, &amp;quot;&amp;quot;)\n        screen: str = response.get(&amp;quot;screen&amp;quot;, &amp;quot;&amp;quot;)\n        stacktrace = None\n        if isinstance(status, int):\n            value_json = response.get(&amp;quot;value&amp;quot;, None)\n            if value_json and isinstance(value_json, str):\n                try:\n                    value = json.loads(value_json)\n                    if isinstance(value, dict):\n                        if len(value) == 1:\n                            value = value[&amp;quot;value&amp;quot;]\n                        status = value.get(&amp;quot;error&amp;quot;, None)\n                        if not status:\n                            status = value.get(&amp;quot;status&amp;quot;, ErrorCode.UNKNOWN_ERROR)\n                            message = value.get(&amp;quot;value&amp;quot;) or value.get(&amp;quot;message&amp;quot;)\n                            if not isinstance(message, str):\n                                value = message\n                                message = message.get(&amp;quot;message&amp;quot;)\n                        else:\n                            message = value.get(&amp;quot;message&amp;quot;, None)\n                except ValueError:\n                    pass\n    \n        exception_class: type[WebDriverException]\n        e = ErrorCode()\n        error_codes = [item for item in dir(e) if not item.startswith(&amp;quot;__&amp;quot;)]\n        for error_code in error_codes:\n            error_info = getattr(ErrorCode, error_code)\n            if isinstance(error_info, list) and status in error_info:\n                exception_class = getattr(ExceptionMapping, error_code, WebDriverException)\n                break\n        else:\n            exception_class = WebDriverException\n    \n        if not value:\n            value = response[&amp;quot;value&amp;quot;]\n        if isinstance(value, str):\n            raise exception_class(value)\n        if message == &amp;quot;&amp;quot; and &amp;quot;message&amp;quot; in value:\n            message = value[&amp;quot;message&amp;quot;]\n    \n        screen = None  # type: ignore[assignment]\n        if &amp;quot;screen&amp;quot; in value:\n            screen = value[&amp;quot;screen&amp;quot;]\n    \n        stacktrace = None\n        st_value = value.get(&amp;quot;stackTrace&amp;quot;) or value.get(&amp;quot;stacktrace&amp;quot;)\n        if st_value:\n            if isinstance(st_value, str):\n                stacktrace = st_value.split(&amp;quot;\\n&amp;quot;)\n            else:\n                stacktrace = []\n                try:\n                    for frame in st_value:\n                        line = frame.get(&amp;quot;lineNumber&amp;quot;, &amp;quot;&amp;quot;)\n                        file = frame.get(&amp;quot;fileName&amp;quot;, &amp;quot;&amp;lt;anonymous&amp;gt;&amp;quot;)\n                        if line:\n                            file = f&amp;quot;{file}:{line}&amp;quot;\n                        meth = frame.get(&amp;quot;methodName&amp;quot;, &amp;quot;&amp;lt;anonymous&amp;gt;&amp;quot;)\n                        if &amp;quot;className&amp;quot; in frame:\n                            meth = f&amp;quot;{frame[&amp;#x27;className&amp;#x27;]}.{meth}&amp;quot;\n                        msg = &amp;quot;    at %s (%s)&amp;quot;\n                        msg = msg % (meth, file)\n                        stacktrace.append(msg)\n                except TypeError:\n                    pass\n        if exception_class == UnexpectedAlertPresentException:\n            alert_text = None\n            if &amp;quot;data&amp;quot; in value:\n                alert_text = value[&amp;quot;data&amp;quot;].get(&amp;quot;text&amp;quot;)\n            elif &amp;quot;alert&amp;quot; in value:\n                alert_text = value[&amp;quot;alert&amp;quot;].get(&amp;quot;text&amp;quot;)\n            raise exception_class(message, screen, stacktrace, alert_text)  # type: ignore[call-arg]  # mypy is not smart enough here\n&amp;gt;       raise exception_class(message, screen, stacktrace)\nE       selenium.common.exceptions.WebDriverException: Message: unknown error: failed to change window state to &amp;#x27;normal&amp;#x27;, current state is &amp;#x27;maximized&amp;#x27;\nE         (Session info: chrome=139.0.7258.157)\nE       Stacktrace:\nE       \tGetHandleVerifier [0x0x7ff708753d85+79397]\nE       \tGetHandleVerifier [0x0x7ff708753de0+79488]\nE       \t(No symbol) [0x0x7ff7084fc0fa]\nE       \t(No symbol) [0x0x7ff7084d9933]\nE       \t(No symbol) [0x0x7ff7084d6b78]\nE       \t(No symbol) [0x0x7ff7084d8f29]\nE       \t(No symbol) [0x0x7ff7085bb217]\nE       \t(No symbol) [0x0x7ff70857b19a]\nE       \t(No symbol) [0x0x7ff7085a3344]\nE       \t(No symbol) [0x0x7ff70857af73]\nE       \t(No symbol) [0x0x7ff7085441b1]\nE       \t(No symbol) [0x0x7ff708544f43]\nE       \tGetHandleVerifier [0x0x7ff708a1e1ed+3005069]\nE       \tGetHandleVerifier [0x0x7ff708a1831d+2980797]\nE       \tGetHandleVerifier [0x0x7ff708a37e0d+3110573]\nE       \tGetHandleVerifier [0x0x7ff70876d6de+184190]\nE       \tGetHandleVerifier [0x0x7ff70877516f+215567]\nE       \tGetHandleVerifier [0x0x7ff70875c974+115220]\nE       \tGetHandleVerifier [0x0x7ff70875cb29+115657]\nE       \tGetHandleVerifier [0x0x7ff708743268+11016]\nE       \tBaseThreadInitThunk [0x0x7ffb14f0e8d7+23]\nE       \tRtlUserThreadStart [0x0x7ffb1665c34c+44]\n\nC:\\Users\\sinth\\Downloads\\Movie_Ticket_Automation-master\\Movie_Ticket_Automation-master\\.venv\\Lib\\site-packages\\selenium\\webdriver\\remote\\errorhandler.py:232: WebDriverException\n\n------------------------------ Captured log setup ------------------------------\nINFO     root:conftest.py:31 Starting browser session with chrome...\nINFO     root:conftest.py:48 chrome browser launched successfully.\nINFO     root:conftest.py:54 URL opened successfully.\n\n------------------------------ Captured log call -------------------------------\nINFO     root:test_TC_Reg_12.py:13 TC_Reg_12 Started..\nINFO     root:test_TC_Reg_12.py:14 Verify Password Visibility Toggle\nINFO     root:registration_page.py:45 Sign Up for Free button clicked successfully.\nINFO     root:test_TC_Reg_12.py:28 Navigated to Sign Up page successfully.\nINFO     root:registration_page.py:159 Sign In link clicked successfully.\nINFO     root:test_TC_Reg_12.py:33 Navigated to Sign In page successfully.\nINFO     root:login_page.py:56 Password entered successfully in login form.\nINFO     root:test_TC_Reg_12.py:43 Password entered successfully.\n\n---------------------------- Captured log teardown -----------------------------\nINFO     root:conftest.py:58 Script complete.\nINFO     root:conftest.py:60 Ending browser session...\nINFO     root:conftest.py:61 ...................\nINFO     root:conftest.py:62 ...................&#34;}], &#34;tests/test_TC_Reg_16.py::test_tc_reg_16[test_case0]&#34;: [{&#34;extras&#34;: [], &#34;result&#34;: &#34;Failed&#34;, &#34;testId&#34;: &#34;tests/test_TC_Reg_16.py::test_tc_reg_16[test_case0]&#34;, &#34;duration&#34;: &#34;00:02:26&#34;, &#34;resultsTableRow&#34;: [&#34;&lt;td class=\&#34;col-result\&#34;&gt;Failed&lt;/td&gt;&#34;, &#34;&lt;td class=\&#34;col-testId\&#34;&gt;tests/test_TC_Reg_16.py::test_tc_reg_16[test_case0]&lt;/td&gt;&#34;, &#34;&lt;td class=\&#34;col-duration\&#34;&gt;00:02:26&lt;/td&gt;&#34;, &#34;&lt;td class=\&#34;col-links\&#34;&gt;&lt;/td&gt;&#34;], &#34;log&#34;: &#34;browser_config = (&amp;lt;selenium.webdriver.chrome.webdriver.WebDriver (session=&amp;quot;fc49cbde473a0bcbffceeefe03244a4f&amp;quot;)&amp;gt;, &amp;lt;selenium.webdriver.support.wait.WebDriverWait (session=&amp;quot;fc49cbde473a0bcbffceeefe03244a4f&amp;quot;)&amp;gt;)\ntest_case = {&amp;#x27;admission_portal&amp;#x27;: [{&amp;#x27;TC_AD_01&amp;#x27;: {&amp;#x27;_comment&amp;#x27;: &amp;#x27;Verify All Available Admissions Display on Main Page&amp;#x27;, &amp;#x27;expected_resu...nd navigate previous school information form&amp;#x27;, &amp;#x27;father_address&amp;#x27;: &amp;#x27;Dhaka&amp;#x27;, &amp;#x27;father_contact&amp;#x27;: &amp;#x27;01789571651&amp;#x27;, ...}}], ...}\n\n    @pytest.mark.parametrize(&amp;quot;test_case&amp;quot;, load_all_test_data(&amp;quot;../data/data.json&amp;quot;))\n    def test_tc_reg_16(browser_config, test_case):\n        &amp;quot;&amp;quot;&amp;quot;TC_Reg_16: Verify Page Responsive Design&amp;quot;&amp;quot;&amp;quot;\n        logging.info(&amp;quot;TC_Reg_16 Started..&amp;quot;)\n        logging.info(test_case[&amp;quot;registration&amp;quot;][15][&amp;quot;TC_Reg_16&amp;quot;][&amp;quot;_comment&amp;quot;])\n    \n        driver, wait = browser_config\n    \n        # Create objects for page classes\n        registration_page = RegistrationPage(driver, wait)\n        login_page = LoginPage(driver, wait)\n    \n        # Get test data\n        test_data = test_case[&amp;quot;registration&amp;quot;][15][&amp;quot;TC_Reg_16&amp;quot;]\n        test_devices = test_data[&amp;quot;test_devices&amp;quot;]\n    \n        # Define device dimensions\n        device_dimensions = {\n            &amp;quot;desktop&amp;quot;: {&amp;quot;width&amp;quot;: 1920, &amp;quot;height&amp;quot;: 1080},\n            &amp;quot;tablet&amp;quot;: {&amp;quot;width&amp;quot;: 768, &amp;quot;height&amp;quot;: 1024},\n            &amp;quot;mobile&amp;quot;: {&amp;quot;width&amp;quot;: 375, &amp;quot;height&amp;quot;: 667},\n            &amp;quot;mobile_large&amp;quot;: {&amp;quot;width&amp;quot;: 414, &amp;quot;height&amp;quot;: 896}\n        }\n    \n        responsive_test_results = {}\n    \n        # Test homepage responsiveness\n        try:\n            logging.info(&amp;quot;Testing homepage responsiveness...&amp;quot;)\n    \n            for device in test_devices:\n                if device in device_dimensions:\n                    dimensions = device_dimensions[device]\n    \n                    # Set browser window size\n                    driver.set_window_size(dimensions[&amp;quot;width&amp;quot;], dimensions[&amp;quot;height&amp;quot;])\n                    logging.info(f&amp;quot;Set browser size to {device}: {dimensions[&amp;#x27;width&amp;#x27;]}x{dimensions[&amp;#x27;height&amp;#x27;]}&amp;quot;)\n                    time.sleep(2)\n    \n                    # Navigate to homepage\n                    driver.get(&amp;quot;https://admission-test.doer.school/en&amp;quot;)\n                    time.sleep(3)\n    \n                    # Test homepage elements visibility and functionality\n                    try:\n                        # Check if heading is visible\n                        heading = registration_page.get_homepage_heading()\n                        if heading:\n                            logging.info(f&amp;quot;Homepage heading visible on {device}: {heading}&amp;quot;)\n                            responsive_test_results[f&amp;quot;homepage_{device}_heading&amp;quot;] = True\n                        else:\n                            logging.warning(f&amp;quot;data=========== {heading}&amp;quot;)\n                            logging.warning(f&amp;quot;Homepage heading not visible on {device}&amp;quot;)\n                            responsive_test_results[f&amp;quot;homepage_{device}_heading&amp;quot;] = False\n    \n                        # Test Sign Up button functionality\n                        registration_page.click_sign_up_for_free_button()\n                        logging.info(f&amp;quot;Sign Up button functional on {device}&amp;quot;)\n                        responsive_test_results[f&amp;quot;homepage_{device}_button&amp;quot;] = True\n    \n                        # Take screenshot for this device\n                        capture_full_page_screenshot(driver, f&amp;quot;TC_Reg_16_Homepage_{device}&amp;quot;)\n    \n                    except Exception as e:\n                        logging.error(f&amp;quot;Homepage functionality test failed on {device}: {e}&amp;quot;)\n                        responsive_test_results[f&amp;quot;homepage_{device}_button&amp;quot;] = False\n                        capture_full_page_screenshot(driver, f&amp;quot;TC_Reg_16_Homepage_{device}_Error&amp;quot;)\n    \n        except Exception as e:\n            logging.error(f&amp;quot;Homepage responsive testing failed: {e}&amp;quot;)\n            capture_full_page_screenshot(driver, &amp;quot;TC_Reg_16_Homepage_Responsive_Error&amp;quot;)\n            pytest.fail(f&amp;quot;Homepage responsive testing failed: {e}&amp;quot;)\n    \n        # Test Sign Up page responsiveness\n        try:\n            logging.info(&amp;quot;Testing Sign Up page responsiveness...&amp;quot;)\n    \n            for device in test_devices:\n                if device in device_dimensions:\n                    dimensions = device_dimensions[device]\n    \n                    # Set browser window size\n                    driver.set_window_size(dimensions[&amp;quot;width&amp;quot;], dimensions[&amp;quot;height&amp;quot;])\n                    logging.info(f&amp;quot;Testing Sign Up page on {device}: {dimensions[&amp;#x27;width&amp;#x27;]}x{dimensions[&amp;#x27;height&amp;#x27;]}&amp;quot;)\n                    time.sleep(2)\n    \n                    # Navigate to Sign Up page\n                    try:\n                        driver.get(&amp;quot;https://admission-test.doer.school/en&amp;quot;)\n                        time.sleep(2)\n                        registration_page.click_sign_up_for_free_button()\n                        time.sleep(3)\n    \n                        # Test Sign Up page elements\n                        signup_heading = registration_page.get_signup_heading()\n                        if signup_heading:\n                            logging.info(f&amp;quot;Sign Up heading visible on {device}&amp;quot;)\n                            responsive_test_results[f&amp;quot;signup_{device}_heading&amp;quot;] = True\n                        else:\n                            logging.warning(f&amp;quot;Sign Up heading not visible on {device}&amp;quot;)\n                            responsive_test_results[f&amp;quot;signup_{device}_heading&amp;quot;] = False\n    \n                        # Test form fields visibility\n                        expected_fields = [&amp;quot;Full Name&amp;quot;, &amp;quot;Email&amp;quot;, &amp;quot;Password&amp;quot;, &amp;quot;Confirm Password&amp;quot;]\n                        fields_visible = registration_page.verify_form_fields_present(expected_fields)\n    \n                        if fields_visible:\n                            logging.info(f&amp;quot;All form fields visible on {device}&amp;quot;)\n                            responsive_test_results[f&amp;quot;signup_{device}_fields&amp;quot;] = True\n                        else:\n                            logging.warning(f&amp;quot;Some form fields not visible on {device}&amp;quot;)\n                            responsive_test_results[f&amp;quot;signup_{device}_fields&amp;quot;] = False\n    \n                        # Test form interaction (enter sample data)\n                        try:\n                            registration_page.enter_full_name(&amp;quot;Test User&amp;quot;)\n                            registration_page.enter_email(&amp;quot;test@example.com&amp;quot;)\n                            registration_page.enter_password(&amp;quot;TestPass123&amp;quot;)\n                            registration_page.enter_confirm_password(&amp;quot;TestPass123&amp;quot;)\n    \n                            logging.info(f&amp;quot;Form interaction successful on {device}&amp;quot;)\n                            responsive_test_results[f&amp;quot;signup_{device}_interaction&amp;quot;] = True\n    \n                            # Clear fields for next test\n                            driver.refresh()\n                            time.sleep(2)\n    \n                        except Exception as e:\n                            logging.warning(f&amp;quot;Form interaction failed on {device}: {e}&amp;quot;)\n                            responsive_test_results[f&amp;quot;signup_{device}_interaction&amp;quot;] = False\n    \n                        # Take screenshot\n                        capture_full_page_screenshot(driver, f&amp;quot;TC_Reg_16_SignUp_{device}&amp;quot;)\n    \n                    except Exception as e:\n                        logging.error(f&amp;quot;Sign Up page testing failed on {device}: {e}&amp;quot;)\n                        responsive_test_results[f&amp;quot;signup_{device}&amp;quot;] = False\n                        capture_full_page_screenshot(driver, f&amp;quot;TC_Reg_16_SignUp_{device}_Error&amp;quot;)\n    \n        except Exception as e:\n            logging.error(f&amp;quot;Sign Up page responsive testing failed: {e}&amp;quot;)\n            capture_full_page_screenshot(driver, &amp;quot;TC_Reg_16_SignUp_Responsive_Error&amp;quot;)\n            # Continue test instead of failing\n            logging.warning(&amp;quot;Continuing with Sign In page testing...&amp;quot;)\n    \n        # Test Sign In page responsiveness\n        try:\n            logging.info(&amp;quot;Testing Sign In page responsiveness...&amp;quot;)\n    \n            for device in test_devices:\n                if device in device_dimensions:\n                    dimensions = device_dimensions[device]\n    \n                    # Set browser window size\n                    driver.set_window_size(dimensions[&amp;quot;width&amp;quot;], dimensions[&amp;quot;height&amp;quot;])\n                    logging.info(f&amp;quot;Testing Sign In page on {device}: {dimensions[&amp;#x27;width&amp;#x27;]}x{dimensions[&amp;#x27;height&amp;#x27;]}&amp;quot;)\n                    time.sleep(2)\n    \n                    # Navigate to Sign In page\n                    try:\n                        driver.get(&amp;quot;https://admission-test.doer.school/en&amp;quot;)\n                        time.sleep(2)\n                        registration_page.click_sign_up_for_free_button()\n                        time.sleep(2)\n                        registration_page.click_signin_link_from_signup()\n                        time.sleep(3)\n    \n                        # Test Sign In page elements\n                        signin_heading = login_page.get_signin_heading()\n                        if signin_heading:\n                            logging.info(f&amp;quot;Sign In heading visible on {device}&amp;quot;)\n                            responsive_test_results[f&amp;quot;signin_{device}_heading&amp;quot;] = True\n                        else:\n                            logging.warning(f&amp;quot;Sign In heading not visible on {device}&amp;quot;)\n                            responsive_test_results[f&amp;quot;signin_{device}_heading&amp;quot;] = False\n    \n                        # Test form elements visibility\n                        expected_elements = [&amp;quot;Email&amp;quot;, &amp;quot;Password&amp;quot;, &amp;quot;Keep me logged in&amp;quot;, &amp;quot;Log In&amp;quot;]\n                        elements_visible = login_page.verify_signin_form_elements(expected_elements)\n    \n                        if elements_visible:\n                            logging.info(f&amp;quot;All Sign In elements visible on {device}&amp;quot;)\n                            responsive_test_results[f&amp;quot;signin_{device}_elements&amp;quot;] = True\n                        else:\n                            logging.warning(f&amp;quot;Some Sign In elements not visible on {device}&amp;quot;)\n                            responsive_test_results[f&amp;quot;signin_{device}_elements&amp;quot;] = False\n    \n                        # Test form interaction\n                        try:\n                            login_page.enter_email(&amp;quot;test@example.com&amp;quot;)\n                            login_page.enter_password(&amp;quot;TestPass123&amp;quot;)\n    \n                            logging.info(f&amp;quot;Sign In form interaction successful on {device}&amp;quot;)\n                            responsive_test_results[f&amp;quot;signin_{device}_interaction&amp;quot;] = True\n    \n                            # Clear fields\n                            driver.refresh()\n                            time.sleep(2)\n    \n                        except Exception as e:\n                            logging.warning(f&amp;quot;Sign In form interaction failed on {device}: {e}&amp;quot;)\n                            responsive_test_results[f&amp;quot;signin_{device}_interaction&amp;quot;] = False\n    \n                        # Take screenshot\n                        capture_full_page_screenshot(driver, f&amp;quot;TC_Reg_16_SignIn_{device}&amp;quot;)\n    \n                    except Exception as e:\n                        logging.error(f&amp;quot;Sign In page testing failed on {device}: {e}&amp;quot;)\n                        responsive_test_results[f&amp;quot;signin_{device}&amp;quot;] = False\n                        capture_full_page_screenshot(driver, f&amp;quot;TC_Reg_16_SignIn_{device}_Error&amp;quot;)\n    \n        except Exception as e:\n            logging.error(f&amp;quot;Sign In page responsive testing failed: {e}&amp;quot;)\n            capture_full_page_screenshot(driver, &amp;quot;TC_Reg_16_SignIn_Responsive_Error&amp;quot;)\n            # Continue to validation\n    \n        # Additional mobile-specific tests\n        try:\n            logging.info(&amp;quot;Performing additional mobile-specific tests...&amp;quot;)\n    \n            # Test mobile portrait orientation\n            driver.set_window_size(375, 667)  # iPhone SE size\n            time.sleep(2)\n    \n            # Test touch-friendly elements (button sizes, spacing)\n            driver.get(&amp;quot;https://admission-test.doer.school/en&amp;quot;)\n            time.sleep(2)\n            registration_page.click_sign_up_for_free_button()\n            time.sleep(2)\n    \n            # Check if buttons are touch-friendly (minimum 44px height/width)\n            try:\n                signup_button = driver.find_element(By.CSS_SELECTOR, &amp;quot;button[type=&amp;#x27;submit&amp;#x27;], button:contains(&amp;#x27;Sign Up&amp;#x27;)&amp;quot;)\n                button_size = signup_button.size\n    \n                if button_size[&amp;#x27;height&amp;#x27;] &amp;gt;= 44 and button_size[&amp;#x27;width&amp;#x27;] &amp;gt;= 44:\n                    logging.info(f&amp;quot;Sign Up button is touch-friendly: {button_size}&amp;quot;)\n                    responsive_test_results[&amp;quot;mobile_touch_friendly&amp;quot;] = True\n                else:\n                    logging.warning(f&amp;quot;Sign Up button might not be touch-friendly: {button_size}&amp;quot;)\n                    responsive_test_results[&amp;quot;mobile_touch_friendly&amp;quot;] = False\n    \n            except Exception as e:\n                logging.warning(f&amp;quot;Touch-friendly button check failed: {e}&amp;quot;)\n                responsive_test_results[&amp;quot;mobile_touch_friendly&amp;quot;] = False\n    \n            # Test mobile landscape orientation\n            driver.set_window_size(667, 375)  # iPhone SE landscape\n            time.sleep(2)\n    \n            # Verify layout still works in landscape\n            try:\n                signup_heading = registration_page.get_signup_heading()\n                if signup_heading:\n                    logging.info(&amp;quot;Sign Up page functional in mobile landscape&amp;quot;)\n                    responsive_test_results[&amp;quot;mobile_landscape&amp;quot;] = True\n                else:\n                    logging.warning(&amp;quot;Sign Up page issues in mobile landscape&amp;quot;)\n                    responsive_test_results[&amp;quot;mobile_landscape&amp;quot;] = False\n            except Exception as e:\n                logging.warning(f&amp;quot;Mobile landscape test failed: {e}&amp;quot;)\n                responsive_test_results[&amp;quot;mobile_landscape&amp;quot;] = False\n    \n            capture_full_page_screenshot(driver, &amp;quot;TC_Reg_16_Mobile_Landscape&amp;quot;)\n    \n        except Exception as e:\n            logging.warning(f&amp;quot;Additional mobile tests failed: {e}&amp;quot;)\n    \n        # Reset to desktop size for final verification\n        driver.set_window_size(1920, 1080)\n        time.sleep(2)\n    \n        # Final validation and results analysis\n        try:\n            logging.info(&amp;quot;RESPONSIVE DESIGN TEST RESULTS SUMMARY:&amp;quot;)\n    \n            total_tests = len(responsive_test_results)\n            passed_tests = sum(1 for result in responsive_test_results.values() if result)\n    \n            logging.info(f&amp;quot;Total tests: {total_tests}&amp;quot;)\n            logging.info(f&amp;quot;Passed tests: {passed_tests}&amp;quot;)\n            logging.info(f&amp;quot;Success rate: {(passed_tests / total_tests) * 100:.1f}%&amp;quot;)\n    \n            # Log detailed results\n            for test_name, result in responsive_test_results.items():\n                status = &amp;quot;PASS&amp;quot; if result else &amp;quot;FAIL&amp;quot;\n                logging.info(f&amp;quot;{test_name}: {status}&amp;quot;)\n    \n            # Determine overall test result\n            # Consider test passed if at least 80% of responsive tests pass\n            success_threshold = 0.8\n            success_rate = passed_tests / total_tests if total_tests &amp;gt; 0 else 0\n    \n            if success_rate &amp;gt;= success_threshold:\n                expected_result = test_data[&amp;quot;expected_result&amp;quot;]\n                logging.info(f&amp;quot;Test Passed. {expected_result}&amp;quot;)\n                logging.info(f&amp;quot;Responsive design verification successful with {success_rate * 100:.1f}% pass rate.&amp;quot;)\n            else:\n                logging.error(\n                    f&amp;quot;Responsive design test failed. Success rate: {success_rate * 100:.1f}% (threshold: {success_threshold * 100}%)&amp;quot;)\n                capture_full_page_screenshot(driver, &amp;quot;TC_Reg_16_Overall_Failed&amp;quot;)\n    \n                # Log specific failures\n                failed_tests = [test for test, result in responsive_test_results.items() if not result]\n                logging.error(f&amp;quot;Failed tests: {failed_tests}&amp;quot;)\n    \n&amp;gt;               pytest.fail(f&amp;quot;Responsive design test failed. Success rate: {success_rate * 100:.1f}%&amp;quot;)\nE               Failed: Responsive design test failed. Success rate: 66.7%\n\ntests\\test_TC_Reg_16.py:318: Failed\n\n------------------------------ Captured log setup ------------------------------\nINFO     root:conftest.py:31 Starting browser session with chrome...\nINFO     root:conftest.py:48 chrome browser launched successfully.\nINFO     root:conftest.py:54 URL opened successfully.\n\n------------------------------ Captured log call -------------------------------\nINFO     root:test_TC_Reg_16.py:15 TC_Reg_16 Started..\nINFO     root:test_TC_Reg_16.py:16 Verify Page Responsive Design\nINFO     root:test_TC_Reg_16.py:40 Testing homepage responsiveness...\nINFO     root:test_TC_Reg_16.py:48 Set browser size to desktop: 1920x1080\nINFO     root:test_TC_Reg_16.py:60 Homepage heading visible on desktop: Your Child&amp;#x27;s Future Begins Here\nINFO     root:registration_page.py:45 Sign Up for Free button clicked successfully.\nINFO     root:test_TC_Reg_16.py:69 Sign Up button functional on desktop\nINFO     root:test_TC_Reg_16.py:48 Set browser size to mobile: 375x667\nWARNING  root:test_TC_Reg_16.py:63 data=========== \nWARNING  root:test_TC_Reg_16.py:64 Homepage heading not visible on mobile\nERROR    root:registration_page.py:47 Sign Up for Free button not found: Message: \n\nERROR    root:test_TC_Reg_16.py:76 Homepage functionality test failed on mobile: Message: \n\nINFO     root:test_TC_Reg_16.py:87 Testing Sign Up page responsiveness...\nINFO     root:test_TC_Reg_16.py:95 Testing Sign Up page on desktop: 1920x1080\nINFO     root:registration_page.py:45 Sign Up for Free button clicked successfully.\nINFO     root:test_TC_Reg_16.py:108 Sign Up heading visible on desktop\nINFO     root:test_TC_Reg_16.py:119 All form fields visible on desktop\nINFO     root:registration_page.py:82 Full Name entered successfully.\nINFO     root:registration_page.py:95 Email entered successfully.\nINFO     root:registration_page.py:109 Password entered successfully.\nINFO     root:registration_page.py:123 Confirm Password entered successfully.\nINFO     root:test_TC_Reg_16.py:132 Form interaction successful on desktop\nINFO     root:test_TC_Reg_16.py:95 Testing Sign Up page on mobile: 375x667\nERROR    root:registration_page.py:47 Sign Up for Free button not found: Message: \n\nERROR    root:test_TC_Reg_16.py:147 Sign Up page testing failed on mobile: Message: \n\nINFO     root:test_TC_Reg_16.py:159 Testing Sign In page responsiveness...\nINFO     root:test_TC_Reg_16.py:167 Testing Sign In page on desktop: 1920x1080\nINFO     root:registration_page.py:45 Sign Up for Free button clicked successfully.\nINFO     root:registration_page.py:159 Sign In link clicked successfully.\nINFO     root:test_TC_Reg_16.py:182 Sign In heading visible on desktop\nINFO     root:test_TC_Reg_16.py:193 All Sign In elements visible on desktop\nINFO     root:login_page.py:42 Email entered successfully in login form.\nINFO     root:login_page.py:56 Password entered successfully in login form.\nINFO     root:test_TC_Reg_16.py:204 Sign In form interaction successful on desktop\nINFO     root:test_TC_Reg_16.py:167 Testing Sign In page on mobile: 375x667\nERROR    root:registration_page.py:47 Sign Up for Free button not found: Message: \n\nERROR    root:test_TC_Reg_16.py:219 Sign In page testing failed on mobile: Message: \n\nINFO     root:test_TC_Reg_16.py:230 Performing additional mobile-specific tests...\nERROR    root:registration_page.py:47 Sign Up for Free button not found: Message: \n\nWARNING  root:test_TC_Reg_16.py:278 Additional mobile tests failed: Message: \n\nINFO     root:test_TC_Reg_16.py:286 RESPONSIVE DESIGN TEST RESULTS SUMMARY:\nINFO     root:test_TC_Reg_16.py:291 Total tests: 12\nINFO     root:test_TC_Reg_16.py:292 Passed tests: 8\nINFO     root:test_TC_Reg_16.py:293 Success rate: 66.7%\nINFO     root:test_TC_Reg_16.py:298 homepage_desktop_heading: PASS\nINFO     root:test_TC_Reg_16.py:298 homepage_desktop_button: PASS\nINFO     root:test_TC_Reg_16.py:298 homepage_mobile_heading: FAIL\nINFO     root:test_TC_Reg_16.py:298 homepage_mobile_button: FAIL\nINFO     root:test_TC_Reg_16.py:298 signup_desktop_heading: PASS\nINFO     root:test_TC_Reg_16.py:298 signup_desktop_fields: PASS\nINFO     root:test_TC_Reg_16.py:298 signup_desktop_interaction: PASS\nINFO     root:test_TC_Reg_16.py:298 signup_mobile: FAIL\nINFO     root:test_TC_Reg_16.py:298 signin_desktop_heading: PASS\nINFO     root:test_TC_Reg_16.py:298 signin_desktop_elements: PASS\nINFO     root:test_TC_Reg_16.py:298 signin_desktop_interaction: PASS\nINFO     root:test_TC_Reg_16.py:298 signin_mobile: FAIL\nERROR    root:test_TC_Reg_16.py:310 Responsive design test failed. Success rate: 66.7% (threshold: 80.0%)\nERROR    root:test_TC_Reg_16.py:316 Failed tests: [&amp;#x27;homepage_mobile_heading&amp;#x27;, &amp;#x27;homepage_mobile_button&amp;#x27;, &amp;#x27;signup_mobile&amp;#x27;, &amp;#x27;signin_mobile&amp;#x27;]\n\n---------------------------- Captured log teardown -----------------------------\nINFO     root:conftest.py:58 Script complete.\nINFO     root:conftest.py:60 Ending browser session...\nINFO     root:conftest.py:61 ...................\nINFO     root:conftest.py:62 ...................&#34;}], &#34;tests/test_TC_Val_01.py::test_tc_val_01[test_case0]&#34;: [{&#34;extras&#34;: [], &#34;result&#34;: &#34;Passed&#34;, &#34;testId&#34;: &#34;tests/test_TC_Val_01.py::test_tc_val_01[test_case0]&#34;, &#34;duration&#34;: &#34;00:00:17&#34;, &#34;resultsTableRow&#34;: [&#34;&lt;td class=\&#34;col-result\&#34;&gt;Passed&lt;/td&gt;&#34;, &#34;&lt;td class=\&#34;col-testId\&#34;&gt;tests/test_TC_Val_01.py::test_tc_val_01[test_case0]&lt;/td&gt;&#34;, &#34;&lt;td class=\&#34;col-duration\&#34;&gt;00:00:17&lt;/td&gt;&#34;, &#34;&lt;td class=\&#34;col-links\&#34;&gt;&lt;/td&gt;&#34;], &#34;log&#34;: &#34;------------------------------ Captured log setup ------------------------------\nINFO     root:conftest.py:31 Starting browser session with chrome...\nINFO     root:conftest.py:48 chrome browser launched successfully.\nINFO     root:conftest.py:54 URL opened successfully.\n\n------------------------------ Captured log call -------------------------------\nINFO     root:test_TC_Val_01.py:13 TC_Val_01 Started..\nINFO     root:test_TC_Val_01.py:14 Verify registration fails with empty Full Name\nINFO     root:registration_page.py:45 Sign Up for Free button clicked successfully.\nINFO     root:test_TC_Val_01.py:27 Navigated to Sign Up page successfully.\nINFO     root:registration_page.py:82 Full Name entered successfully.\nINFO     root:test_TC_Val_01.py:37 Empty Full Name entered successfully.\nINFO     root:registration_page.py:95 Email entered successfully.\nINFO     root:test_TC_Val_01.py:46 Valid Email entered successfully.\nINFO     root:registration_page.py:109 Password entered successfully.\nINFO     root:test_TC_Val_01.py:55 Valid Password entered successfully.\nINFO     root:registration_page.py:123 Confirm Password entered successfully.\nINFO     root:test_TC_Val_01.py:64 Valid Confirm Password entered successfully.\nINFO     root:registration_page.py:135 Sign Up button clicked successfully.\nINFO     root:test_TC_Val_01.py:76 Sign Up button clicked successfully.\nINFO     root:test_TC_Val_01.py:88 Actual error message: {actual_error_message}\nINFO     root:test_TC_Val_01.py:91 Test Passed. Expected Error Message matches with Actual Error Message.\nINFO     root:test_TC_Val_01.py:92 Expected: Please input your full name!\nINFO     root:test_TC_Val_01.py:93 Actual: Please input your full name!\nINFO     root:test_TC_Val_01.py:129 Registration correctly prevented with invalid Full Name\nINFO     root:test_TC_Val_01.py:133 TC_Val_01 Completed..\n\n---------------------------- Captured log teardown -----------------------------\nINFO     root:conftest.py:58 Script complete.\nINFO     root:conftest.py:60 Ending browser session...\nINFO     root:conftest.py:61 ...................\nINFO     root:conftest.py:62 ...................&#34;}], &#34;tests/test_TC_Val_03.py::test_tc_val_03[test_case0]&#34;: [{&#34;extras&#34;: [], &#34;result&#34;: &#34;Passed&#34;, &#34;testId&#34;: &#34;tests/test_TC_Val_03.py::test_tc_val_03[test_case0]&#34;, &#34;duration&#34;: &#34;00:00:12&#34;, &#34;resultsTableRow&#34;: [&#34;&lt;td class=\&#34;col-result\&#34;&gt;Passed&lt;/td&gt;&#34;, &#34;&lt;td class=\&#34;col-testId\&#34;&gt;tests/test_TC_Val_03.py::test_tc_val_03[test_case0]&lt;/td&gt;&#34;, &#34;&lt;td class=\&#34;col-duration\&#34;&gt;00:00:12&lt;/td&gt;&#34;, &#34;&lt;td class=\&#34;col-links\&#34;&gt;&lt;/td&gt;&#34;], &#34;log&#34;: &#34;------------------------------ Captured log setup ------------------------------\nINFO     root:conftest.py:31 Starting browser session with chrome...\nINFO     root:conftest.py:48 chrome browser launched successfully.\nINFO     root:conftest.py:54 URL opened successfully.\n\n------------------------------ Captured log call -------------------------------\nINFO     root:test_TC_Val_03.py:15 TC_Val_03 Started..\nINFO     root:test_TC_Val_03.py:16 Verify registration fails with invalid Email (without @)\nINFO     root:registration_page.py:45 Sign Up for Free button clicked successfully.\nINFO     root:test_TC_Val_03.py:29 Navigated to Sign Up page successfully.\nINFO     root:registration_page.py:82 Full Name entered successfully.\nINFO     root:test_TC_Val_03.py:39 Valid Full Name entered successfully.\nINFO     root:registration_page.py:95 Email entered successfully.\nINFO     root:test_TC_Val_03.py:48 Invalid Email &amp;#x27;test&amp;#x27; entered successfully.\nINFO     root:registration_page.py:109 Password entered successfully.\nINFO     root:test_TC_Val_03.py:57 Valid Password entered successfully.\nINFO     root:registration_page.py:123 Confirm Password entered successfully.\nINFO     root:test_TC_Val_03.py:66 Valid Confirm Password entered successfully.\nINFO     root:registration_page.py:135 Sign Up button clicked successfully.\nINFO     root:test_TC_Val_03.py:78 Sign Up button clicked successfully.\nINFO     root:test_TC_Val_03.py:91 Test Passed. Expected Error Message matches with Actual Error Message.\nINFO     root:test_TC_Val_03.py:92 Expected: Please enter a valid email!\nINFO     root:test_TC_Val_03.py:93 Actual: Please enter a valid email!\nINFO     root:test_TC_Val_03.py:129 Registration correctly prevented with invalid email format\nINFO     root:test_TC_Val_03.py:135 Test completed with invalid email format: &amp;#x27;test&amp;#x27;\nINFO     root:test_TC_Val_03.py:137 TC_Val_03 Completed..\n\n---------------------------- Captured log teardown -----------------------------\nINFO     root:conftest.py:58 Script complete.\nINFO     root:conftest.py:60 Ending browser session...\nINFO     root:conftest.py:61 ...................\nINFO     root:conftest.py:62 ...................&#34;}], &#34;tests/test_TC_Val_07.py::test_tc_val_07[test_case0]&#34;: [{&#34;extras&#34;: [], &#34;result&#34;: &#34;Passed&#34;, &#34;testId&#34;: &#34;tests/test_TC_Val_07.py::test_tc_val_07[test_case0]&#34;, &#34;duration&#34;: &#34;00:00:13&#34;, &#34;resultsTableRow&#34;: [&#34;&lt;td class=\&#34;col-result\&#34;&gt;Passed&lt;/td&gt;&#34;, &#34;&lt;td class=\&#34;col-testId\&#34;&gt;tests/test_TC_Val_07.py::test_tc_val_07[test_case0]&lt;/td&gt;&#34;, &#34;&lt;td class=\&#34;col-duration\&#34;&gt;00:00:13&lt;/td&gt;&#34;, &#34;&lt;td class=\&#34;col-links\&#34;&gt;&lt;/td&gt;&#34;], &#34;log&#34;: &#34;------------------------------ Captured log setup ------------------------------\nINFO     root:conftest.py:31 Starting browser session with chrome...\nINFO     root:conftest.py:48 chrome browser launched successfully.\nINFO     root:conftest.py:54 URL opened successfully.\n\n------------------------------ Captured log call -------------------------------\nINFO     root:test_TC_Val_07.py:15 TC_Val_07 Started..\nINFO     root:test_TC_Val_07.py:16 Verify registration fails with mismatched passwords\nINFO     root:registration_page.py:45 Sign Up for Free button clicked successfully.\nINFO     root:test_TC_Val_07.py:29 Navigated to Sign Up page successfully.\nINFO     root:registration_page.py:82 Full Name entered successfully.\nINFO     root:test_TC_Val_07.py:39 Valid Full Name entered successfully.\nINFO     root:registration_page.py:95 Email entered successfully.\nINFO     root:test_TC_Val_07.py:48 Valid Email entered successfully.\nINFO     root:registration_page.py:109 Password entered successfully.\nINFO     root:test_TC_Val_07.py:57 Password &amp;#x27;TestPass123&amp;#x27; entered successfully.\nINFO     root:registration_page.py:123 Confirm Password entered successfully.\nINFO     root:test_TC_Val_07.py:66 Mismatched Confirm Password &amp;#x27;TestPass456&amp;#x27; entered successfully.\nINFO     root:registration_page.py:135 Sign Up button clicked successfully.\nINFO     root:test_TC_Val_07.py:78 Sign Up button clicked successfully.\nINFO     root:test_TC_Val_07.py:119 Test Passed. Expected Error Message matches with Actual Error Message.\nINFO     root:test_TC_Val_07.py:120 Expected: The two passwords do not match!\nINFO     root:test_TC_Val_07.py:121 Actual: The two passwords do not match!\nINFO     root:test_TC_Val_07.py:157 Registration correctly prevented with mismatched passwords\nINFO     root:test_TC_Val_07.py:163 Password mismatch test completed:\nINFO     root:test_TC_Val_07.py:164 Password: TestPass123\nINFO     root:test_TC_Val_07.py:165 Confirm Password: TestPass456\nINFO     root:test_TC_Val_07.py:166 Registration correctly rejected due to password mismatch.\nINFO     root:test_TC_Val_07.py:168 TC_Val_07 Completed..\n\n---------------------------- Captured log teardown -----------------------------\nINFO     root:conftest.py:58 Script complete.\nINFO     root:conftest.py:60 Ending browser session...\nINFO     root:conftest.py:61 ...................\nINFO     root:conftest.py:62 ...................&#34;}], &#34;tests/admission/test_TC_AD_01.py::test_tc_ad_01[test_case0]&#34;: [{&#34;extras&#34;: [], &#34;result&#34;: &#34;Passed&#34;, &#34;testId&#34;: &#34;tests/admission/test_TC_AD_01.py::test_tc_ad_01[test_case0]&#34;, &#34;duration&#34;: &#34;00:00:08&#34;, &#34;resultsTableRow&#34;: [&#34;&lt;td class=\&#34;col-result\&#34;&gt;Passed&lt;/td&gt;&#34;, &#34;&lt;td class=\&#34;col-testId\&#34;&gt;tests/admission/test_TC_AD_01.py::test_tc_ad_01[test_case0]&lt;/td&gt;&#34;, &#34;&lt;td class=\&#34;col-duration\&#34;&gt;00:00:08&lt;/td&gt;&#34;, &#34;&lt;td class=\&#34;col-links\&#34;&gt;&lt;/td&gt;&#34;], &#34;log&#34;: &#34;------------------------------ Captured log setup ------------------------------\nINFO     root:conftest.py:31 Starting browser session with chrome...\nINFO     root:conftest.py:48 chrome browser launched successfully.\nINFO     root:conftest.py:54 URL opened successfully.\n\n------------------------------ Captured log call -------------------------------\nINFO     root:test_TC_AD_01.py:17 TC_AD_01 Started..\nINFO     root:test_TC_AD_01.py:18 Verify All Available Admissions Display on Main Page\nINFO     root:test_TC_AD_01.py:33 Admission cards container is visible. Starting test...\nINFO     root:test_TC_AD_01.py:38 Admission cards are visible successfully.\nINFO     root:test_TC_AD_01.py:48 Total admission cards displayed: 4\nINFO     root:test_TC_AD_01.py:51 Test Passed. Admission cards are displayed with required information.\nINFO     root:test_TC_AD_01.py:67 TC_AD_01 Completed..\n\n---------------------------- Captured log teardown -----------------------------\nINFO     root:conftest.py:58 Script complete.\nINFO     root:conftest.py:60 Ending browser session...\nINFO     root:conftest.py:61 ...................\nINFO     root:conftest.py:62 ...................&#34;}], &#34;tests/admission/test_TC_AD_02.py::test_tc_ad_02[test_case0]&#34;: [{&#34;extras&#34;: [], &#34;result&#34;: &#34;Passed&#34;, &#34;testId&#34;: &#34;tests/admission/test_TC_AD_02.py::test_tc_ad_02[test_case0]&#34;, &#34;duration&#34;: &#34;00:00:24&#34;, &#34;resultsTableRow&#34;: [&#34;&lt;td class=\&#34;col-result\&#34;&gt;Passed&lt;/td&gt;&#34;, &#34;&lt;td class=\&#34;col-testId\&#34;&gt;tests/admission/test_TC_AD_02.py::test_tc_ad_02[test_case0]&lt;/td&gt;&#34;, &#34;&lt;td class=\&#34;col-duration\&#34;&gt;00:00:24&lt;/td&gt;&#34;, &#34;&lt;td class=\&#34;col-links\&#34;&gt;&lt;/td&gt;&#34;], &#34;log&#34;: &#34;------------------------------ Captured log setup ------------------------------\nINFO     root:conftest.py:31 Starting browser session with chrome...\nINFO     root:conftest.py:48 chrome browser launched successfully.\nINFO     root:conftest.py:54 URL opened successfully.\n\n------------------------------ Captured log call -------------------------------\nINFO     root:test_TC_AD_02.py:11 TC_AD_02 Started..\nINFO     root:test_TC_AD_02.py:12 Verify Admission Search by School Name Functionality\nINFO     root:admission_portal_page.py:57 Dropdown selector clicked successfully\nWARNING  root:admission_portal_page.py:75 Direct input method failed: Message: no such element: Unable to locate element: {&amp;quot;method&amp;quot;:&amp;quot;css selector&amp;quot;,&amp;quot;selector&amp;quot;:&amp;quot;#rc_select_8&amp;quot;}\n  (Session info: chrome=139.0.7258.157); For documentation on this error, please visit: https://www.selenium.dev/documentation/webdriver/troubleshooting/errors#nosuchelementexception\nStacktrace:\n\tGetHandleVerifier [0x0x7ff708753d85+79397]\n\tGetHandleVerifier [0x0x7ff708753de0+79488]\n\t(No symbol) [0x0x7ff7084fc0fa]\n\t(No symbol) [0x0x7ff708552fd6]\n\t(No symbol) [0x0x7ff70855328c]\n\t(No symbol) [0x0x7ff7085a6537]\n\t(No symbol) [0x0x7ff70857b1df]\n\t(No symbol) [0x0x7ff7085a3344]\n\t(No symbol) [0x0x7ff70857af73]\n\t(No symbol) [0x0x7ff7085441b1]\n\t(No symbol) [0x0x7ff708544f43]\n\tGetHandleVerifier [0x0x7ff708a1e1ed+3005069]\n\tGetHandleVerifier [0x0x7ff708a1831d+2980797]\n\tGetHandleVerifier [0x0x7ff708a37e0d+3110573]\n\tGetHandleVerifier [0x0x7ff70876d6de+184190]\n\tGetHandleVerifier [0x0x7ff70877516f+215567]\n\tGetHandleVerifier [0x0x7ff70875c974+115220]\n\tGetHandleVerifier [0x0x7ff70875cb29+115657]\n\tGetHandleVerifier [0x0x7ff708743268+11016]\n\tBaseThreadInitThunk [0x0x7ffb14f0e8d7+23]\n\tRtlUserThreadStart [0x0x7ffb1665c34c+44]\n\nINFO     root:admission_portal_page.py:88 JavaScript input method result: Input not found\nINFO     root:admission_portal_page.py:100 Option selected using standard selector\nINFO     root:admission_portal_page.py:144 Dropdown interaction completed successfully\nINFO     root:test_TC_AD_02.py:30 School name &amp;#x27;Test School&amp;#x27; entered successfully in search field.\nINFO     root:test_TC_AD_02.py:39 Search button clicked successfully.\nINFO     root:test_TC_AD_02.py:48 Displayed schools after search: showing 1 school\nINFO     root:test_TC_AD_02.py:53 Test Passed. Only Test School admissions are displayed\nINFO     root:test_TC_AD_02.py:69 TC_AD_02 Completed..\n\n---------------------------- Captured log teardown -----------------------------\nINFO     root:conftest.py:58 Script complete.\nINFO     root:conftest.py:60 Ending browser session...\nINFO     root:conftest.py:61 ...................\nINFO     root:conftest.py:62 ...................&#34;}], &#34;tests/admission/test_TC_AD_07.py::test_tc_ad_07[test_case0]&#34;: [{&#34;extras&#34;: [], &#34;result&#34;: &#34;Passed&#34;, &#34;testId&#34;: &#34;tests/admission/test_TC_AD_07.py::test_tc_ad_07[test_case0]&#34;, &#34;duration&#34;: &#34;00:00:21&#34;, &#34;resultsTableRow&#34;: [&#34;&lt;td class=\&#34;col-result\&#34;&gt;Passed&lt;/td&gt;&#34;, &#34;&lt;td class=\&#34;col-testId\&#34;&gt;tests/admission/test_TC_AD_07.py::test_tc_ad_07[test_case0]&lt;/td&gt;&#34;, &#34;&lt;td class=\&#34;col-duration\&#34;&gt;00:00:21&lt;/td&gt;&#34;, &#34;&lt;td class=\&#34;col-links\&#34;&gt;&lt;/td&gt;&#34;], &#34;log&#34;: &#34;------------------------------ Captured log setup ------------------------------\nINFO     root:conftest.py:31 Starting browser session with chrome...\nINFO     root:conftest.py:48 chrome browser launched successfully.\nINFO     root:conftest.py:54 URL opened successfully.\n\n----------------------------- Captured stdout call -----------------------------\nSuccessfully clicked Apply Now button using normal click\n\n------------------------------ Captured log call -------------------------------\nINFO     root:test_TC_AD_07.py:11 TC_AD_07 Started..\nINFO     root:test_TC_AD_07.py:12 Verify Apply Now Button to Start Application\nINFO     root:test_TC_AD_07.py:28 Apply Now button clicked successfully.\nINFO     root:test_TC_AD_07.py:41 Current URL after clicking Apply Now: https://admission-test.doer.school/en/sign-in\nINFO     root:test_TC_AD_07.py:45 Test Passed. Navigate to Student Information form\nINFO     root:test_TC_AD_07.py:46 \u2705 Successfully redirected to login page for non-logged in user.\nINFO     root:test_TC_AD_07.py:64 TC_AD_07 Completed..\n\n---------------------------- Captured log teardown -----------------------------\nINFO     root:conftest.py:58 Script complete.\nINFO     root:conftest.py:60 Ending browser session...\nINFO     root:conftest.py:61 ...................\nINFO     root:conftest.py:62 ...................&#34;}], &#34;tests/admission/test_TC_AD_09.py::test_tc_ad_09_with_login[test_case0]&#34;: [{&#34;extras&#34;: [], &#34;result&#34;: &#34;Passed&#34;, &#34;testId&#34;: &#34;tests/admission/test_TC_AD_09.py::test_tc_ad_09_with_login[test_case0]&#34;, &#34;duration&#34;: &#34;00:00:46&#34;, &#34;resultsTableRow&#34;: [&#34;&lt;td class=\&#34;col-result\&#34;&gt;Passed&lt;/td&gt;&#34;, &#34;&lt;td class=\&#34;col-testId\&#34;&gt;tests/admission/test_TC_AD_09.py::test_tc_ad_09_with_login[test_case0]&lt;/td&gt;&#34;, &#34;&lt;td class=\&#34;col-duration\&#34;&gt;00:00:46&lt;/td&gt;&#34;, &#34;&lt;td class=\&#34;col-links\&#34;&gt;&lt;/td&gt;&#34;], &#34;log&#34;: &#34;------------------------------ Captured log setup ------------------------------\nINFO     root:conftest.py:31 Starting browser session with chrome...\nINFO     root:conftest.py:48 chrome browser launched successfully.\nINFO     root:conftest.py:54 URL opened successfully.\n\n----------------------------- Captured stdout call -----------------------------\nSuccessfully clicked Apply Now button using normal click\n\n------------------------------ Captured log call -------------------------------\nINFO     root:test_TC_AD_09.py:14 TC_AD_09 with Login Started..\nINFO     root:test_TC_AD_09.py:15 Verify Student Personal Information Form with Valid Data\nINFO     root:login_utils.py:25 Starting login process for TC_AD_09\nINFO     root:registration_page.py:45 Sign Up for Free button clicked successfully.\nINFO     root:login_utils.py:34 Navigated to Sign Up page successfully.\nINFO     root:registration_page.py:159 Sign In link clicked successfully.\nINFO     root:login_utils.py:39 Navigated to Sign In page successfully.\nINFO     root:login_utils.py:51 Sign In page loaded successfully.\nINFO     root:login_page.py:42 Email entered successfully in login form.\nINFO     root:login_utils.py:64 Email entered successfully in login form.\nINFO     root:login_page.py:56 Password entered successfully in login form.\nINFO     root:login_utils.py:73 Password entered successfully in login form.\nINFO     root:login_page.py:107 Log In button clicked successfully.\nINFO     root:login_utils.py:85 Log In button clicked successfully.\nINFO     root:login_utils.py:101 Login success message found: Login successful!\nINFO     root:login_utils.py:146 User authentication indicators found - login confirmed\nINFO     root:login_utils.py:150 Login completed successfully for user: john.doe.test__18@gmail.com\nINFO     root:test_TC_AD_09.py:30 Login completed successfully before admission form\nINFO     root:test_TC_AD_09.py:46 Apply Now button clicked successfully.\nINFO     root:test_TC_AD_09.py:57 Full Name &amp;#x27;John Doe&amp;#x27; entered successfully.\nINFO     root:test_TC_AD_09.py:66 Gender &amp;#x27;Male&amp;#x27; selected successfully.\nINFO     root:test_TC_AD_09.py:75 Date of Birth &amp;#x27;2000-05-15&amp;#x27; entered successfully.\nINFO     root:test_TC_AD_09.py:93 Nationality &amp;#x27;Bangladeshi&amp;#x27; selected successfully.\nINFO     root:test_TC_AD_09.py:102 Religion &amp;#x27;Islam&amp;#x27; selected successfully.\nINFO     root:test_TC_AD_09.py:111 Contact number &amp;#x27;01712345678&amp;#x27; entered successfully.\nINFO     root:test_TC_AD_09.py:120 Email &amp;#x27;john@example.com&amp;#x27; entered successfully.\nINFO     root:test_TC_AD_09.py:129 Present Address &amp;#x27;mohakhali&amp;#x27; entered successfully.\nINFO     root:test_TC_AD_09.py:138 Save &amp;amp; Continue button clicked successfully.\nINFO     root:test_TC_AD_09.py:152 Test Passed. All fields successfully accepted valid inputs without any errors\nINFO     root:test_TC_AD_09.py:165 TC_AD_09 with Login Completed..\n\n---------------------------- Captured log teardown -----------------------------\nINFO     root:conftest.py:58 Script complete.\nINFO     root:conftest.py:60 Ending browser session...\nINFO     root:conftest.py:61 ...................\nINFO     root:conftest.py:62 ...................&#34;}], &#34;tests/admission/test_TC_AD_10.py::test_admission_complete_flow[test_case0]&#34;: [{&#34;extras&#34;: [], &#34;result&#34;: &#34;Failed&#34;, &#34;testId&#34;: &#34;tests/admission/test_TC_AD_10.py::test_admission_complete_flow[test_case0]&#34;, &#34;duration&#34;: &#34;00:00:12&#34;, &#34;resultsTableRow&#34;: [&#34;&lt;td class=\&#34;col-result\&#34;&gt;Failed&lt;/td&gt;&#34;, &#34;&lt;td class=\&#34;col-testId\&#34;&gt;tests/admission/test_TC_AD_10.py::test_admission_complete_flow[test_case0]&lt;/td&gt;&#34;, &#34;&lt;td class=\&#34;col-duration\&#34;&gt;00:00:12&lt;/td&gt;&#34;, &#34;&lt;td class=\&#34;col-links\&#34;&gt;&lt;/td&gt;&#34;], &#34;log&#34;: &#34;browser_config = (&amp;lt;selenium.webdriver.chrome.webdriver.WebDriver (session=&amp;quot;7b4e59f804ee1801b5c2355d660fce2f&amp;quot;)&amp;gt;, &amp;lt;selenium.webdriver.support.wait.WebDriverWait (session=&amp;quot;7b4e59f804ee1801b5c2355d660fce2f&amp;quot;)&amp;gt;)\ntest_case = {&amp;#x27;admission_portal&amp;#x27;: [{&amp;#x27;TC_AD_01&amp;#x27;: {&amp;#x27;_comment&amp;#x27;: &amp;#x27;Verify All Available Admissions Display on Main Page&amp;#x27;, &amp;#x27;expected_resu...nd navigate previous school information form&amp;#x27;, &amp;#x27;father_address&amp;#x27;: &amp;#x27;Dhaka&amp;#x27;, &amp;#x27;father_contact&amp;#x27;: &amp;#x27;01789571651&amp;#x27;, ...}}], ...}\nself = None\n\n    @pytest.mark.parametrize(&amp;quot;test_case&amp;quot;, load_all_test_data(&amp;quot;../data/data.json&amp;quot;))\n    def test_admission_complete_flow(browser_config, test_case, self=None):\n        &amp;quot;&amp;quot;&amp;quot;\n        Comprehensive test covering the entire admission form flow:\n        - Login (if required)\n        - Student Information (TC_AD_09/TC_AD_10)\n        - Guardian Information (TC_AD_12)\n        - Document Upload (TC_AD_14)\n        - Application Review &amp;amp; Submission (TC_AD_15)\n        &amp;quot;&amp;quot;&amp;quot;\n        logging.info(&amp;quot;=== ADMISSION COMPLETE FLOW TEST STARTED ===&amp;quot;)\n    \n        driver, wait = browser_config\n        draft_id = None  # Track draft_id throughout the flow\n    \n        # Initialize page objects\n        admission_portal_page = AdmissionPortalPage(driver, wait)\n        student_info_page = StudentInformationPage(driver, wait)\n        guardian_info_page = GuardianInformationPage(driver, wait)\n        previous_school_page = PreviousSchoolPage(driver, wait)\n        document_upload_page = DocumentUploadPage(driver, wait)\n        application_review_page = ApplicationReviewPage(driver, wait)\n    \n        try:\n            # =============================================\n            # STEP 1: LOGIN (if login data is provided)\n            # =============================================\n            if &amp;quot;registration&amp;quot; in test_case and len(test_case[&amp;quot;registration&amp;quot;]) &amp;gt; 5:\n                logging.info(&amp;quot;STEP 1: Performing Login...&amp;quot;)\n                login_data = test_case[&amp;quot;registration&amp;quot;][5][&amp;quot;TC_Reg_06&amp;quot;]\n    \n                try:\n&amp;gt;                   perform_login(driver, wait, login_data, &amp;quot;ADMISSION_FLOW&amp;quot;)\n\ntests\\admission\\test_TC_AD_10.py:54: \n_ _ _ _ _ _ _ _ _ _ _ _ _ _ _ _ _ _ _ _ _ _ _ _ _ _ _ _ _ _ _ _ _ _ _ _ _ _ _ _ _ _ _ _ _ _ _ _ _ _ _ _ _ _ _ _ _ _ _ _ _ _ _ _ _ _ _ _ _ _ _ _ _ _ _ _ _ _ _ _ _ _ _ _ _ _ _ _ _ \nutils\\login_utils.py:80: in perform_login\n    capture_full_page_screenshot(driver, f&amp;quot;{test_name}_Before_Login&amp;quot;)\nutils\\screenshot_utils.py:11: in capture_full_page_screenshot\n    driver.set_window_size(width, height)\nC:\\Users\\sinth\\Downloads\\Movie_Ticket_Automation-master\\Movie_Ticket_Automation-master\\.venv\\Lib\\site-packages\\selenium\\webdriver\\remote\\webdriver.py:1062: in set_window_size\n    self.set_window_rect(width=int(width), height=int(height))\nC:\\Users\\sinth\\Downloads\\Movie_Ticket_Automation-master\\Movie_Ticket_Automation-master\\.venv\\Lib\\site-packages\\selenium\\webdriver\\remote\\webdriver.py:1142: in set_window_rect\n    return self.execute(Command.SET_WINDOW_RECT, {&amp;quot;x&amp;quot;: x, &amp;quot;y&amp;quot;: y, &amp;quot;width&amp;quot;: width, &amp;quot;height&amp;quot;: height})[&amp;quot;value&amp;quot;]\nC:\\Users\\sinth\\Downloads\\Movie_Ticket_Automation-master\\Movie_Ticket_Automation-master\\.venv\\Lib\\site-packages\\selenium\\webdriver\\remote\\webdriver.py:458: in execute\n    self.error_handler.check_response(response)\n_ _ _ _ _ _ _ _ _ _ _ _ _ _ _ _ _ _ _ _ _ _ _ _ _ _ _ _ _ _ _ _ _ _ _ _ _ _ _ _ _ _ _ _ _ _ _ _ _ _ _ _ _ _ _ _ _ _ _ _ _ _ _ _ _ _ _ _ _ _ _ _ _ _ _ _ _ _ _ _ _ _ _ _ _ _ _ _ _ \n\nself = &amp;lt;selenium.webdriver.remote.errorhandler.ErrorHandler object at 0x00000261662A4390&amp;gt;\nresponse = {&amp;#x27;status&amp;#x27;: 500, &amp;#x27;value&amp;#x27;: &amp;#x27;{&amp;quot;value&amp;quot;:{&amp;quot;error&amp;quot;:&amp;quot;unknown error&amp;quot;,&amp;quot;message&amp;quot;:&amp;quot;unknown error: failed to change window state to...ff708743268+11016]\\\\n\\\\tBaseThreadInitThunk [0x0x7ffb14f0e8d7+23]\\\\n\\\\tRtlUserThreadStart [0x0x7ffb1665c34c+44]\\\\n&amp;quot;}}&amp;#x27;}\n\n    def check_response(self, response: dict[str, Any]) -&amp;gt; None:\n        &amp;quot;&amp;quot;&amp;quot;Checks that a JSON response from the WebDriver does not have an\n        error.\n    \n        :Args:\n         - response - The JSON response from the WebDriver server as a dictionary\n           object.\n    \n        :Raises: If the response contains an error message.\n        &amp;quot;&amp;quot;&amp;quot;\n        status = response.get(&amp;quot;status&amp;quot;, None)\n        if not status or status == ErrorCode.SUCCESS:\n            return\n        value = None\n        message = response.get(&amp;quot;message&amp;quot;, &amp;quot;&amp;quot;)\n        screen: str = response.get(&amp;quot;screen&amp;quot;, &amp;quot;&amp;quot;)\n        stacktrace = None\n        if isinstance(status, int):\n            value_json = response.get(&amp;quot;value&amp;quot;, None)\n            if value_json and isinstance(value_json, str):\n                try:\n                    value = json.loads(value_json)\n                    if isinstance(value, dict):\n                        if len(value) == 1:\n                            value = value[&amp;quot;value&amp;quot;]\n                        status = value.get(&amp;quot;error&amp;quot;, None)\n                        if not status:\n                            status = value.get(&amp;quot;status&amp;quot;, ErrorCode.UNKNOWN_ERROR)\n                            message = value.get(&amp;quot;value&amp;quot;) or value.get(&amp;quot;message&amp;quot;)\n                            if not isinstance(message, str):\n                                value = message\n                                message = message.get(&amp;quot;message&amp;quot;)\n                        else:\n                            message = value.get(&amp;quot;message&amp;quot;, None)\n                except ValueError:\n                    pass\n    \n        exception_class: type[WebDriverException]\n        e = ErrorCode()\n        error_codes = [item for item in dir(e) if not item.startswith(&amp;quot;__&amp;quot;)]\n        for error_code in error_codes:\n            error_info = getattr(ErrorCode, error_code)\n            if isinstance(error_info, list) and status in error_info:\n                exception_class = getattr(ExceptionMapping, error_code, WebDriverException)\n                break\n        else:\n            exception_class = WebDriverException\n    \n        if not value:\n            value = response[&amp;quot;value&amp;quot;]\n        if isinstance(value, str):\n            raise exception_class(value)\n        if message == &amp;quot;&amp;quot; and &amp;quot;message&amp;quot; in value:\n            message = value[&amp;quot;message&amp;quot;]\n    \n        screen = None  # type: ignore[assignment]\n        if &amp;quot;screen&amp;quot; in value:\n            screen = value[&amp;quot;screen&amp;quot;]\n    \n        stacktrace = None\n        st_value = value.get(&amp;quot;stackTrace&amp;quot;) or value.get(&amp;quot;stacktrace&amp;quot;)\n        if st_value:\n            if isinstance(st_value, str):\n                stacktrace = st_value.split(&amp;quot;\\n&amp;quot;)\n            else:\n                stacktrace = []\n                try:\n                    for frame in st_value:\n                        line = frame.get(&amp;quot;lineNumber&amp;quot;, &amp;quot;&amp;quot;)\n                        file = frame.get(&amp;quot;fileName&amp;quot;, &amp;quot;&amp;lt;anonymous&amp;gt;&amp;quot;)\n                        if line:\n                            file = f&amp;quot;{file}:{line}&amp;quot;\n                        meth = frame.get(&amp;quot;methodName&amp;quot;, &amp;quot;&amp;lt;anonymous&amp;gt;&amp;quot;)\n                        if &amp;quot;className&amp;quot; in frame:\n                            meth = f&amp;quot;{frame[&amp;#x27;className&amp;#x27;]}.{meth}&amp;quot;\n                        msg = &amp;quot;    at %s (%s)&amp;quot;\n                        msg = msg % (meth, file)\n                        stacktrace.append(msg)\n                except TypeError:\n                    pass\n        if exception_class == UnexpectedAlertPresentException:\n            alert_text = None\n            if &amp;quot;data&amp;quot; in value:\n                alert_text = value[&amp;quot;data&amp;quot;].get(&amp;quot;text&amp;quot;)\n            elif &amp;quot;alert&amp;quot; in value:\n                alert_text = value[&amp;quot;alert&amp;quot;].get(&amp;quot;text&amp;quot;)\n            raise exception_class(message, screen, stacktrace, alert_text)  # type: ignore[call-arg]  # mypy is not smart enough here\n&amp;gt;       raise exception_class(message, screen, stacktrace)\nE       selenium.common.exceptions.WebDriverException: Message: unknown error: failed to change window state to &amp;#x27;normal&amp;#x27;, current state is &amp;#x27;maximized&amp;#x27;\nE         (Session info: chrome=139.0.7258.157)\nE       Stacktrace:\nE       \tGetHandleVerifier [0x0x7ff708753d85+79397]\nE       \tGetHandleVerifier [0x0x7ff708753de0+79488]\nE       \t(No symbol) [0x0x7ff7084fc0fa]\nE       \t(No symbol) [0x0x7ff7084d9933]\nE       \t(No symbol) [0x0x7ff7084d6b78]\nE       \t(No symbol) [0x0x7ff7084d8f29]\nE       \t(No symbol) [0x0x7ff7085bb217]\nE       \t(No symbol) [0x0x7ff70857b19a]\nE       \t(No symbol) [0x0x7ff7085a3344]\nE       \t(No symbol) [0x0x7ff70857af73]\nE       \t(No symbol) [0x0x7ff7085441b1]\nE       \t(No symbol) [0x0x7ff708544f43]\nE       \tGetHandleVerifier [0x0x7ff708a1e1ed+3005069]\nE       \tGetHandleVerifier [0x0x7ff708a1831d+2980797]\nE       \tGetHandleVerifier [0x0x7ff708a37e0d+3110573]\nE       \tGetHandleVerifier [0x0x7ff70876d6de+184190]\nE       \tGetHandleVerifier [0x0x7ff70877516f+215567]\nE       \tGetHandleVerifier [0x0x7ff70875c974+115220]\nE       \tGetHandleVerifier [0x0x7ff70875cb29+115657]\nE       \tGetHandleVerifier [0x0x7ff708743268+11016]\nE       \tBaseThreadInitThunk [0x0x7ffb14f0e8d7+23]\nE       \tRtlUserThreadStart [0x0x7ffb1665c34c+44]\n\nC:\\Users\\sinth\\Downloads\\Movie_Ticket_Automation-master\\Movie_Ticket_Automation-master\\.venv\\Lib\\site-packages\\selenium\\webdriver\\remote\\errorhandler.py:232: WebDriverException\n\nDuring handling of the above exception, another exception occurred:\n\nbrowser_config = (&amp;lt;selenium.webdriver.chrome.webdriver.WebDriver (session=&amp;quot;7b4e59f804ee1801b5c2355d660fce2f&amp;quot;)&amp;gt;, &amp;lt;selenium.webdriver.support.wait.WebDriverWait (session=&amp;quot;7b4e59f804ee1801b5c2355d660fce2f&amp;quot;)&amp;gt;)\ntest_case = {&amp;#x27;admission_portal&amp;#x27;: [{&amp;#x27;TC_AD_01&amp;#x27;: {&amp;#x27;_comment&amp;#x27;: &amp;#x27;Verify All Available Admissions Display on Main Page&amp;#x27;, &amp;#x27;expected_resu...nd navigate previous school information form&amp;#x27;, &amp;#x27;father_address&amp;#x27;: &amp;#x27;Dhaka&amp;#x27;, &amp;#x27;father_contact&amp;#x27;: &amp;#x27;01789571651&amp;#x27;, ...}}], ...}\nself = None\n\n    @pytest.mark.parametrize(&amp;quot;test_case&amp;quot;, load_all_test_data(&amp;quot;../data/data.json&amp;quot;))\n    def test_admission_complete_flow(browser_config, test_case, self=None):\n        &amp;quot;&amp;quot;&amp;quot;\n        Comprehensive test covering the entire admission form flow:\n        - Login (if required)\n        - Student Information (TC_AD_09/TC_AD_10)\n        - Guardian Information (TC_AD_12)\n        - Document Upload (TC_AD_14)\n        - Application Review &amp;amp; Submission (TC_AD_15)\n        &amp;quot;&amp;quot;&amp;quot;\n        logging.info(&amp;quot;=== ADMISSION COMPLETE FLOW TEST STARTED ===&amp;quot;)\n    \n        driver, wait = browser_config\n        draft_id = None  # Track draft_id throughout the flow\n    \n        # Initialize page objects\n        admission_portal_page = AdmissionPortalPage(driver, wait)\n        student_info_page = StudentInformationPage(driver, wait)\n        guardian_info_page = GuardianInformationPage(driver, wait)\n        previous_school_page = PreviousSchoolPage(driver, wait)\n        document_upload_page = DocumentUploadPage(driver, wait)\n        application_review_page = ApplicationReviewPage(driver, wait)\n    \n        try:\n            # =============================================\n            # STEP 1: LOGIN (if login data is provided)\n            # =============================================\n            if &amp;quot;registration&amp;quot; in test_case and len(test_case[&amp;quot;registration&amp;quot;]) &amp;gt; 5:\n                logging.info(&amp;quot;STEP 1: Performing Login...&amp;quot;)\n                login_data = test_case[&amp;quot;registration&amp;quot;][5][&amp;quot;TC_Reg_06&amp;quot;]\n    \n                try:\n                    perform_login(driver, wait, login_data, &amp;quot;ADMISSION_FLOW&amp;quot;)\n                    logging.info(&amp;quot;\u2705 Login completed successfully&amp;quot;)\n                    time.sleep(2)\n                except Exception as e:\n                    logging.error(f&amp;quot;\u274c Login failed: {str(e)}&amp;quot;)\n                    capture_full_page_screenshot(driver, &amp;quot;admission_flow_login_failed&amp;quot;)\n&amp;gt;                   pytest.fail(f&amp;quot;Login failed: {str(e)}&amp;quot;)\nE                   Failed: Login failed: Message: unknown error: failed to change window state to &amp;#x27;normal&amp;#x27;, current state is &amp;#x27;maximized&amp;#x27;\nE                     (Session info: chrome=139.0.7258.157)\nE                   Stacktrace:\nE                   \tGetHandleVerifier [0x0x7ff708753d85+79397]\nE                   \tGetHandleVerifier [0x0x7ff708753de0+79488]\nE                   \t(No symbol) [0x0x7ff7084fc0fa]\nE                   \t(No symbol) [0x0x7ff7084d9933]\nE                   \t(No symbol) [0x0x7ff7084d6b78]\nE                   \t(No symbol) [0x0x7ff7084d8f29]\nE                   \t(No symbol) [0x0x7ff7085bb217]\nE                   \t(No symbol) [0x0x7ff70857b19a]\nE                   \t(No symbol) [0x0x7ff7085a3344]\nE                   \t(No symbol) [0x0x7ff70857af73]\nE                   \t(No symbol) [0x0x7ff7085441b1]\nE                   \t(No symbol) [0x0x7ff708544f43]\nE                   \tGetHandleVerifier [0x0x7ff708a1e1ed+3005069]\nE                   \tGetHandleVerifier [0x0x7ff708a1831d+2980797]\nE                   \tGetHandleVerifier [0x0x7ff708a37e0d+3110573]\nE                   \tGetHandleVerifier [0x0x7ff70876d6de+184190]\nE                   \tGetHandleVerifier [0x0x7ff70877516f+215567]\nE                   \tGetHandleVerifier [0x0x7ff70875c974+115220]\nE                   \tGetHandleVerifier [0x0x7ff70875cb29+115657]\nE                   \tGetHandleVerifier [0x0x7ff708743268+11016]\nE                   \tBaseThreadInitThunk [0x0x7ffb14f0e8d7+23]\nE                   \tRtlUserThreadStart [0x0x7ffb1665c34c+44]\n\ntests\\admission\\test_TC_AD_10.py:60: Failed\n\n------------------------------ Captured log setup ------------------------------\nINFO     root:conftest.py:31 Starting browser session with chrome...\nINFO     root:conftest.py:48 chrome browser launched successfully.\nINFO     root:conftest.py:54 URL opened successfully.\n\n------------------------------ Captured log call -------------------------------\nINFO     root:test_TC_AD_10.py:32 === ADMISSION COMPLETE FLOW TEST STARTED ===\nINFO     root:test_TC_AD_10.py:50 STEP 1: Performing Login...\nINFO     root:login_utils.py:25 Starting login process for ADMISSION_FLOW\nINFO     root:registration_page.py:45 Sign Up for Free button clicked successfully.\nINFO     root:login_utils.py:34 Navigated to Sign Up page successfully.\nINFO     root:registration_page.py:159 Sign In link clicked successfully.\nINFO     root:login_utils.py:39 Navigated to Sign In page successfully.\nINFO     root:login_utils.py:51 Sign In page loaded successfully.\nINFO     root:login_page.py:42 Email entered successfully in login form.\nINFO     root:login_utils.py:64 Email entered successfully in login form.\nINFO     root:login_page.py:56 Password entered successfully in login form.\nINFO     root:login_utils.py:73 Password entered successfully in login form.\nERROR    root:test_TC_AD_10.py:58 \u274c Login failed: Message: unknown error: failed to change window state to &amp;#x27;normal&amp;#x27;, current state is &amp;#x27;maximized&amp;#x27;\n  (Session info: chrome=139.0.7258.157)\nStacktrace:\n\tGetHandleVerifier [0x0x7ff708753d85+79397]\n\tGetHandleVerifier [0x0x7ff708753de0+79488]\n\t(No symbol) [0x0x7ff7084fc0fa]\n\t(No symbol) [0x0x7ff7084d9933]\n\t(No symbol) [0x0x7ff7084d6b78]\n\t(No symbol) [0x0x7ff7084d8f29]\n\t(No symbol) [0x0x7ff7085bb217]\n\t(No symbol) [0x0x7ff70857b19a]\n\t(No symbol) [0x0x7ff7085a3344]\n\t(No symbol) [0x0x7ff70857af73]\n\t(No symbol) [0x0x7ff7085441b1]\n\t(No symbol) [0x0x7ff708544f43]\n\tGetHandleVerifier [0x0x7ff708a1e1ed+3005069]\n\tGetHandleVerifier [0x0x7ff708a1831d+2980797]\n\tGetHandleVerifier [0x0x7ff708a37e0d+3110573]\n\tGetHandleVerifier [0x0x7ff70876d6de+184190]\n\tGetHandleVerifier [0x0x7ff70877516f+215567]\n\tGetHandleVerifier [0x0x7ff70875c974+115220]\n\tGetHandleVerifier [0x0x7ff70875cb29+115657]\n\tGetHandleVerifier [0x0x7ff708743268+11016]\n\tBaseThreadInitThunk [0x0x7ffb14f0e8d7+23]\n\tRtlUserThreadStart [0x0x7ffb1665c34c+44]\n\nINFO     root:test_TC_AD_10.py:417 === ADMISSION COMPLETE FLOW TEST COMPLETED ===\n\n---------------------------- Captured log teardown -----------------------------\nINFO     root:conftest.py:58 Script complete.\nINFO     root:conftest.py:60 Ending browser session...\nINFO     root:conftest.py:61 ...................\nINFO     root:conftest.py:62 ...................&#34;}], &#34;tests/admission/test_TC_AD_12.py::test_tc_ad_12[test_case0]&#34;: [{&#34;extras&#34;: [], &#34;result&#34;: &#34;Failed&#34;, &#34;testId&#34;: &#34;tests/admission/test_TC_AD_12.py::test_tc_ad_12[test_case0]&#34;, &#34;duration&#34;: &#34;00:00:30&#34;, &#34;resultsTableRow&#34;: [&#34;&lt;td class=\&#34;col-result\&#34;&gt;Failed&lt;/td&gt;&#34;, &#34;&lt;td class=\&#34;col-testId\&#34;&gt;tests/admission/test_TC_AD_12.py::test_tc_ad_12[test_case0]&lt;/td&gt;&#34;, &#34;&lt;td class=\&#34;col-duration\&#34;&gt;00:00:30&lt;/td&gt;&#34;, &#34;&lt;td class=\&#34;col-links\&#34;&gt;&lt;/td&gt;&#34;], &#34;log&#34;: &#34;browser_config = (&amp;lt;selenium.webdriver.chrome.webdriver.WebDriver (session=&amp;quot;5339d3b2106bb6ea08d9ade98612ac8d&amp;quot;)&amp;gt;, &amp;lt;selenium.webdriver.support.wait.WebDriverWait (session=&amp;quot;5339d3b2106bb6ea08d9ade98612ac8d&amp;quot;)&amp;gt;)\ntest_case = {&amp;#x27;admission_portal&amp;#x27;: [{&amp;#x27;TC_AD_01&amp;#x27;: {&amp;#x27;_comment&amp;#x27;: &amp;#x27;Verify All Available Admissions Display on Main Page&amp;#x27;, &amp;#x27;expected_resu...nd navigate previous school information form&amp;#x27;, &amp;#x27;father_address&amp;#x27;: &amp;#x27;Dhaka&amp;#x27;, &amp;#x27;father_contact&amp;#x27;: &amp;#x27;01789571651&amp;#x27;, ...}}], ...}\n\n    @pytest.mark.parametrize(&amp;quot;test_case&amp;quot;, load_all_test_data(&amp;quot;../data/data_admission.json&amp;quot;))\n    def test_tc_ad_12(browser_config, test_case):\n        logging.info(&amp;quot;TC_AD_12 Started..&amp;quot;)\n        logging.info(test_case[&amp;quot;guardian_information&amp;quot;][0][&amp;quot;TC_AD_12&amp;quot;][&amp;quot;_comment&amp;quot;])\n    \n        driver, wait = browser_config\n    \n        # Create object for GuardianInformationPage class\n        guardian_info_page = GuardianInformationPage(driver, wait)\n    \n        try:\n            # Note: This test assumes user has already filled Student Information Form\n            # and has navigated to the Guardian Information Form\n    \n            # Wait for guardian information form to load\n            time.sleep(3)\n    \n            # Get test data\n            test_data = test_case[&amp;quot;guardian_information&amp;quot;][0][&amp;quot;TC_AD_12&amp;quot;]\n    \n            # Father Information Section\n            # 1. Fill Father Full Name\n            try:\n&amp;gt;               guardian_info_page.enter_father_fullname(test_data[&amp;quot;father_fullname&amp;quot;])\n\ntests\\admission\\test_TC_AD_12.py:32: \n_ _ _ _ _ _ _ _ _ _ _ _ _ _ _ _ _ _ _ _ _ _ _ _ _ _ _ _ _ _ _ _ _ _ _ _ _ _ _ _ _ _ _ _ _ _ _ _ _ _ _ _ _ _ _ _ _ _ _ _ _ _ _ _ _ _ _ _ _ _ _ _ _ _ _ _ _ _ _ _ _ _ _ _ _ _ _ _ _ \npages\\guardian_information_page.py:14: in enter_father_fullname\n    father_name_field = self.wait.until(\n_ _ _ _ _ _ _ _ _ _ _ _ _ _ _ _ _ _ _ _ _ _ _ _ _ _ _ _ _ _ _ _ _ _ _ _ _ _ _ _ _ _ _ _ _ _ _ _ _ _ _ _ _ _ _ _ _ _ _ _ _ _ _ _ _ _ _ _ _ _ _ _ _ _ _ _ _ _ _ _ _ _ _ _ _ _ _ _ _ \n\nself = &amp;lt;selenium.webdriver.support.wait.WebDriverWait (session=&amp;quot;5339d3b2106bb6ea08d9ade98612ac8d&amp;quot;)&amp;gt;\nmethod = &amp;lt;function presence_of_element_located.&amp;lt;locals&amp;gt;._predicate at 0x0000026165D0FA60&amp;gt;, message = &amp;#x27;&amp;#x27;\n\n    def until(self, method: Callable[[D], Union[Literal[False], T]], message: str = &amp;quot;&amp;quot;) -&amp;gt; T:\n        &amp;quot;&amp;quot;&amp;quot;Wait until the method returns a value that is not False.\n    \n        Calls the method provided with the driver as an argument until the\n        return value does not evaluate to ``False``.\n    \n        Parameters:\n        -----------\n        method: callable(WebDriver)\n            - A callable object that takes a WebDriver instance as an argument.\n    \n        message: str\n            - Optional message for :exc:`TimeoutException`\n    \n        Return:\n        -------\n        object: T\n            - The result of the last call to `method`\n    \n        Raises:\n        -------\n        TimeoutException\n            - If &amp;#x27;method&amp;#x27; does not return a truthy value within the WebDriverWait\n            object&amp;#x27;s timeout\n    \n        Example:\n        --------\n        &amp;gt;&amp;gt;&amp;gt; from selenium.webdriver.common.by import By\n        &amp;gt;&amp;gt;&amp;gt; from selenium.webdriver.support.ui import WebDriverWait\n        &amp;gt;&amp;gt;&amp;gt; from selenium.webdriver.support import expected_conditions as EC\n    \n        # Wait until an element is visible on the page\n        &amp;gt;&amp;gt;&amp;gt; wait = WebDriverWait(driver, 10)\n        &amp;gt;&amp;gt;&amp;gt; element = wait.until(EC.visibility_of_element_located((By.ID, &amp;quot;exampleId&amp;quot;)))\n        &amp;gt;&amp;gt;&amp;gt; print(element.text)\n        &amp;quot;&amp;quot;&amp;quot;\n        screen = None\n        stacktrace = None\n    \n        end_time = time.monotonic() + self._timeout\n        while True:\n            try:\n                value = method(self._driver)\n                if value:\n                    return value\n            except self._ignored_exceptions as exc:\n                screen = getattr(exc, &amp;quot;screen&amp;quot;, None)\n                stacktrace = getattr(exc, &amp;quot;stacktrace&amp;quot;, None)\n            if time.monotonic() &amp;gt; end_time:\n                break\n            time.sleep(self._poll)\n&amp;gt;       raise TimeoutException(message, screen, stacktrace)\nE       selenium.common.exceptions.TimeoutException: Message: \nE       Stacktrace:\nE       \tGetHandleVerifier [0x0x7ff708753d85+79397]\nE       \tGetHandleVerifier [0x0x7ff708753de0+79488]\nE       \t(No symbol) [0x0x7ff7084fc0fa]\nE       \t(No symbol) [0x0x7ff708552fd6]\nE       \t(No symbol) [0x0x7ff70855328c]\nE       \t(No symbol) [0x0x7ff7085a6537]\nE       \t(No symbol) [0x0x7ff70857b1df]\nE       \t(No symbol) [0x0x7ff7085a3344]\nE       \t(No symbol) [0x0x7ff70857af73]\nE       \t(No symbol) [0x0x7ff7085441b1]\nE       \t(No symbol) [0x0x7ff708544f43]\nE       \tGetHandleVerifier [0x0x7ff708a1e1ed+3005069]\nE       \tGetHandleVerifier [0x0x7ff708a1831d+2980797]\nE       \tGetHandleVerifier [0x0x7ff708a37e0d+3110573]\nE       \tGetHandleVerifier [0x0x7ff70876d6de+184190]\nE       \tGetHandleVerifier [0x0x7ff70877516f+215567]\nE       \tGetHandleVerifier [0x0x7ff70875c974+115220]\nE       \tGetHandleVerifier [0x0x7ff70875cb29+115657]\nE       \tGetHandleVerifier [0x0x7ff708743268+11016]\nE       \tBaseThreadInitThunk [0x0x7ffb14f0e8d7+23]\nE       \tRtlUserThreadStart [0x0x7ffb1665c34c+44]\n\nC:\\Users\\sinth\\Downloads\\Movie_Ticket_Automation-master\\Movie_Ticket_Automation-master\\.venv\\Lib\\site-packages\\selenium\\webdriver\\support\\wait.py:138: TimeoutException\n\nDuring handling of the above exception, another exception occurred:\n\nbrowser_config = (&amp;lt;selenium.webdriver.chrome.webdriver.WebDriver (session=&amp;quot;5339d3b2106bb6ea08d9ade98612ac8d&amp;quot;)&amp;gt;, &amp;lt;selenium.webdriver.support.wait.WebDriverWait (session=&amp;quot;5339d3b2106bb6ea08d9ade98612ac8d&amp;quot;)&amp;gt;)\ntest_case = {&amp;#x27;admission_portal&amp;#x27;: [{&amp;#x27;TC_AD_01&amp;#x27;: {&amp;#x27;_comment&amp;#x27;: &amp;#x27;Verify All Available Admissions Display on Main Page&amp;#x27;, &amp;#x27;expected_resu...nd navigate previous school information form&amp;#x27;, &amp;#x27;father_address&amp;#x27;: &amp;#x27;Dhaka&amp;#x27;, &amp;#x27;father_contact&amp;#x27;: &amp;#x27;01789571651&amp;#x27;, ...}}], ...}\n\n    @pytest.mark.parametrize(&amp;quot;test_case&amp;quot;, load_all_test_data(&amp;quot;../data/data_admission.json&amp;quot;))\n    def test_tc_ad_12(browser_config, test_case):\n        logging.info(&amp;quot;TC_AD_12 Started..&amp;quot;)\n        logging.info(test_case[&amp;quot;guardian_information&amp;quot;][0][&amp;quot;TC_AD_12&amp;quot;][&amp;quot;_comment&amp;quot;])\n    \n        driver, wait = browser_config\n    \n        # Create object for GuardianInformationPage class\n        guardian_info_page = GuardianInformationPage(driver, wait)\n    \n        try:\n            # Note: This test assumes user has already filled Student Information Form\n            # and has navigated to the Guardian Information Form\n    \n            # Wait for guardian information form to load\n            time.sleep(3)\n    \n            # Get test data\n            test_data = test_case[&amp;quot;guardian_information&amp;quot;][0][&amp;quot;TC_AD_12&amp;quot;]\n    \n            # Father Information Section\n            # 1. Fill Father Full Name\n            try:\n                guardian_info_page.enter_father_fullname(test_data[&amp;quot;father_fullname&amp;quot;])\n                logging.info(f&amp;quot;Father Full Name &amp;#x27;{test_data[&amp;#x27;father_fullname&amp;#x27;]}&amp;#x27; entered successfully.&amp;quot;)\n            except Exception as e:\n                logging.error(f&amp;quot;Failed to enter father full name: {str(e)}&amp;quot;)\n&amp;gt;               capture_full_page_screenshot(driver, &amp;quot;TC_AD_12_father_name_error&amp;quot;)\n\ntests\\admission\\test_TC_AD_12.py:36: \n_ _ _ _ _ _ _ _ _ _ _ _ _ _ _ _ _ _ _ _ _ _ _ _ _ _ _ _ _ _ _ _ _ _ _ _ _ _ _ _ _ _ _ _ _ _ _ _ _ _ _ _ _ _ _ _ _ _ _ _ _ _ _ _ _ _ _ _ _ _ _ _ _ _ _ _ _ _ _ _ _ _ _ _ _ _ _ _ _ \nutils\\screenshot_utils.py:11: in capture_full_page_screenshot\n    driver.set_window_size(width, height)\nC:\\Users\\sinth\\Downloads\\Movie_Ticket_Automation-master\\Movie_Ticket_Automation-master\\.venv\\Lib\\site-packages\\selenium\\webdriver\\remote\\webdriver.py:1062: in set_window_size\n    self.set_window_rect(width=int(width), height=int(height))\nC:\\Users\\sinth\\Downloads\\Movie_Ticket_Automation-master\\Movie_Ticket_Automation-master\\.venv\\Lib\\site-packages\\selenium\\webdriver\\remote\\webdriver.py:1142: in set_window_rect\n    return self.execute(Command.SET_WINDOW_RECT, {&amp;quot;x&amp;quot;: x, &amp;quot;y&amp;quot;: y, &amp;quot;width&amp;quot;: width, &amp;quot;height&amp;quot;: height})[&amp;quot;value&amp;quot;]\nC:\\Users\\sinth\\Downloads\\Movie_Ticket_Automation-master\\Movie_Ticket_Automation-master\\.venv\\Lib\\site-packages\\selenium\\webdriver\\remote\\webdriver.py:458: in execute\n    self.error_handler.check_response(response)\n_ _ _ _ _ _ _ _ _ _ _ _ _ _ _ _ _ _ _ _ _ _ _ _ _ _ _ _ _ _ _ _ _ _ _ _ _ _ _ _ _ _ _ _ _ _ _ _ _ _ _ _ _ _ _ _ _ _ _ _ _ _ _ _ _ _ _ _ _ _ _ _ _ _ _ _ _ _ _ _ _ _ _ _ _ _ _ _ _ \n\nself = &amp;lt;selenium.webdriver.remote.errorhandler.ErrorHandler object at 0x00000261660DCC50&amp;gt;\nresponse = {&amp;#x27;status&amp;#x27;: 500, &amp;#x27;value&amp;#x27;: &amp;#x27;{&amp;quot;value&amp;quot;:{&amp;quot;error&amp;quot;:&amp;quot;unknown error&amp;quot;,&amp;quot;message&amp;quot;:&amp;quot;unknown error: failed to change window state to...ff708743268+11016]\\\\n\\\\tBaseThreadInitThunk [0x0x7ffb14f0e8d7+23]\\\\n\\\\tRtlUserThreadStart [0x0x7ffb1665c34c+44]\\\\n&amp;quot;}}&amp;#x27;}\n\n    def check_response(self, response: dict[str, Any]) -&amp;gt; None:\n        &amp;quot;&amp;quot;&amp;quot;Checks that a JSON response from the WebDriver does not have an\n        error.\n    \n        :Args:\n         - response - The JSON response from the WebDriver server as a dictionary\n           object.\n    \n        :Raises: If the response contains an error message.\n        &amp;quot;&amp;quot;&amp;quot;\n        status = response.get(&amp;quot;status&amp;quot;, None)\n        if not status or status == ErrorCode.SUCCESS:\n            return\n        value = None\n        message = response.get(&amp;quot;message&amp;quot;, &amp;quot;&amp;quot;)\n        screen: str = response.get(&amp;quot;screen&amp;quot;, &amp;quot;&amp;quot;)\n        stacktrace = None\n        if isinstance(status, int):\n            value_json = response.get(&amp;quot;value&amp;quot;, None)\n            if value_json and isinstance(value_json, str):\n                try:\n                    value = json.loads(value_json)\n                    if isinstance(value, dict):\n                        if len(value) == 1:\n                            value = value[&amp;quot;value&amp;quot;]\n                        status = value.get(&amp;quot;error&amp;quot;, None)\n                        if not status:\n                            status = value.get(&amp;quot;status&amp;quot;, ErrorCode.UNKNOWN_ERROR)\n                            message = value.get(&amp;quot;value&amp;quot;) or value.get(&amp;quot;message&amp;quot;)\n                            if not isinstance(message, str):\n                                value = message\n                                message = message.get(&amp;quot;message&amp;quot;)\n                        else:\n                            message = value.get(&amp;quot;message&amp;quot;, None)\n                except ValueError:\n                    pass\n    \n        exception_class: type[WebDriverException]\n        e = ErrorCode()\n        error_codes = [item for item in dir(e) if not item.startswith(&amp;quot;__&amp;quot;)]\n        for error_code in error_codes:\n            error_info = getattr(ErrorCode, error_code)\n            if isinstance(error_info, list) and status in error_info:\n                exception_class = getattr(ExceptionMapping, error_code, WebDriverException)\n                break\n        else:\n            exception_class = WebDriverException\n    \n        if not value:\n            value = response[&amp;quot;value&amp;quot;]\n        if isinstance(value, str):\n            raise exception_class(value)\n        if message == &amp;quot;&amp;quot; and &amp;quot;message&amp;quot; in value:\n            message = value[&amp;quot;message&amp;quot;]\n    \n        screen = None  # type: ignore[assignment]\n        if &amp;quot;screen&amp;quot; in value:\n            screen = value[&amp;quot;screen&amp;quot;]\n    \n        stacktrace = None\n        st_value = value.get(&amp;quot;stackTrace&amp;quot;) or value.get(&amp;quot;stacktrace&amp;quot;)\n        if st_value:\n            if isinstance(st_value, str):\n                stacktrace = st_value.split(&amp;quot;\\n&amp;quot;)\n            else:\n                stacktrace = []\n                try:\n                    for frame in st_value:\n                        line = frame.get(&amp;quot;lineNumber&amp;quot;, &amp;quot;&amp;quot;)\n                        file = frame.get(&amp;quot;fileName&amp;quot;, &amp;quot;&amp;lt;anonymous&amp;gt;&amp;quot;)\n                        if line:\n                            file = f&amp;quot;{file}:{line}&amp;quot;\n                        meth = frame.get(&amp;quot;methodName&amp;quot;, &amp;quot;&amp;lt;anonymous&amp;gt;&amp;quot;)\n                        if &amp;quot;className&amp;quot; in frame:\n                            meth = f&amp;quot;{frame[&amp;#x27;className&amp;#x27;]}.{meth}&amp;quot;\n                        msg = &amp;quot;    at %s (%s)&amp;quot;\n                        msg = msg % (meth, file)\n                        stacktrace.append(msg)\n                except TypeError:\n                    pass\n        if exception_class == UnexpectedAlertPresentException:\n            alert_text = None\n            if &amp;quot;data&amp;quot; in value:\n                alert_text = value[&amp;quot;data&amp;quot;].get(&amp;quot;text&amp;quot;)\n            elif &amp;quot;alert&amp;quot; in value:\n                alert_text = value[&amp;quot;alert&amp;quot;].get(&amp;quot;text&amp;quot;)\n            raise exception_class(message, screen, stacktrace, alert_text)  # type: ignore[call-arg]  # mypy is not smart enough here\n&amp;gt;       raise exception_class(message, screen, stacktrace)\nE       selenium.common.exceptions.WebDriverException: Message: unknown error: failed to change window state to &amp;#x27;normal&amp;#x27;, current state is &amp;#x27;maximized&amp;#x27;\nE         (Session info: chrome=139.0.7258.157)\nE       Stacktrace:\nE       \tGetHandleVerifier [0x0x7ff708753d85+79397]\nE       \tGetHandleVerifier [0x0x7ff708753de0+79488]\nE       \t(No symbol) [0x0x7ff7084fc0fa]\nE       \t(No symbol) [0x0x7ff7084d9933]\nE       \t(No symbol) [0x0x7ff7084d6b78]\nE       \t(No symbol) [0x0x7ff7084d8f29]\nE       \t(No symbol) [0x0x7ff7085bb217]\nE       \t(No symbol) [0x0x7ff70857b19a]\nE       \t(No symbol) [0x0x7ff7085a3344]\nE       \t(No symbol) [0x0x7ff70857af73]\nE       \t(No symbol) [0x0x7ff7085441b1]\nE       \t(No symbol) [0x0x7ff708544f43]\nE       \tGetHandleVerifier [0x0x7ff708a1e1ed+3005069]\nE       \tGetHandleVerifier [0x0x7ff708a1831d+2980797]\nE       \tGetHandleVerifier [0x0x7ff708a37e0d+3110573]\nE       \tGetHandleVerifier [0x0x7ff70876d6de+184190]\nE       \tGetHandleVerifier [0x0x7ff70877516f+215567]\nE       \tGetHandleVerifier [0x0x7ff70875c974+115220]\nE       \tGetHandleVerifier [0x0x7ff70875cb29+115657]\nE       \tGetHandleVerifier [0x0x7ff708743268+11016]\nE       \tBaseThreadInitThunk [0x0x7ffb14f0e8d7+23]\nE       \tRtlUserThreadStart [0x0x7ffb1665c34c+44]\n\nC:\\Users\\sinth\\Downloads\\Movie_Ticket_Automation-master\\Movie_Ticket_Automation-master\\.venv\\Lib\\site-packages\\selenium\\webdriver\\remote\\errorhandler.py:232: WebDriverException\n\nDuring handling of the above exception, another exception occurred:\n\nbrowser_config = (&amp;lt;selenium.webdriver.chrome.webdriver.WebDriver (session=&amp;quot;5339d3b2106bb6ea08d9ade98612ac8d&amp;quot;)&amp;gt;, &amp;lt;selenium.webdriver.support.wait.WebDriverWait (session=&amp;quot;5339d3b2106bb6ea08d9ade98612ac8d&amp;quot;)&amp;gt;)\ntest_case = {&amp;#x27;admission_portal&amp;#x27;: [{&amp;#x27;TC_AD_01&amp;#x27;: {&amp;#x27;_comment&amp;#x27;: &amp;#x27;Verify All Available Admissions Display on Main Page&amp;#x27;, &amp;#x27;expected_resu...nd navigate previous school information form&amp;#x27;, &amp;#x27;father_address&amp;#x27;: &amp;#x27;Dhaka&amp;#x27;, &amp;#x27;father_contact&amp;#x27;: &amp;#x27;01789571651&amp;#x27;, ...}}], ...}\n\n    @pytest.mark.parametrize(&amp;quot;test_case&amp;quot;, load_all_test_data(&amp;quot;../data/data_admission.json&amp;quot;))\n    def test_tc_ad_12(browser_config, test_case):\n        logging.info(&amp;quot;TC_AD_12 Started..&amp;quot;)\n        logging.info(test_case[&amp;quot;guardian_information&amp;quot;][0][&amp;quot;TC_AD_12&amp;quot;][&amp;quot;_comment&amp;quot;])\n    \n        driver, wait = browser_config\n    \n        # Create object for GuardianInformationPage class\n        guardian_info_page = GuardianInformationPage(driver, wait)\n    \n        try:\n            # Note: This test assumes user has already filled Student Information Form\n            # and has navigated to the Guardian Information Form\n    \n            # Wait for guardian information form to load\n            time.sleep(3)\n    \n            # Get test data\n            test_data = test_case[&amp;quot;guardian_information&amp;quot;][0][&amp;quot;TC_AD_12&amp;quot;]\n    \n            # Father Information Section\n            # 1. Fill Father Full Name\n            try:\n                guardian_info_page.enter_father_fullname(test_data[&amp;quot;father_fullname&amp;quot;])\n                logging.info(f&amp;quot;Father Full Name &amp;#x27;{test_data[&amp;#x27;father_fullname&amp;#x27;]}&amp;#x27; entered successfully.&amp;quot;)\n            except Exception as e:\n                logging.error(f&amp;quot;Failed to enter father full name: {str(e)}&amp;quot;)\n                capture_full_page_screenshot(driver, &amp;quot;TC_AD_12_father_name_error&amp;quot;)\n                pytest.fail(f&amp;quot;Test Failed. Failed to enter father full name: {str(e)}&amp;quot;)\n    \n            # 2. Fill Father Contact Number\n            try:\n                guardian_info_page.enter_father_contact(test_data[&amp;quot;father_contact&amp;quot;])\n                logging.info(f&amp;quot;Father Contact &amp;#x27;{test_data[&amp;#x27;father_contact&amp;#x27;]}&amp;#x27; entered successfully.&amp;quot;)\n            except Exception as e:\n                logging.error(f&amp;quot;Failed to enter father contact: {str(e)}&amp;quot;)\n                capture_full_page_screenshot(driver, &amp;quot;TC_AD_12_father_contact_error&amp;quot;)\n                pytest.fail(f&amp;quot;Test Failed. Failed to enter father contact: {str(e)}&amp;quot;)\n    \n            # 3. Fill Father Occupation\n            try:\n                guardian_info_page.enter_father_occupation(test_data[&amp;quot;father_occupation&amp;quot;])\n                logging.info(f&amp;quot;Father Occupation &amp;#x27;{test_data[&amp;#x27;father_occupation&amp;#x27;]}&amp;#x27; entered successfully.&amp;quot;)\n            except Exception as e:\n                logging.error(f&amp;quot;Failed to enter father occupation: {str(e)}&amp;quot;)\n                capture_full_page_screenshot(driver, &amp;quot;TC_AD_12_father_occupation_error&amp;quot;)\n                pytest.fail(f&amp;quot;Test Failed. Failed to enter father occupation: {str(e)}&amp;quot;)\n    \n            # 4. Fill Father NID\n            try:\n                guardian_info_page.enter_father_nid(test_data[&amp;quot;father_nid&amp;quot;])\n                logging.info(f&amp;quot;Father NID &amp;#x27;{test_data[&amp;#x27;father_nid&amp;#x27;]}&amp;#x27; entered successfully.&amp;quot;)\n            except Exception as e:\n                logging.error(f&amp;quot;Failed to enter father NID: {str(e)}&amp;quot;)\n                capture_full_page_screenshot(driver, &amp;quot;TC_AD_12_father_nid_error&amp;quot;)\n                pytest.fail(f&amp;quot;Test Failed. Failed to enter father NID: {str(e)}&amp;quot;)\n    \n            # 5. Fill Father Current Address\n            try:\n                guardian_info_page.enter_father_address(test_data[&amp;quot;father_address&amp;quot;])\n                logging.info(f&amp;quot;Father Address &amp;#x27;{test_data[&amp;#x27;father_address&amp;#x27;]}&amp;#x27; entered successfully.&amp;quot;)\n            except Exception as e:\n                logging.error(f&amp;quot;Failed to enter father address: {str(e)}&amp;quot;)\n                capture_full_page_screenshot(driver, &amp;quot;TC_AD_12_father_address_error&amp;quot;)\n                pytest.fail(f&amp;quot;Test Failed. Failed to enter father address: {str(e)}&amp;quot;)\n    \n            # Mother Information Section\n            # 6. Fill Mother Full Name\n            try:\n                guardian_info_page.enter_mother_fullname(test_data[&amp;quot;mother_fullname&amp;quot;])\n                logging.info(f&amp;quot;Mother Full Name &amp;#x27;{test_data[&amp;#x27;mother_fullname&amp;#x27;]}&amp;#x27; entered successfully.&amp;quot;)\n            except Exception as e:\n                logging.error(f&amp;quot;Failed to enter mother full name: {str(e)}&amp;quot;)\n                capture_full_page_screenshot(driver, &amp;quot;TC_AD_12_mother_name_error&amp;quot;)\n                pytest.fail(f&amp;quot;Test Failed. Failed to enter mother full name: {str(e)}&amp;quot;)\n    \n            # 7. Fill Mother Contact Number\n            try:\n                guardian_info_page.enter_mother_contact(test_data[&amp;quot;mother_contact&amp;quot;])\n                logging.info(f&amp;quot;Mother Contact &amp;#x27;{test_data[&amp;#x27;mother_contact&amp;#x27;]}&amp;#x27; entered successfully.&amp;quot;)\n            except Exception as e:\n                logging.error(f&amp;quot;Failed to enter mother contact: {str(e)}&amp;quot;)\n                capture_full_page_screenshot(driver, &amp;quot;TC_AD_12_mother_contact_error&amp;quot;)\n                pytest.fail(f&amp;quot;Test Failed. Failed to enter mother contact: {str(e)}&amp;quot;)\n    \n            # 8. Fill Mother Occupation\n            try:\n                guardian_info_page.enter_mother_occupation(test_data[&amp;quot;mother_occupation&amp;quot;])\n                logging.info(f&amp;quot;Mother Occupation &amp;#x27;{test_data[&amp;#x27;mother_occupation&amp;#x27;]}&amp;#x27; entered successfully.&amp;quot;)\n            except Exception as e:\n                logging.error(f&amp;quot;Failed to enter mother occupation: {str(e)}&amp;quot;)\n                capture_full_page_screenshot(driver, &amp;quot;TC_AD_12_mother_occupation_error&amp;quot;)\n                pytest.fail(f&amp;quot;Test Failed. Failed to enter mother occupation: {str(e)}&amp;quot;)\n    \n            # 9. Fill Mother NID\n            try:\n                guardian_info_page.enter_mother_nid(test_data[&amp;quot;mother_nid&amp;quot;])\n                logging.info(f&amp;quot;Mother NID &amp;#x27;{test_data[&amp;#x27;mother_nid&amp;#x27;]}&amp;#x27; entered successfully.&amp;quot;)\n            except Exception as e:\n                logging.error(f&amp;quot;Failed to enter mother NID: {str(e)}&amp;quot;)\n                capture_full_page_screenshot(driver, &amp;quot;TC_AD_12_mother_nid_error&amp;quot;)\n                pytest.fail(f&amp;quot;Test Failed. Failed to enter mother NID: {str(e)}&amp;quot;)\n    \n            # 10. Fill Mother Current Address\n            try:\n                guardian_info_page.enter_mother_address(test_data[&amp;quot;mother_address&amp;quot;])\n                logging.info(f&amp;quot;Mother Address &amp;#x27;{test_data[&amp;#x27;mother_address&amp;#x27;]}&amp;#x27; entered successfully.&amp;quot;)\n            except Exception as e:\n                logging.error(f&amp;quot;Failed to enter mother address: {str(e)}&amp;quot;)\n                capture_full_page_screenshot(driver, &amp;quot;TC_AD_12_mother_address_error&amp;quot;)\n                pytest.fail(f&amp;quot;Test Failed. Failed to enter mother address: {str(e)}&amp;quot;)\n    \n            # 11. Select Legal Guardian Information\n            try:\n                guardian_info_page.select_legal_guardian(test_data[&amp;quot;legal_guardian&amp;quot;])\n                logging.info(f&amp;quot;Legal Guardian &amp;#x27;{test_data[&amp;#x27;legal_guardian&amp;#x27;]}&amp;#x27; selected successfully.&amp;quot;)\n            except Exception as e:\n                logging.error(f&amp;quot;Failed to select legal guardian: {str(e)}&amp;quot;)\n                capture_full_page_screenshot(driver, &amp;quot;TC_AD_12_legal_guardian_error&amp;quot;)\n                pytest.fail(f&amp;quot;Test Failed. Failed to select legal guardian: {str(e)}&amp;quot;)\n    \n            # 12. Click Save&amp;amp;Continue Button\n            try:\n                guardian_info_page.click_save_continue_button()\n                logging.info(&amp;quot;Save &amp;amp; Continue button clicked successfully.&amp;quot;)\n                time.sleep(3)  # Wait for processing and navigation\n            except Exception as e:\n                logging.error(f&amp;quot;Failed to click Save &amp;amp; Continue button: {str(e)}&amp;quot;)\n                capture_full_page_screenshot(driver, &amp;quot;TC_AD_12_save_continue_error&amp;quot;)\n                pytest.fail(f&amp;quot;Test Failed. Failed to click Save &amp;amp; Continue button: {str(e)}&amp;quot;)\n    \n            # Verify expected result\n            expected_result = test_data[&amp;quot;expected_result&amp;quot;]\n    \n            # Check if navigation to Previous School Information form occurred\n            try:\n                previous_school_loaded = guardian_info_page.is_previous_school_form_loaded()\n                if previous_school_loaded:\n                    logging.info(&amp;quot;Successfully navigated to Previous School Information form.&amp;quot;)\n                else:\n                    # Check for success message instead\n                    success_message = guardian_info_page.get_success_message()\n                    if success_message and &amp;quot;successfully&amp;quot; in success_message.lower():\n                        logging.info(f&amp;quot;Guardian information saved with message: {success_message}&amp;quot;)\n                    else:\n                        logging.error(&amp;quot;Neither navigation nor success message confirmed.&amp;quot;)\n                        capture_full_page_screenshot(driver, &amp;quot;TC_AD_12_no_confirmation&amp;quot;)\n                        pytest.fail(&amp;quot;Test Failed. Neither navigation nor success message confirmed.&amp;quot;)\n            except Exception as e:\n                logging.error(f&amp;quot;Error verifying form submission: {str(e)}&amp;quot;)\n                capture_full_page_screenshot(driver, &amp;quot;TC_AD_12_verification_error&amp;quot;)\n                pytest.fail(f&amp;quot;Test Failed. Error verifying form submission: {str(e)}&amp;quot;)\n    \n            logging.info(f&amp;quot;Test Passed. {expected_result}&amp;quot;)\n    \n        except Exception as e:\n            logging.error(f&amp;quot;Test Failed with exception: {str(e)}&amp;quot;)\n            capture_full_page_screenshot(driver, &amp;quot;TC_AD_12_exception&amp;quot;)\n&amp;gt;           pytest.fail(f&amp;quot;Test Failed. Exception occurred: {str(e)}&amp;quot;)\nE           Failed: Test Failed. Exception occurred: Message: unknown error: failed to change window state to &amp;#x27;normal&amp;#x27;, current state is &amp;#x27;maximized&amp;#x27;\nE             (Session info: chrome=139.0.7258.157)\nE           Stacktrace:\nE           \tGetHandleVerifier [0x0x7ff708753d85+79397]\nE           \tGetHandleVerifier [0x0x7ff708753de0+79488]\nE           \t(No symbol) [0x0x7ff7084fc0fa]\nE           \t(No symbol) [0x0x7ff7084d9933]\nE           \t(No symbol) [0x0x7ff7084d6b78]\nE           \t(No symbol) [0x0x7ff7084d8f29]\nE           \t(No symbol) [0x0x7ff7085bb217]\nE           \t(No symbol) [0x0x7ff70857b19a]\nE           \t(No symbol) [0x0x7ff7085a3344]\nE           \t(No symbol) [0x0x7ff70857af73]\nE           \t(No symbol) [0x0x7ff7085441b1]\nE           \t(No symbol) [0x0x7ff708544f43]\nE           \tGetHandleVerifier [0x0x7ff708a1e1ed+3005069]\nE           \tGetHandleVerifier [0x0x7ff708a1831d+2980797]\nE           \tGetHandleVerifier [0x0x7ff708a37e0d+3110573]\nE           \tGetHandleVerifier [0x0x7ff70876d6de+184190]\nE           \tGetHandleVerifier [0x0x7ff70877516f+215567]\nE           \tGetHandleVerifier [0x0x7ff70875c974+115220]\nE           \tGetHandleVerifier [0x0x7ff70875cb29+115657]\nE           \tGetHandleVerifier [0x0x7ff708743268+11016]\nE           \tBaseThreadInitThunk [0x0x7ffb14f0e8d7+23]\nE           \tRtlUserThreadStart [0x0x7ffb1665c34c+44]\n\ntests\\admission\\test_TC_AD_12.py:167: Failed\n\n------------------------------ Captured log setup ------------------------------\nINFO     root:conftest.py:31 Starting browser session with chrome...\nINFO     root:conftest.py:48 chrome browser launched successfully.\nINFO     root:conftest.py:54 URL opened successfully.\n\n------------------------------ Captured log call -------------------------------\nINFO     root:test_TC_AD_12.py:11 TC_AD_12 Started..\nINFO     root:test_TC_AD_12.py:12 Verify Guardian Information Form Submission with Valid Data (Required Fields Only)\nERROR    root:test_TC_AD_12.py:35 Failed to enter father full name: Message: \nStacktrace:\n\tGetHandleVerifier [0x0x7ff708753d85+79397]\n\tGetHandleVerifier [0x0x7ff708753de0+79488]\n\t(No symbol) [0x0x7ff7084fc0fa]\n\t(No symbol) [0x0x7ff708552fd6]\n\t(No symbol) [0x0x7ff70855328c]\n\t(No symbol) [0x0x7ff7085a6537]\n\t(No symbol) [0x0x7ff70857b1df]\n\t(No symbol) [0x0x7ff7085a3344]\n\t(No symbol) [0x0x7ff70857af73]\n\t(No symbol) [0x0x7ff7085441b1]\n\t(No symbol) [0x0x7ff708544f43]\n\tGetHandleVerifier [0x0x7ff708a1e1ed+3005069]\n\tGetHandleVerifier [0x0x7ff708a1831d+2980797]\n\tGetHandleVerifier [0x0x7ff708a37e0d+3110573]\n\tGetHandleVerifier [0x0x7ff70876d6de+184190]\n\tGetHandleVerifier [0x0x7ff70877516f+215567]\n\tGetHandleVerifier [0x0x7ff70875c974+115220]\n\tGetHandleVerifier [0x0x7ff70875cb29+115657]\n\tGetHandleVerifier [0x0x7ff708743268+11016]\n\tBaseThreadInitThunk [0x0x7ffb14f0e8d7+23]\n\tRtlUserThreadStart [0x0x7ffb1665c34c+44]\n\nERROR    root:test_TC_AD_12.py:165 Test Failed with exception: Message: unknown error: failed to change window state to &amp;#x27;normal&amp;#x27;, current state is &amp;#x27;maximized&amp;#x27;\n  (Session info: chrome=139.0.7258.157)\nStacktrace:\n\tGetHandleVerifier [0x0x7ff708753d85+79397]\n\tGetHandleVerifier [0x0x7ff708753de0+79488]\n\t(No symbol) [0x0x7ff7084fc0fa]\n\t(No symbol) [0x0x7ff7084d9933]\n\t(No symbol) [0x0x7ff7084d6b78]\n\t(No symbol) [0x0x7ff7084d8f29]\n\t(No symbol) [0x0x7ff7085bb217]\n\t(No symbol) [0x0x7ff70857b19a]\n\t(No symbol) [0x0x7ff7085a3344]\n\t(No symbol) [0x0x7ff70857af73]\n\t(No symbol) [0x0x7ff7085441b1]\n\t(No symbol) [0x0x7ff708544f43]\n\tGetHandleVerifier [0x0x7ff708a1e1ed+3005069]\n\tGetHandleVerifier [0x0x7ff708a1831d+2980797]\n\tGetHandleVerifier [0x0x7ff708a37e0d+3110573]\n\tGetHandleVerifier [0x0x7ff70876d6de+184190]\n\tGetHandleVerifier [0x0x7ff70877516f+215567]\n\tGetHandleVerifier [0x0x7ff70875c974+115220]\n\tGetHandleVerifier [0x0x7ff70875cb29+115657]\n\tGetHandleVerifier [0x0x7ff708743268+11016]\n\tBaseThreadInitThunk [0x0x7ffb14f0e8d7+23]\n\tRtlUserThreadStart [0x0x7ffb1665c34c+44]\n\n---------------------------- Captured log teardown -----------------------------\nINFO     root:conftest.py:58 Script complete.\nINFO     root:conftest.py:60 Ending browser session...\nINFO     root:conftest.py:61 ...................\nINFO     root:conftest.py:62 ...................&#34;}], &#34;tests/admission/test_TC_AD_14.py::test_tc_ad_14[test_case0]&#34;: [{&#34;extras&#34;: [], &#34;result&#34;: &#34;Failed&#34;, &#34;testId&#34;: &#34;tests/admission/test_TC_AD_14.py::test_tc_ad_14[test_case0]&#34;, &#34;duration&#34;: &#34;00:00:30&#34;, &#34;resultsTableRow&#34;: [&#34;&lt;td class=\&#34;col-result\&#34;&gt;Failed&lt;/td&gt;&#34;, &#34;&lt;td class=\&#34;col-testId\&#34;&gt;tests/admission/test_TC_AD_14.py::test_tc_ad_14[test_case0]&lt;/td&gt;&#34;, &#34;&lt;td class=\&#34;col-duration\&#34;&gt;00:00:30&lt;/td&gt;&#34;, &#34;&lt;td class=\&#34;col-links\&#34;&gt;&lt;/td&gt;&#34;], &#34;log&#34;: &#34;browser_config = (&amp;lt;selenium.webdriver.chrome.webdriver.WebDriver (session=&amp;quot;7c8aa3998493da5b89c1d8c37320bd9c&amp;quot;)&amp;gt;, &amp;lt;selenium.webdriver.support.wait.WebDriverWait (session=&amp;quot;7c8aa3998493da5b89c1d8c37320bd9c&amp;quot;)&amp;gt;)\ntest_case = {&amp;#x27;admission_portal&amp;#x27;: [{&amp;#x27;TC_AD_01&amp;#x27;: {&amp;#x27;_comment&amp;#x27;: &amp;#x27;Verify All Available Admissions Display on Main Page&amp;#x27;, &amp;#x27;expected_resu...nd navigate previous school information form&amp;#x27;, &amp;#x27;father_address&amp;#x27;: &amp;#x27;Dhaka&amp;#x27;, &amp;#x27;father_contact&amp;#x27;: &amp;#x27;01789571651&amp;#x27;, ...}}], ...}\n\n    @pytest.mark.parametrize(&amp;quot;test_case&amp;quot;, load_all_test_data(&amp;quot;../data/data_admission.json&amp;quot;))\n    def test_tc_ad_14(browser_config, test_case):\n        logging.info(&amp;quot;TC_AD_14 Started..&amp;quot;)\n        logging.info(test_case[&amp;quot;document_upload&amp;quot;][0][&amp;quot;TC_AD_14&amp;quot;][&amp;quot;_comment&amp;quot;])\n    \n        driver, wait = browser_config\n    \n        # Create object for DocumentUploadPage class\n        document_upload_page = DocumentUploadPage(driver, wait)\n    \n        try:\n            # Note: This test assumes user has reached the Document Upload form\n            # after completing all previous sections\n    \n            # Wait for document upload form to load\n            time.sleep(3)\n    \n            # Get test data\n            test_data = test_case[&amp;quot;document_upload&amp;quot;][0][&amp;quot;TC_AD_14&amp;quot;]\n    \n            # Prepare test files (in a real scenario, you would have actual test files)\n            # For this example, we&amp;#x27;ll assume test files exist in a test_files directory\n            test_files_dir = os.path.join(os.getcwd(), &amp;quot;test_files&amp;quot;)\n    \n            # Ensure test files directory exists (create if needed for demo)\n            if not os.path.exists(test_files_dir):\n                os.makedirs(test_files_dir)\n                # In a real scenario, you would place actual test files here\n    \n            student_photo_path = os.path.join(test_files_dir, test_data[&amp;quot;student_photo&amp;quot;])\n            birth_certificate_path = os.path.join(test_files_dir, test_data[&amp;quot;birth_certificate&amp;quot;])\n            academic_records_path = os.path.join(test_files_dir, test_data[&amp;quot;academic_records&amp;quot;])\n    \n            # Create dummy files for testing if they don&amp;#x27;t exist\n            # In a real test environment, you would have pre-created valid test files\n            if not os.path.exists(student_photo_path):\n                logging.warning(f&amp;quot;Test file not found: {student_photo_path}. Creating dummy file for testing.&amp;quot;)\n                with open(student_photo_path, &amp;#x27;w&amp;#x27;) as f:\n                    f.write(&amp;quot;dummy photo content&amp;quot;)\n    \n            if not os.path.exists(birth_certificate_path):\n                logging.warning(f&amp;quot;Test file not found: {birth_certificate_path}. Creating dummy file for testing.&amp;quot;)\n                with open(birth_certificate_path, &amp;#x27;w&amp;#x27;) as f:\n                    f.write(&amp;quot;dummy certificate content&amp;quot;)\n    \n            if not os.path.exists(academic_records_path):\n                logging.warning(f&amp;quot;Test file not found: {academic_records_path}. Creating dummy file for testing.&amp;quot;)\n                with open(academic_records_path, &amp;#x27;w&amp;#x27;) as f:\n                    f.write(&amp;quot;dummy records content&amp;quot;)\n    \n            # 1. Upload Student&amp;#x27;s Recent Photo\n            try:\n&amp;gt;               document_upload_page.upload_student_photo(student_photo_path)\n\ntests\\admission\\test_TC_AD_14.py:62: \n_ _ _ _ _ _ _ _ _ _ _ _ _ _ _ _ _ _ _ _ _ _ _ _ _ _ _ _ _ _ _ _ _ _ _ _ _ _ _ _ _ _ _ _ _ _ _ _ _ _ _ _ _ _ _ _ _ _ _ _ _ _ _ _ _ _ _ _ _ _ _ _ _ _ _ _ _ _ _ _ _ _ _ _ _ _ _ _ _ \npages\\document_upload_page.py:82: in upload_student_photo\n    wrapper = self.wait.until(\n_ _ _ _ _ _ _ _ _ _ _ _ _ _ _ _ _ _ _ _ _ _ _ _ _ _ _ _ _ _ _ _ _ _ _ _ _ _ _ _ _ _ _ _ _ _ _ _ _ _ _ _ _ _ _ _ _ _ _ _ _ _ _ _ _ _ _ _ _ _ _ _ _ _ _ _ _ _ _ _ _ _ _ _ _ _ _ _ _ \n\nself = &amp;lt;selenium.webdriver.support.wait.WebDriverWait (session=&amp;quot;7c8aa3998493da5b89c1d8c37320bd9c&amp;quot;)&amp;gt;\nmethod = &amp;lt;function presence_of_element_located.&amp;lt;locals&amp;gt;._predicate at 0x0000026166261B20&amp;gt;, message = &amp;#x27;&amp;#x27;\n\n    def until(self, method: Callable[[D], Union[Literal[False], T]], message: str = &amp;quot;&amp;quot;) -&amp;gt; T:\n        &amp;quot;&amp;quot;&amp;quot;Wait until the method returns a value that is not False.\n    \n        Calls the method provided with the driver as an argument until the\n        return value does not evaluate to ``False``.\n    \n        Parameters:\n        -----------\n        method: callable(WebDriver)\n            - A callable object that takes a WebDriver instance as an argument.\n    \n        message: str\n            - Optional message for :exc:`TimeoutException`\n    \n        Return:\n        -------\n        object: T\n            - The result of the last call to `method`\n    \n        Raises:\n        -------\n        TimeoutException\n            - If &amp;#x27;method&amp;#x27; does not return a truthy value within the WebDriverWait\n            object&amp;#x27;s timeout\n    \n        Example:\n        --------\n        &amp;gt;&amp;gt;&amp;gt; from selenium.webdriver.common.by import By\n        &amp;gt;&amp;gt;&amp;gt; from selenium.webdriver.support.ui import WebDriverWait\n        &amp;gt;&amp;gt;&amp;gt; from selenium.webdriver.support import expected_conditions as EC\n    \n        # Wait until an element is visible on the page\n        &amp;gt;&amp;gt;&amp;gt; wait = WebDriverWait(driver, 10)\n        &amp;gt;&amp;gt;&amp;gt; element = wait.until(EC.visibility_of_element_located((By.ID, &amp;quot;exampleId&amp;quot;)))\n        &amp;gt;&amp;gt;&amp;gt; print(element.text)\n        &amp;quot;&amp;quot;&amp;quot;\n        screen = None\n        stacktrace = None\n    \n        end_time = time.monotonic() + self._timeout\n        while True:\n            try:\n                value = method(self._driver)\n                if value:\n                    return value\n            except self._ignored_exceptions as exc:\n                screen = getattr(exc, &amp;quot;screen&amp;quot;, None)\n                stacktrace = getattr(exc, &amp;quot;stacktrace&amp;quot;, None)\n            if time.monotonic() &amp;gt; end_time:\n                break\n            time.sleep(self._poll)\n&amp;gt;       raise TimeoutException(message, screen, stacktrace)\nE       selenium.common.exceptions.TimeoutException: Message: \nE       Stacktrace:\nE       \tGetHandleVerifier [0x0x7ff708753d85+79397]\nE       \tGetHandleVerifier [0x0x7ff708753de0+79488]\nE       \t(No symbol) [0x0x7ff7084fc0fa]\nE       \t(No symbol) [0x0x7ff708552fd6]\nE       \t(No symbol) [0x0x7ff70855328c]\nE       \t(No symbol) [0x0x7ff7085a6537]\nE       \t(No symbol) [0x0x7ff70857b1df]\nE       \t(No symbol) [0x0x7ff7085a3344]\nE       \t(No symbol) [0x0x7ff70857af73]\nE       \t(No symbol) [0x0x7ff7085441b1]\nE       \t(No symbol) [0x0x7ff708544f43]\nE       \tGetHandleVerifier [0x0x7ff708a1e1ed+3005069]\nE       \tGetHandleVerifier [0x0x7ff708a1831d+2980797]\nE       \tGetHandleVerifier [0x0x7ff708a37e0d+3110573]\nE       \tGetHandleVerifier [0x0x7ff70876d6de+184190]\nE       \tGetHandleVerifier [0x0x7ff70877516f+215567]\nE       \tGetHandleVerifier [0x0x7ff70875c974+115220]\nE       \tGetHandleVerifier [0x0x7ff70875cb29+115657]\nE       \tGetHandleVerifier [0x0x7ff708743268+11016]\nE       \tBaseThreadInitThunk [0x0x7ffb14f0e8d7+23]\nE       \tRtlUserThreadStart [0x0x7ffb1665c34c+44]\n\nC:\\Users\\sinth\\Downloads\\Movie_Ticket_Automation-master\\Movie_Ticket_Automation-master\\.venv\\Lib\\site-packages\\selenium\\webdriver\\support\\wait.py:138: TimeoutException\n\nDuring handling of the above exception, another exception occurred:\n\nbrowser_config = (&amp;lt;selenium.webdriver.chrome.webdriver.WebDriver (session=&amp;quot;7c8aa3998493da5b89c1d8c37320bd9c&amp;quot;)&amp;gt;, &amp;lt;selenium.webdriver.support.wait.WebDriverWait (session=&amp;quot;7c8aa3998493da5b89c1d8c37320bd9c&amp;quot;)&amp;gt;)\ntest_case = {&amp;#x27;admission_portal&amp;#x27;: [{&amp;#x27;TC_AD_01&amp;#x27;: {&amp;#x27;_comment&amp;#x27;: &amp;#x27;Verify All Available Admissions Display on Main Page&amp;#x27;, &amp;#x27;expected_resu...nd navigate previous school information form&amp;#x27;, &amp;#x27;father_address&amp;#x27;: &amp;#x27;Dhaka&amp;#x27;, &amp;#x27;father_contact&amp;#x27;: &amp;#x27;01789571651&amp;#x27;, ...}}], ...}\n\n    @pytest.mark.parametrize(&amp;quot;test_case&amp;quot;, load_all_test_data(&amp;quot;../data/data_admission.json&amp;quot;))\n    def test_tc_ad_14(browser_config, test_case):\n        logging.info(&amp;quot;TC_AD_14 Started..&amp;quot;)\n        logging.info(test_case[&amp;quot;document_upload&amp;quot;][0][&amp;quot;TC_AD_14&amp;quot;][&amp;quot;_comment&amp;quot;])\n    \n        driver, wait = browser_config\n    \n        # Create object for DocumentUploadPage class\n        document_upload_page = DocumentUploadPage(driver, wait)\n    \n        try:\n            # Note: This test assumes user has reached the Document Upload form\n            # after completing all previous sections\n    \n            # Wait for document upload form to load\n            time.sleep(3)\n    \n            # Get test data\n            test_data = test_case[&amp;quot;document_upload&amp;quot;][0][&amp;quot;TC_AD_14&amp;quot;]\n    \n            # Prepare test files (in a real scenario, you would have actual test files)\n            # For this example, we&amp;#x27;ll assume test files exist in a test_files directory\n            test_files_dir = os.path.join(os.getcwd(), &amp;quot;test_files&amp;quot;)\n    \n            # Ensure test files directory exists (create if needed for demo)\n            if not os.path.exists(test_files_dir):\n                os.makedirs(test_files_dir)\n                # In a real scenario, you would place actual test files here\n    \n            student_photo_path = os.path.join(test_files_dir, test_data[&amp;quot;student_photo&amp;quot;])\n            birth_certificate_path = os.path.join(test_files_dir, test_data[&amp;quot;birth_certificate&amp;quot;])\n            academic_records_path = os.path.join(test_files_dir, test_data[&amp;quot;academic_records&amp;quot;])\n    \n            # Create dummy files for testing if they don&amp;#x27;t exist\n            # In a real test environment, you would have pre-created valid test files\n            if not os.path.exists(student_photo_path):\n                logging.warning(f&amp;quot;Test file not found: {student_photo_path}. Creating dummy file for testing.&amp;quot;)\n                with open(student_photo_path, &amp;#x27;w&amp;#x27;) as f:\n                    f.write(&amp;quot;dummy photo content&amp;quot;)\n    \n            if not os.path.exists(birth_certificate_path):\n                logging.warning(f&amp;quot;Test file not found: {birth_certificate_path}. Creating dummy file for testing.&amp;quot;)\n                with open(birth_certificate_path, &amp;#x27;w&amp;#x27;) as f:\n                    f.write(&amp;quot;dummy certificate content&amp;quot;)\n    \n            if not os.path.exists(academic_records_path):\n                logging.warning(f&amp;quot;Test file not found: {academic_records_path}. Creating dummy file for testing.&amp;quot;)\n                with open(academic_records_path, &amp;#x27;w&amp;#x27;) as f:\n                    f.write(&amp;quot;dummy records content&amp;quot;)\n    \n            # 1. Upload Student&amp;#x27;s Recent Photo\n            try:\n                document_upload_page.upload_student_photo(student_photo_path)\n                logging.info(f&amp;quot;Student photo &amp;#x27;{test_data[&amp;#x27;student_photo&amp;#x27;]}&amp;#x27; uploaded successfully.&amp;quot;)\n    \n                # Verify upload success\n                if document_upload_page.is_file_uploaded_successfully(&amp;quot;photo&amp;quot;):\n                    logging.info(&amp;quot;\u2705 Student photo upload confirmed.&amp;quot;)\n                else:\n                    logging.warning(&amp;quot;\u26a0\ufe0f Student photo upload confirmation not available.&amp;quot;)\n    \n            except Exception as e:\n                logging.error(f&amp;quot;Failed to upload student photo: {str(e)}&amp;quot;)\n                capture_full_page_screenshot(driver, &amp;quot;TC_AD_14_photo_upload_error&amp;quot;)\n&amp;gt;               pytest.fail(f&amp;quot;Test Failed. Failed to upload student photo: {str(e)}&amp;quot;)\nE               Failed: Test Failed. Failed to upload student photo: Message: \nE               Stacktrace:\nE               \tGetHandleVerifier [0x0x7ff708753d85+79397]\nE               \tGetHandleVerifier [0x0x7ff708753de0+79488]\nE               \t(No symbol) [0x0x7ff7084fc0fa]\nE               \t(No symbol) [0x0x7ff708552fd6]\nE               \t(No symbol) [0x0x7ff70855328c]\nE               \t(No symbol) [0x0x7ff7085a6537]\nE               \t(No symbol) [0x0x7ff70857b1df]\nE               \t(No symbol) [0x0x7ff7085a3344]\nE               \t(No symbol) [0x0x7ff70857af73]\nE               \t(No symbol) [0x0x7ff7085441b1]\nE               \t(No symbol) [0x0x7ff708544f43]\nE               \tGetHandleVerifier [0x0x7ff708a1e1ed+3005069]\nE               \tGetHandleVerifier [0x0x7ff708a1831d+2980797]\nE               \tGetHandleVerifier [0x0x7ff708a37e0d+3110573]\nE               \tGetHandleVerifier [0x0x7ff70876d6de+184190]\nE               \tGetHandleVerifier [0x0x7ff70877516f+215567]\nE               \tGetHandleVerifier [0x0x7ff70875c974+115220]\nE               \tGetHandleVerifier [0x0x7ff70875cb29+115657]\nE               \tGetHandleVerifier [0x0x7ff708743268+11016]\nE               \tBaseThreadInitThunk [0x0x7ffb14f0e8d7+23]\nE               \tRtlUserThreadStart [0x0x7ffb1665c34c+44]\n\ntests\\admission\\test_TC_AD_14.py:74: Failed\n\n------------------------------ Captured log setup ------------------------------\nINFO     root:conftest.py:31 Starting browser session with chrome...\nINFO     root:conftest.py:48 chrome browser launched successfully.\nINFO     root:conftest.py:54 URL opened successfully.\n\n------------------------------ Captured log call -------------------------------\nINFO     root:test_TC_AD_14.py:12 TC_AD_14 Started..\nINFO     root:test_TC_AD_14.py:13 Verify Required Document Upload with Valid Files\nERROR    root:test_TC_AD_14.py:72 Failed to upload student photo: Message: \nStacktrace:\n\tGetHandleVerifier [0x0x7ff708753d85+79397]\n\tGetHandleVerifier [0x0x7ff708753de0+79488]\n\t(No symbol) [0x0x7ff7084fc0fa]\n\t(No symbol) [0x0x7ff708552fd6]\n\t(No symbol) [0x0x7ff70855328c]\n\t(No symbol) [0x0x7ff7085a6537]\n\t(No symbol) [0x0x7ff70857b1df]\n\t(No symbol) [0x0x7ff7085a3344]\n\t(No symbol) [0x0x7ff70857af73]\n\t(No symbol) [0x0x7ff7085441b1]\n\t(No symbol) [0x0x7ff708544f43]\n\tGetHandleVerifier [0x0x7ff708a1e1ed+3005069]\n\tGetHandleVerifier [0x0x7ff708a1831d+2980797]\n\tGetHandleVerifier [0x0x7ff708a37e0d+3110573]\n\tGetHandleVerifier [0x0x7ff70876d6de+184190]\n\tGetHandleVerifier [0x0x7ff70877516f+215567]\n\tGetHandleVerifier [0x0x7ff70875c974+115220]\n\tGetHandleVerifier [0x0x7ff70875cb29+115657]\n\tGetHandleVerifier [0x0x7ff708743268+11016]\n\tBaseThreadInitThunk [0x0x7ffb14f0e8d7+23]\n\tRtlUserThreadStart [0x0x7ffb1665c34c+44]\n\n---------------------------- Captured log teardown -----------------------------\nINFO     root:conftest.py:58 Script complete.\nINFO     root:conftest.py:60 Ending browser session...\nINFO     root:conftest.py:61 ...................\nINFO     root:conftest.py:62 ...................&#34;}], &#34;tests/admission/test_TC_AD_15.py::test_tc_ad_15[test_case0]&#34;: [{&#34;extras&#34;: [], &#34;result&#34;: &#34;Failed&#34;, &#34;testId&#34;: &#34;tests/admission/test_TC_AD_15.py::test_tc_ad_15[test_case0]&#34;, &#34;duration&#34;: &#34;00:00:34&#34;, &#34;resultsTableRow&#34;: [&#34;&lt;td class=\&#34;col-result\&#34;&gt;Failed&lt;/td&gt;&#34;, &#34;&lt;td class=\&#34;col-testId\&#34;&gt;tests/admission/test_TC_AD_15.py::test_tc_ad_15[test_case0]&lt;/td&gt;&#34;, &#34;&lt;td class=\&#34;col-duration\&#34;&gt;00:00:34&lt;/td&gt;&#34;, &#34;&lt;td class=\&#34;col-links\&#34;&gt;&lt;/td&gt;&#34;], &#34;log&#34;: &#34;browser_config = (&amp;lt;selenium.webdriver.chrome.webdriver.WebDriver (session=&amp;quot;b028e9352125c9bf0d3c360196513184&amp;quot;)&amp;gt;, &amp;lt;selenium.webdriver.support.wait.WebDriverWait (session=&amp;quot;b028e9352125c9bf0d3c360196513184&amp;quot;)&amp;gt;)\ntest_case = {&amp;#x27;admission_portal&amp;#x27;: [{&amp;#x27;TC_AD_01&amp;#x27;: {&amp;#x27;_comment&amp;#x27;: &amp;#x27;Verify All Available Admissions Display on Main Page&amp;#x27;, &amp;#x27;expected_resu...nd navigate previous school information form&amp;#x27;, &amp;#x27;father_address&amp;#x27;: &amp;#x27;Dhaka&amp;#x27;, &amp;#x27;father_contact&amp;#x27;: &amp;#x27;01789571651&amp;#x27;, ...}}], ...}\n\n    @pytest.mark.parametrize(&amp;quot;test_case&amp;quot;, load_all_test_data(&amp;quot;../data/data_admission.json&amp;quot;))\n    def test_tc_ad_15(browser_config, test_case):\n        logging.info(&amp;quot;TC_AD_15 Started..&amp;quot;)\n        logging.info(test_case[&amp;quot;application_submission&amp;quot;][0][&amp;quot;TC_AD_15&amp;quot;][&amp;quot;_comment&amp;quot;])\n    \n        driver, wait = browser_config\n    \n        # Create object for ApplicationReviewPage class\n        application_review_page = ApplicationReviewPage(driver, wait)\n    \n        try:\n            # Note: This test assumes user has already completed all previous sections\n            # and has reached the Review Page. In a real scenario, we would need to\n            # navigate through all previous forms or have a direct way to reach review page.\n    \n            # For this test, we&amp;#x27;ll assume we&amp;#x27;re already on the review page\n            # In practice, you might need to fill all previous forms first\n    \n            # Wait for review page to load\n            time.sleep(3)\n    \n            # Get test data\n            test_data = test_case[&amp;quot;application_submission&amp;quot;][0][&amp;quot;TC_AD_15&amp;quot;]\n    \n            # 1. Scroll down to the bottom of the Review Page\n            try:\n                application_review_page.scroll_to_bottom()\n                logging.info(&amp;quot;Scrolled to bottom of the Review Page successfully.&amp;quot;)\n            except Exception as e:\n                logging.error(f&amp;quot;Failed to scroll to bottom: {str(e)}&amp;quot;)\n                capture_full_page_screenshot(driver, &amp;quot;TC_AD_15_scroll_error&amp;quot;)\n                pytest.fail(f&amp;quot;Test Failed. Failed to scroll to bottom: {str(e)}&amp;quot;)\n    \n            # 2. Tick/check the confirmation checkbox\n            try:\n&amp;gt;               application_review_page.check_confirmation_checkbox()\n\ntests\\admission\\test_TC_AD_15.py:44: \n_ _ _ _ _ _ _ _ _ _ _ _ _ _ _ _ _ _ _ _ _ _ _ _ _ _ _ _ _ _ _ _ _ _ _ _ _ _ _ _ _ _ _ _ _ _ _ _ _ _ _ _ _ _ _ _ _ _ _ _ _ _ _ _ _ _ _ _ _ _ _ _ _ _ _ _ _ _ _ _ _ _ _ _ _ _ _ _ _ \npages\\application_review_page.py:19: in check_confirmation_checkbox\n    checkbox_label = self.wait.until(\n_ _ _ _ _ _ _ _ _ _ _ _ _ _ _ _ _ _ _ _ _ _ _ _ _ _ _ _ _ _ _ _ _ _ _ _ _ _ _ _ _ _ _ _ _ _ _ _ _ _ _ _ _ _ _ _ _ _ _ _ _ _ _ _ _ _ _ _ _ _ _ _ _ _ _ _ _ _ _ _ _ _ _ _ _ _ _ _ _ \n\nself = &amp;lt;selenium.webdriver.support.wait.WebDriverWait (session=&amp;quot;b028e9352125c9bf0d3c360196513184&amp;quot;)&amp;gt;\nmethod = &amp;lt;function element_to_be_clickable.&amp;lt;locals&amp;gt;._predicate at 0x0000026166260E00&amp;gt;, message = &amp;#x27;&amp;#x27;\n\n    def until(self, method: Callable[[D], Union[Literal[False], T]], message: str = &amp;quot;&amp;quot;) -&amp;gt; T:\n        &amp;quot;&amp;quot;&amp;quot;Wait until the method returns a value that is not False.\n    \n        Calls the method provided with the driver as an argument until the\n        return value does not evaluate to ``False``.\n    \n        Parameters:\n        -----------\n        method: callable(WebDriver)\n            - A callable object that takes a WebDriver instance as an argument.\n    \n        message: str\n            - Optional message for :exc:`TimeoutException`\n    \n        Return:\n        -------\n        object: T\n            - The result of the last call to `method`\n    \n        Raises:\n        -------\n        TimeoutException\n            - If &amp;#x27;method&amp;#x27; does not return a truthy value within the WebDriverWait\n            object&amp;#x27;s timeout\n    \n        Example:\n        --------\n        &amp;gt;&amp;gt;&amp;gt; from selenium.webdriver.common.by import By\n        &amp;gt;&amp;gt;&amp;gt; from selenium.webdriver.support.ui import WebDriverWait\n        &amp;gt;&amp;gt;&amp;gt; from selenium.webdriver.support import expected_conditions as EC\n    \n        # Wait until an element is visible on the page\n        &amp;gt;&amp;gt;&amp;gt; wait = WebDriverWait(driver, 10)\n        &amp;gt;&amp;gt;&amp;gt; element = wait.until(EC.visibility_of_element_located((By.ID, &amp;quot;exampleId&amp;quot;)))\n        &amp;gt;&amp;gt;&amp;gt; print(element.text)\n        &amp;quot;&amp;quot;&amp;quot;\n        screen = None\n        stacktrace = None\n    \n        end_time = time.monotonic() + self._timeout\n        while True:\n            try:\n                value = method(self._driver)\n                if value:\n                    return value\n            except self._ignored_exceptions as exc:\n                screen = getattr(exc, &amp;quot;screen&amp;quot;, None)\n                stacktrace = getattr(exc, &amp;quot;stacktrace&amp;quot;, None)\n            if time.monotonic() &amp;gt; end_time:\n                break\n            time.sleep(self._poll)\n&amp;gt;       raise TimeoutException(message, screen, stacktrace)\nE       selenium.common.exceptions.TimeoutException: Message: \nE       Stacktrace:\nE       \tGetHandleVerifier [0x0x7ff708753d85+79397]\nE       \tGetHandleVerifier [0x0x7ff708753de0+79488]\nE       \t(No symbol) [0x0x7ff7084fc0fa]\nE       \t(No symbol) [0x0x7ff708552fd6]\nE       \t(No symbol) [0x0x7ff70855328c]\nE       \t(No symbol) [0x0x7ff7085a6537]\nE       \t(No symbol) [0x0x7ff70857b1df]\nE       \t(No symbol) [0x0x7ff7085a3344]\nE       \t(No symbol) [0x0x7ff70857af73]\nE       \t(No symbol) [0x0x7ff7085441b1]\nE       \t(No symbol) [0x0x7ff708544f43]\nE       \tGetHandleVerifier [0x0x7ff708a1e1ed+3005069]\nE       \tGetHandleVerifier [0x0x7ff708a1831d+2980797]\nE       \tGetHandleVerifier [0x0x7ff708a37e0d+3110573]\nE       \tGetHandleVerifier [0x0x7ff70876d6de+184190]\nE       \tGetHandleVerifier [0x0x7ff70877516f+215567]\nE       \tGetHandleVerifier [0x0x7ff70875c974+115220]\nE       \tGetHandleVerifier [0x0x7ff70875cb29+115657]\nE       \tGetHandleVerifier [0x0x7ff708743268+11016]\nE       \tBaseThreadInitThunk [0x0x7ffb14f0e8d7+23]\nE       \tRtlUserThreadStart [0x0x7ffb1665c34c+44]\n\nC:\\Users\\sinth\\Downloads\\Movie_Ticket_Automation-master\\Movie_Ticket_Automation-master\\.venv\\Lib\\site-packages\\selenium\\webdriver\\support\\wait.py:138: TimeoutException\n\nDuring handling of the above exception, another exception occurred:\n\nbrowser_config = (&amp;lt;selenium.webdriver.chrome.webdriver.WebDriver (session=&amp;quot;b028e9352125c9bf0d3c360196513184&amp;quot;)&amp;gt;, &amp;lt;selenium.webdriver.support.wait.WebDriverWait (session=&amp;quot;b028e9352125c9bf0d3c360196513184&amp;quot;)&amp;gt;)\ntest_case = {&amp;#x27;admission_portal&amp;#x27;: [{&amp;#x27;TC_AD_01&amp;#x27;: {&amp;#x27;_comment&amp;#x27;: &amp;#x27;Verify All Available Admissions Display on Main Page&amp;#x27;, &amp;#x27;expected_resu...nd navigate previous school information form&amp;#x27;, &amp;#x27;father_address&amp;#x27;: &amp;#x27;Dhaka&amp;#x27;, &amp;#x27;father_contact&amp;#x27;: &amp;#x27;01789571651&amp;#x27;, ...}}], ...}\n\n    @pytest.mark.parametrize(&amp;quot;test_case&amp;quot;, load_all_test_data(&amp;quot;../data/data_admission.json&amp;quot;))\n    def test_tc_ad_15(browser_config, test_case):\n        logging.info(&amp;quot;TC_AD_15 Started..&amp;quot;)\n        logging.info(test_case[&amp;quot;application_submission&amp;quot;][0][&amp;quot;TC_AD_15&amp;quot;][&amp;quot;_comment&amp;quot;])\n    \n        driver, wait = browser_config\n    \n        # Create object for ApplicationReviewPage class\n        application_review_page = ApplicationReviewPage(driver, wait)\n    \n        try:\n            # Note: This test assumes user has already completed all previous sections\n            # and has reached the Review Page. In a real scenario, we would need to\n            # navigate through all previous forms or have a direct way to reach review page.\n    \n            # For this test, we&amp;#x27;ll assume we&amp;#x27;re already on the review page\n            # In practice, you might need to fill all previous forms first\n    \n            # Wait for review page to load\n            time.sleep(3)\n    \n            # Get test data\n            test_data = test_case[&amp;quot;application_submission&amp;quot;][0][&amp;quot;TC_AD_15&amp;quot;]\n    \n            # 1. Scroll down to the bottom of the Review Page\n            try:\n                application_review_page.scroll_to_bottom()\n                logging.info(&amp;quot;Scrolled to bottom of the Review Page successfully.&amp;quot;)\n            except Exception as e:\n                logging.error(f&amp;quot;Failed to scroll to bottom: {str(e)}&amp;quot;)\n                capture_full_page_screenshot(driver, &amp;quot;TC_AD_15_scroll_error&amp;quot;)\n                pytest.fail(f&amp;quot;Test Failed. Failed to scroll to bottom: {str(e)}&amp;quot;)\n    \n            # 2. Tick/check the confirmation checkbox\n            try:\n                application_review_page.check_confirmation_checkbox()\n                logging.info(&amp;quot;Confirmation checkbox checked successfully.&amp;quot;)\n            except Exception as e:\n                logging.error(f&amp;quot;Failed to check confirmation checkbox: {str(e)}&amp;quot;)\n                capture_full_page_screenshot(driver, &amp;quot;TC_AD_15_checkbox_error&amp;quot;)\n&amp;gt;               pytest.fail(f&amp;quot;Test Failed. Failed to check confirmation checkbox: {str(e)}&amp;quot;)\nE               Failed: Test Failed. Failed to check confirmation checkbox: Message: \nE               Stacktrace:\nE               \tGetHandleVerifier [0x0x7ff708753d85+79397]\nE               \tGetHandleVerifier [0x0x7ff708753de0+79488]\nE               \t(No symbol) [0x0x7ff7084fc0fa]\nE               \t(No symbol) [0x0x7ff708552fd6]\nE               \t(No symbol) [0x0x7ff70855328c]\nE               \t(No symbol) [0x0x7ff7085a6537]\nE               \t(No symbol) [0x0x7ff70857b1df]\nE               \t(No symbol) [0x0x7ff7085a3344]\nE               \t(No symbol) [0x0x7ff70857af73]\nE               \t(No symbol) [0x0x7ff7085441b1]\nE               \t(No symbol) [0x0x7ff708544f43]\nE               \tGetHandleVerifier [0x0x7ff708a1e1ed+3005069]\nE               \tGetHandleVerifier [0x0x7ff708a1831d+2980797]\nE               \tGetHandleVerifier [0x0x7ff708a37e0d+3110573]\nE               \tGetHandleVerifier [0x0x7ff70876d6de+184190]\nE               \tGetHandleVerifier [0x0x7ff70877516f+215567]\nE               \tGetHandleVerifier [0x0x7ff70875c974+115220]\nE               \tGetHandleVerifier [0x0x7ff70875cb29+115657]\nE               \tGetHandleVerifier [0x0x7ff708743268+11016]\nE               \tBaseThreadInitThunk [0x0x7ffb14f0e8d7+23]\nE               \tRtlUserThreadStart [0x0x7ffb1665c34c+44]\n\ntests\\admission\\test_TC_AD_15.py:49: Failed\n\n------------------------------ Captured log setup ------------------------------\nINFO     root:conftest.py:31 Starting browser session with chrome...\nINFO     root:conftest.py:48 chrome browser launched successfully.\nINFO     root:conftest.py:54 URL opened successfully.\n\n------------------------------ Captured log call -------------------------------\nINFO     root:test_TC_AD_15.py:11 TC_AD_15 Started..\nINFO     root:test_TC_AD_15.py:12 Verify Application Submission from Review Page\nINFO     root:test_TC_AD_15.py:36 Scrolled to bottom of the Review Page successfully.\nERROR    root:test_TC_AD_15.py:47 Failed to check confirmation checkbox: Message: \nStacktrace:\n\tGetHandleVerifier [0x0x7ff708753d85+79397]\n\tGetHandleVerifier [0x0x7ff708753de0+79488]\n\t(No symbol) [0x0x7ff7084fc0fa]\n\t(No symbol) [0x0x7ff708552fd6]\n\t(No symbol) [0x0x7ff70855328c]\n\t(No symbol) [0x0x7ff7085a6537]\n\t(No symbol) [0x0x7ff70857b1df]\n\t(No symbol) [0x0x7ff7085a3344]\n\t(No symbol) [0x0x7ff70857af73]\n\t(No symbol) [0x0x7ff7085441b1]\n\t(No symbol) [0x0x7ff708544f43]\n\tGetHandleVerifier [0x0x7ff708a1e1ed+3005069]\n\tGetHandleVerifier [0x0x7ff708a1831d+2980797]\n\tGetHandleVerifier [0x0x7ff708a37e0d+3110573]\n\tGetHandleVerifier [0x0x7ff70876d6de+184190]\n\tGetHandleVerifier [0x0x7ff70877516f+215567]\n\tGetHandleVerifier [0x0x7ff70875c974+115220]\n\tGetHandleVerifier [0x0x7ff70875cb29+115657]\n\tGetHandleVerifier [0x0x7ff708743268+11016]\n\tBaseThreadInitThunk [0x0x7ffb14f0e8d7+23]\n\tRtlUserThreadStart [0x0x7ffb1665c34c+44]\n\n---------------------------- Captured log teardown -----------------------------\nINFO     root:conftest.py:58 Script complete.\nINFO     root:conftest.py:60 Ending browser session...\nINFO     root:conftest.py:61 ...................\nINFO     root:conftest.py:62 ...................&#34;}], &#34;tests/admission/test_TC_AD_18.py::test_tc_ad_18[test_case0]&#34;: [{&#34;extras&#34;: [], &#34;result&#34;: &#34;Failed&#34;, &#34;testId&#34;: &#34;tests/admission/test_TC_AD_18.py::test_tc_ad_18[test_case0]&#34;, &#34;duration&#34;: &#34;00:00:32&#34;, &#34;resultsTableRow&#34;: [&#34;&lt;td class=\&#34;col-result\&#34;&gt;Failed&lt;/td&gt;&#34;, &#34;&lt;td class=\&#34;col-testId\&#34;&gt;tests/admission/test_TC_AD_18.py::test_tc_ad_18[test_case0]&lt;/td&gt;&#34;, &#34;&lt;td class=\&#34;col-duration\&#34;&gt;00:00:32&lt;/td&gt;&#34;, &#34;&lt;td class=\&#34;col-links\&#34;&gt;&lt;/td&gt;&#34;], &#34;log&#34;: &#34;browser_config = (&amp;lt;selenium.webdriver.chrome.webdriver.WebDriver (session=&amp;quot;04f8cb14964f5887acc0a72245000440&amp;quot;)&amp;gt;, &amp;lt;selenium.webdriver.support.wait.WebDriverWait (session=&amp;quot;04f8cb14964f5887acc0a72245000440&amp;quot;)&amp;gt;)\ntest_case = {&amp;#x27;admission_portal&amp;#x27;: [{&amp;#x27;TC_AD_01&amp;#x27;: {&amp;#x27;_comment&amp;#x27;: &amp;#x27;Verify All Available Admissions Display on Main Page&amp;#x27;, &amp;#x27;expected_resu...nd navigate previous school information form&amp;#x27;, &amp;#x27;father_address&amp;#x27;: &amp;#x27;Dhaka&amp;#x27;, &amp;#x27;father_contact&amp;#x27;: &amp;#x27;01789571651&amp;#x27;, ...}}], ...}\n\n    @pytest.mark.parametrize(&amp;quot;test_case&amp;quot;, load_all_test_data(&amp;quot;../data/data_admission.json&amp;quot;))\n    def test_tc_ad_18(browser_config, test_case):\n        logging.info(&amp;quot;TC_AD_18 Started..&amp;quot;)\n        logging.info(test_case[&amp;quot;payment&amp;quot;][0][&amp;quot;TC_AD_18&amp;quot;][&amp;quot;_comment&amp;quot;])\n    \n        driver, wait = browser_config\n    \n        # Create object for PaymentPage class\n        payment_page = PaymentPage(driver, wait)\n    \n        try:\n            # Note: This test assumes user has reached the Payment Page after completing\n            # the application form. In a real scenario, we would need to navigate through\n            # all previous forms or have a direct way to reach payment page.\n    \n            # Wait for payment page to load\n            time.sleep(3)\n    \n            # Get test data\n            test_data = test_case[&amp;quot;payment&amp;quot;][0][&amp;quot;TC_AD_18&amp;quot;]\n            payment_method = test_data[&amp;quot;payment_method&amp;quot;]\n    \n            # 1. Ensure Offline payment option is selected\n            try:\n&amp;gt;               payment_page.select_offline_payment_method()\n\ntests\\admission\\test_TC_AD_18.py:33: \n_ _ _ _ _ _ _ _ _ _ _ _ _ _ _ _ _ _ _ _ _ _ _ _ _ _ _ _ _ _ _ _ _ _ _ _ _ _ _ _ _ _ _ _ _ _ _ _ _ _ _ _ _ _ _ _ _ _ _ _ _ _ _ _ _ _ _ _ _ _ _ _ _ _ _ _ _ _ _ _ _ _ _ _ _ _ _ _ _ \npages\\payment_page.py:12: in select_offline_payment_method\n    offline_payment_radio = self.wait.until(\n_ _ _ _ _ _ _ _ _ _ _ _ _ _ _ _ _ _ _ _ _ _ _ _ _ _ _ _ _ _ _ _ _ _ _ _ _ _ _ _ _ _ _ _ _ _ _ _ _ _ _ _ _ _ _ _ _ _ _ _ _ _ _ _ _ _ _ _ _ _ _ _ _ _ _ _ _ _ _ _ _ _ _ _ _ _ _ _ _ \n\nself = &amp;lt;selenium.webdriver.support.wait.WebDriverWait (session=&amp;quot;04f8cb14964f5887acc0a72245000440&amp;quot;)&amp;gt;\nmethod = &amp;lt;function element_to_be_clickable.&amp;lt;locals&amp;gt;._predicate at 0x00000261662618A0&amp;gt;, message = &amp;#x27;&amp;#x27;\n\n    def until(self, method: Callable[[D], Union[Literal[False], T]], message: str = &amp;quot;&amp;quot;) -&amp;gt; T:\n        &amp;quot;&amp;quot;&amp;quot;Wait until the method returns a value that is not False.\n    \n        Calls the method provided with the driver as an argument until the\n        return value does not evaluate to ``False``.\n    \n        Parameters:\n        -----------\n        method: callable(WebDriver)\n            - A callable object that takes a WebDriver instance as an argument.\n    \n        message: str\n            - Optional message for :exc:`TimeoutException`\n    \n        Return:\n        -------\n        object: T\n            - The result of the last call to `method`\n    \n        Raises:\n        -------\n        TimeoutException\n            - If &amp;#x27;method&amp;#x27; does not return a truthy value within the WebDriverWait\n            object&amp;#x27;s timeout\n    \n        Example:\n        --------\n        &amp;gt;&amp;gt;&amp;gt; from selenium.webdriver.common.by import By\n        &amp;gt;&amp;gt;&amp;gt; from selenium.webdriver.support.ui import WebDriverWait\n        &amp;gt;&amp;gt;&amp;gt; from selenium.webdriver.support import expected_conditions as EC\n    \n        # Wait until an element is visible on the page\n        &amp;gt;&amp;gt;&amp;gt; wait = WebDriverWait(driver, 10)\n        &amp;gt;&amp;gt;&amp;gt; element = wait.until(EC.visibility_of_element_located((By.ID, &amp;quot;exampleId&amp;quot;)))\n        &amp;gt;&amp;gt;&amp;gt; print(element.text)\n        &amp;quot;&amp;quot;&amp;quot;\n        screen = None\n        stacktrace = None\n    \n        end_time = time.monotonic() + self._timeout\n        while True:\n            try:\n                value = method(self._driver)\n                if value:\n                    return value\n            except self._ignored_exceptions as exc:\n                screen = getattr(exc, &amp;quot;screen&amp;quot;, None)\n                stacktrace = getattr(exc, &amp;quot;stacktrace&amp;quot;, None)\n            if time.monotonic() &amp;gt; end_time:\n                break\n            time.sleep(self._poll)\n&amp;gt;       raise TimeoutException(message, screen, stacktrace)\nE       selenium.common.exceptions.TimeoutException: Message: \nE       Stacktrace:\nE       \tGetHandleVerifier [0x0x7ff708753d85+79397]\nE       \tGetHandleVerifier [0x0x7ff708753de0+79488]\nE       \t(No symbol) [0x0x7ff7084fc0fa]\nE       \t(No symbol) [0x0x7ff708552fd6]\nE       \t(No symbol) [0x0x7ff70855328c]\nE       \t(No symbol) [0x0x7ff7085a6537]\nE       \t(No symbol) [0x0x7ff70857b1df]\nE       \t(No symbol) [0x0x7ff7085a3344]\nE       \t(No symbol) [0x0x7ff70857af73]\nE       \t(No symbol) [0x0x7ff7085441b1]\nE       \t(No symbol) [0x0x7ff708544f43]\nE       \tGetHandleVerifier [0x0x7ff708a1e1ed+3005069]\nE       \tGetHandleVerifier [0x0x7ff708a1831d+2980797]\nE       \tGetHandleVerifier [0x0x7ff708a37e0d+3110573]\nE       \tGetHandleVerifier [0x0x7ff70876d6de+184190]\nE       \tGetHandleVerifier [0x0x7ff70877516f+215567]\nE       \tGetHandleVerifier [0x0x7ff70875c974+115220]\nE       \tGetHandleVerifier [0x0x7ff70875cb29+115657]\nE       \tGetHandleVerifier [0x0x7ff708743268+11016]\nE       \tBaseThreadInitThunk [0x0x7ffb14f0e8d7+23]\nE       \tRtlUserThreadStart [0x0x7ffb1665c34c+44]\n\nC:\\Users\\sinth\\Downloads\\Movie_Ticket_Automation-master\\Movie_Ticket_Automation-master\\.venv\\Lib\\site-packages\\selenium\\webdriver\\support\\wait.py:138: TimeoutException\n\nDuring handling of the above exception, another exception occurred:\n\nbrowser_config = (&amp;lt;selenium.webdriver.chrome.webdriver.WebDriver (session=&amp;quot;04f8cb14964f5887acc0a72245000440&amp;quot;)&amp;gt;, &amp;lt;selenium.webdriver.support.wait.WebDriverWait (session=&amp;quot;04f8cb14964f5887acc0a72245000440&amp;quot;)&amp;gt;)\ntest_case = {&amp;#x27;admission_portal&amp;#x27;: [{&amp;#x27;TC_AD_01&amp;#x27;: {&amp;#x27;_comment&amp;#x27;: &amp;#x27;Verify All Available Admissions Display on Main Page&amp;#x27;, &amp;#x27;expected_resu...nd navigate previous school information form&amp;#x27;, &amp;#x27;father_address&amp;#x27;: &amp;#x27;Dhaka&amp;#x27;, &amp;#x27;father_contact&amp;#x27;: &amp;#x27;01789571651&amp;#x27;, ...}}], ...}\n\n    @pytest.mark.parametrize(&amp;quot;test_case&amp;quot;, load_all_test_data(&amp;quot;../data/data_admission.json&amp;quot;))\n    def test_tc_ad_18(browser_config, test_case):\n        logging.info(&amp;quot;TC_AD_18 Started..&amp;quot;)\n        logging.info(test_case[&amp;quot;payment&amp;quot;][0][&amp;quot;TC_AD_18&amp;quot;][&amp;quot;_comment&amp;quot;])\n    \n        driver, wait = browser_config\n    \n        # Create object for PaymentPage class\n        payment_page = PaymentPage(driver, wait)\n    \n        try:\n            # Note: This test assumes user has reached the Payment Page after completing\n            # the application form. In a real scenario, we would need to navigate through\n            # all previous forms or have a direct way to reach payment page.\n    \n            # Wait for payment page to load\n            time.sleep(3)\n    \n            # Get test data\n            test_data = test_case[&amp;quot;payment&amp;quot;][0][&amp;quot;TC_AD_18&amp;quot;]\n            payment_method = test_data[&amp;quot;payment_method&amp;quot;]\n    \n            # 1. Ensure Offline payment option is selected\n            try:\n                payment_page.select_offline_payment_method()\n                logging.info(f&amp;quot;&amp;#x27;{payment_method}&amp;#x27; payment method selected successfully.&amp;quot;)\n            except Exception as e:\n                logging.error(f&amp;quot;Failed to select offline payment method: {str(e)}&amp;quot;)\n                capture_full_page_screenshot(driver, &amp;quot;TC_AD_18_payment_method_error&amp;quot;)\n&amp;gt;               pytest.fail(f&amp;quot;Test Failed. Failed to select offline payment method: {str(e)}&amp;quot;)\nE               Failed: Test Failed. Failed to select offline payment method: Message: \nE               Stacktrace:\nE               \tGetHandleVerifier [0x0x7ff708753d85+79397]\nE               \tGetHandleVerifier [0x0x7ff708753de0+79488]\nE               \t(No symbol) [0x0x7ff7084fc0fa]\nE               \t(No symbol) [0x0x7ff708552fd6]\nE               \t(No symbol) [0x0x7ff70855328c]\nE               \t(No symbol) [0x0x7ff7085a6537]\nE               \t(No symbol) [0x0x7ff70857b1df]\nE               \t(No symbol) [0x0x7ff7085a3344]\nE               \t(No symbol) [0x0x7ff70857af73]\nE               \t(No symbol) [0x0x7ff7085441b1]\nE               \t(No symbol) [0x0x7ff708544f43]\nE               \tGetHandleVerifier [0x0x7ff708a1e1ed+3005069]\nE               \tGetHandleVerifier [0x0x7ff708a1831d+2980797]\nE               \tGetHandleVerifier [0x0x7ff708a37e0d+3110573]\nE               \tGetHandleVerifier [0x0x7ff70876d6de+184190]\nE               \tGetHandleVerifier [0x0x7ff70877516f+215567]\nE               \tGetHandleVerifier [0x0x7ff70875c974+115220]\nE               \tGetHandleVerifier [0x0x7ff70875cb29+115657]\nE               \tGetHandleVerifier [0x0x7ff708743268+11016]\nE               \tBaseThreadInitThunk [0x0x7ffb14f0e8d7+23]\nE               \tRtlUserThreadStart [0x0x7ffb1665c34c+44]\n\ntests\\admission\\test_TC_AD_18.py:38: Failed\n\n------------------------------ Captured log setup ------------------------------\nINFO     root:conftest.py:31 Starting browser session with chrome...\nINFO     root:conftest.py:48 chrome browser launched successfully.\nINFO     root:conftest.py:54 URL opened successfully.\n\n------------------------------ Captured log call -------------------------------\nINFO     root:test_TC_AD_18.py:11 TC_AD_18 Started..\nINFO     root:test_TC_AD_18.py:12 Verify View Voucher Functionality\nERROR    root:test_TC_AD_18.py:36 Failed to select offline payment method: Message: \nStacktrace:\n\tGetHandleVerifier [0x0x7ff708753d85+79397]\n\tGetHandleVerifier [0x0x7ff708753de0+79488]\n\t(No symbol) [0x0x7ff7084fc0fa]\n\t(No symbol) [0x0x7ff708552fd6]\n\t(No symbol) [0x0x7ff70855328c]\n\t(No symbol) [0x0x7ff7085a6537]\n\t(No symbol) [0x0x7ff70857b1df]\n\t(No symbol) [0x0x7ff7085a3344]\n\t(No symbol) [0x0x7ff70857af73]\n\t(No symbol) [0x0x7ff7085441b1]\n\t(No symbol) [0x0x7ff708544f43]\n\tGetHandleVerifier [0x0x7ff708a1e1ed+3005069]\n\tGetHandleVerifier [0x0x7ff708a1831d+2980797]\n\tGetHandleVerifier [0x0x7ff708a37e0d+3110573]\n\tGetHandleVerifier [0x0x7ff70876d6de+184190]\n\tGetHandleVerifier [0x0x7ff70877516f+215567]\n\tGetHandleVerifier [0x0x7ff70875c974+115220]\n\tGetHandleVerifier [0x0x7ff70875cb29+115657]\n\tGetHandleVerifier [0x0x7ff708743268+11016]\n\tBaseThreadInitThunk [0x0x7ffb14f0e8d7+23]\n\tRtlUserThreadStart [0x0x7ffb1665c34c+44]\n\n---------------------------- Captured log teardown -----------------------------\nINFO     root:conftest.py:58 Script complete.\nINFO     root:conftest.py:60 Ending browser session...\nINFO     root:conftest.py:61 ...................\nINFO     root:conftest.py:62 ...................&#34;}]}, &#34;renderCollapsed&#34;: [&#34;passed&#34;], &#34;initialSort&#34;: &#34;result&#34;, &#34;title&#34;: &#34;report.html&#34;}"></div>
    <script>
      (function(){function r(e,n,t){function o(i,f){if(!n[i]){if(!e[i]){var c="function"==typeof require&&require;if(!f&&c)return c(i,!0);if(u)return u(i,!0);var a=new Error("Cannot find module '"+i+"'");throw a.code="MODULE_NOT_FOUND",a}var p=n[i]={exports:{}};e[i][0].call(p.exports,function(r){var n=e[i][1][r];return o(n||r)},p,p.exports,r,e,n,t)}return n[i].exports}for(var u="function"==typeof require&&require,i=0;i<t.length;i++)o(t[i]);return o}return r})()({1:[function(require,module,exports){
const { getCollapsedCategory, setCollapsedIds } = require('./storage.js')

class DataManager {
    setManager(data) {
        const collapsedCategories = [...getCollapsedCategory(data.renderCollapsed)]
        const collapsedIds = []
        const tests = Object.values(data.tests).flat().map((test, index) => {
            const collapsed = collapsedCategories.includes(test.result.toLowerCase())
            const id = `test_${index}`
            if (collapsed) {
                collapsedIds.push(id)
            }
            return {
                ...test,
                id,
                collapsed,
            }
        })
        const dataBlob = { ...data, tests }
        this.data = { ...dataBlob }
        this.renderData = { ...dataBlob }
        setCollapsedIds(collapsedIds)
    }

    get allData() {
        return { ...this.data }
    }

    resetRender() {
        this.renderData = { ...this.data }
    }

    setRender(data) {
        this.renderData.tests = [...data]
    }

    toggleCollapsedItem(id) {
        this.renderData.tests = this.renderData.tests.map((test) =>
            test.id === id ? { ...test, collapsed: !test.collapsed } : test,
        )
    }

    set allCollapsed(collapsed) {
        this.renderData = { ...this.renderData, tests: [...this.renderData.tests.map((test) => (
            { ...test, collapsed }
        ))] }
    }

    get testSubset() {
        return [...this.renderData.tests]
    }

    get environment() {
        return this.renderData.environment
    }

    get initialSort() {
        return this.data.initialSort
    }
}

module.exports = {
    manager: new DataManager(),
}

},{"./storage.js":8}],2:[function(require,module,exports){
const mediaViewer = require('./mediaviewer.js')
const templateEnvRow = document.getElementById('template_environment_row')
const templateResult = document.getElementById('template_results-table__tbody')

function htmlToElements(html) {
    const temp = document.createElement('template')
    temp.innerHTML = html
    return temp.content.childNodes
}

const find = (selector, elem) => {
    if (!elem) {
        elem = document
    }
    return elem.querySelector(selector)
}

const findAll = (selector, elem) => {
    if (!elem) {
        elem = document
    }
    return [...elem.querySelectorAll(selector)]
}

const dom = {
    getStaticRow: (key, value) => {
        const envRow = templateEnvRow.content.cloneNode(true)
        const isObj = typeof value === 'object' && value !== null
        const values = isObj ? Object.keys(value).map((k) => `${k}: ${value[k]}`) : null

        const valuesElement = htmlToElements(
            values ? `<ul>${values.map((val) => `<li>${val}</li>`).join('')}<ul>` : `<div>${value}</div>`)[0]
        const td = findAll('td', envRow)
        td[0].textContent = key
        td[1].appendChild(valuesElement)

        return envRow
    },
    getResultTBody: ({ testId, id, log, extras, resultsTableRow, tableHtml, result, collapsed }) => {
        const resultBody = templateResult.content.cloneNode(true)
        resultBody.querySelector('tbody').classList.add(result.toLowerCase())
        resultBody.querySelector('tbody').id = testId
        resultBody.querySelector('.collapsible').dataset.id = id

        resultsTableRow.forEach((html) => {
            const t = document.createElement('template')
            t.innerHTML = html
            resultBody.querySelector('.collapsible').appendChild(t.content)
        })

        if (log) {
            // Wrap lines starting with "E" with span.error to color those lines red
            const wrappedLog = log.replace(/^E.*$/gm, (match) => `<span class="error">${match}</span>`)
            resultBody.querySelector('.log').innerHTML = wrappedLog
        } else {
            resultBody.querySelector('.log').remove()
        }

        if (collapsed) {
            resultBody.querySelector('.collapsible > td')?.classList.add('collapsed')
            resultBody.querySelector('.extras-row').classList.add('hidden')
        } else {
            resultBody.querySelector('.collapsible > td')?.classList.remove('collapsed')
        }

        const media = []
        extras?.forEach(({ name, format_type, content }) => {
            if (['image', 'video'].includes(format_type)) {
                media.push({ path: content, name, format_type })
            }

            if (format_type === 'html') {
                resultBody.querySelector('.extraHTML').insertAdjacentHTML('beforeend', `<div>${content}</div>`)
            }
        })
        mediaViewer.setup(resultBody, media)

        // Add custom html from the pytest_html_results_table_html hook
        tableHtml?.forEach((item) => {
            resultBody.querySelector('td[class="extra"]').insertAdjacentHTML('beforeend', item)
        })

        return resultBody
    },
}

module.exports = {
    dom,
    htmlToElements,
    find,
    findAll,
}

},{"./mediaviewer.js":6}],3:[function(require,module,exports){
const { manager } = require('./datamanager.js')
const { doSort } = require('./sort.js')
const storageModule = require('./storage.js')

const getFilteredSubSet = (filter) =>
    manager.allData.tests.filter(({ result }) => filter.includes(result.toLowerCase()))

const doInitFilter = () => {
    const currentFilter = storageModule.getVisible()
    const filteredSubset = getFilteredSubSet(currentFilter)
    manager.setRender(filteredSubset)
}

const doFilter = (type, show) => {
    if (show) {
        storageModule.showCategory(type)
    } else {
        storageModule.hideCategory(type)
    }

    const currentFilter = storageModule.getVisible()
    const filteredSubset = getFilteredSubSet(currentFilter)
    manager.setRender(filteredSubset)

    const sortColumn = storageModule.getSort()
    doSort(sortColumn, true)
}

module.exports = {
    doFilter,
    doInitFilter,
}

},{"./datamanager.js":1,"./sort.js":7,"./storage.js":8}],4:[function(require,module,exports){
const { redraw, bindEvents, renderStatic } = require('./main.js')
const { doInitFilter } = require('./filter.js')
const { doInitSort } = require('./sort.js')
const { manager } = require('./datamanager.js')
const data = JSON.parse(document.getElementById('data-container').dataset.jsonblob)

function init() {
    manager.setManager(data)
    doInitFilter()
    doInitSort()
    renderStatic()
    redraw()
    bindEvents()
}

init()

},{"./datamanager.js":1,"./filter.js":3,"./main.js":5,"./sort.js":7}],5:[function(require,module,exports){
const { dom, find, findAll } = require('./dom.js')
const { manager } = require('./datamanager.js')
const { doSort } = require('./sort.js')
const { doFilter } = require('./filter.js')
const {
    getVisible,
    getCollapsedIds,
    setCollapsedIds,
    getSort,
    getSortDirection,
    possibleFilters,
} = require('./storage.js')

const removeChildren = (node) => {
    while (node.firstChild) {
        node.removeChild(node.firstChild)
    }
}

const renderStatic = () => {
    const renderEnvironmentTable = () => {
        const environment = manager.environment
        const rows = Object.keys(environment).map((key) => dom.getStaticRow(key, environment[key]))
        const table = document.getElementById('environment')
        removeChildren(table)
        rows.forEach((row) => table.appendChild(row))
    }
    renderEnvironmentTable()
}

const addItemToggleListener = (elem) => {
    elem.addEventListener('click', ({ target }) => {
        const id = target.parentElement.dataset.id
        manager.toggleCollapsedItem(id)

        const collapsedIds = getCollapsedIds()
        if (collapsedIds.includes(id)) {
            const updated = collapsedIds.filter((item) => item !== id)
            setCollapsedIds(updated)
        } else {
            collapsedIds.push(id)
            setCollapsedIds(collapsedIds)
        }
        redraw()
    })
}

const renderContent = (tests) => {
    const sortAttr = getSort(manager.initialSort)
    const sortAsc = JSON.parse(getSortDirection())
    const rows = tests.map(dom.getResultTBody)
    const table = document.getElementById('results-table')
    const tableHeader = document.getElementById('results-table-head')

    const newTable = document.createElement('table')
    newTable.id = 'results-table'

    // remove all sorting classes and set the relevant
    findAll('.sortable', tableHeader).forEach((elem) => elem.classList.remove('asc', 'desc'))
    tableHeader.querySelector(`.sortable[data-column-type="${sortAttr}"]`)?.classList.add(sortAsc ? 'desc' : 'asc')
    newTable.appendChild(tableHeader)

    if (!rows.length) {
        const emptyTable = document.getElementById('template_results-table__body--empty').content.cloneNode(true)
        newTable.appendChild(emptyTable)
    } else {
        rows.forEach((row) => {
            if (!!row) {
                findAll('.collapsible td:not(.col-links', row).forEach(addItemToggleListener)
                find('.logexpander', row).addEventListener('click',
                    (evt) => evt.target.parentNode.classList.toggle('expanded'),
                )
                newTable.appendChild(row)
            }
        })
    }

    table.replaceWith(newTable)
}

const renderDerived = () => {
    const currentFilter = getVisible()
    possibleFilters.forEach((result) => {
        const input = document.querySelector(`input[data-test-result="${result}"]`)
        input.checked = currentFilter.includes(result)
    })
}

const bindEvents = () => {
    const filterColumn = (evt) => {
        const { target: element } = evt
        const { testResult } = element.dataset

        doFilter(testResult, element.checked)
        const collapsedIds = getCollapsedIds()
        const updated = manager.renderData.tests.map((test) => {
            return {
                ...test,
                collapsed: collapsedIds.includes(test.id),
            }
        })
        manager.setRender(updated)
        redraw()
    }

    const header = document.getElementById('environment-header')
    header.addEventListener('click', () => {
        const table = document.getElementById('environment')
        table.classList.toggle('hidden')
        header.classList.toggle('collapsed')
    })

    findAll('input[name="filter_checkbox"]').forEach((elem) => {
        elem.addEventListener('click', filterColumn)
    })

    findAll('.sortable').forEach((elem) => {
        elem.addEventListener('click', (evt) => {
            const { target: element } = evt
            const { columnType } = element.dataset
            doSort(columnType)
            redraw()
        })
    })

    document.getElementById('show_all_details').addEventListener('click', () => {
        manager.allCollapsed = false
        setCollapsedIds([])
        redraw()
    })
    document.getElementById('hide_all_details').addEventListener('click', () => {
        manager.allCollapsed = true
        const allIds = manager.renderData.tests.map((test) => test.id)
        setCollapsedIds(allIds)
        redraw()
    })
}

const redraw = () => {
    const { testSubset } = manager

    renderContent(testSubset)
    renderDerived()
}

module.exports = {
    redraw,
    bindEvents,
    renderStatic,
}

},{"./datamanager.js":1,"./dom.js":2,"./filter.js":3,"./sort.js":7,"./storage.js":8}],6:[function(require,module,exports){
class MediaViewer {
    constructor(assets) {
        this.assets = assets
        this.index = 0
    }

    nextActive() {
        this.index = this.index === this.assets.length - 1 ? 0 : this.index + 1
        return [this.activeFile, this.index]
    }

    prevActive() {
        this.index = this.index === 0 ? this.assets.length - 1 : this.index -1
        return [this.activeFile, this.index]
    }

    get currentIndex() {
        return this.index
    }

    get activeFile() {
        return this.assets[this.index]
    }
}


const setup = (resultBody, assets) => {
    if (!assets.length) {
        resultBody.querySelector('.media').classList.add('hidden')
        return
    }

    const mediaViewer = new MediaViewer(assets)
    const container = resultBody.querySelector('.media-container')
    const leftArrow = resultBody.querySelector('.media-container__nav--left')
    const rightArrow = resultBody.querySelector('.media-container__nav--right')
    const mediaName = resultBody.querySelector('.media__name')
    const counter = resultBody.querySelector('.media__counter')
    const imageEl = resultBody.querySelector('img')
    const sourceEl = resultBody.querySelector('source')
    const videoEl = resultBody.querySelector('video')

    const setImg = (media, index) => {
        if (media?.format_type === 'image') {
            imageEl.src = media.path

            imageEl.classList.remove('hidden')
            videoEl.classList.add('hidden')
        } else if (media?.format_type === 'video') {
            sourceEl.src = media.path

            videoEl.classList.remove('hidden')
            imageEl.classList.add('hidden')
        }

        mediaName.innerText = media?.name
        counter.innerText = `${index + 1} / ${assets.length}`
    }
    setImg(mediaViewer.activeFile, mediaViewer.currentIndex)

    const moveLeft = () => {
        const [media, index] = mediaViewer.prevActive()
        setImg(media, index)
    }
    const doRight = () => {
        const [media, index] = mediaViewer.nextActive()
        setImg(media, index)
    }
    const openImg = () => {
        window.open(mediaViewer.activeFile.path, '_blank')
    }
    if (assets.length === 1) {
        container.classList.add('media-container--fullscreen')
    } else {
        leftArrow.addEventListener('click', moveLeft)
        rightArrow.addEventListener('click', doRight)
    }
    imageEl.addEventListener('click', openImg)
}

module.exports = {
    setup,
}

},{}],7:[function(require,module,exports){
const { manager } = require('./datamanager.js')
const storageModule = require('./storage.js')

const genericSort = (list, key, ascending, customOrder) => {
    let sorted
    if (customOrder) {
        sorted = list.sort((a, b) => {
            const aValue = a.result.toLowerCase()
            const bValue = b.result.toLowerCase()

            const aIndex = customOrder.findIndex((item) => item.toLowerCase() === aValue)
            const bIndex = customOrder.findIndex((item) => item.toLowerCase() === bValue)

            // Compare the indices to determine the sort order
            return aIndex - bIndex
        })
    } else {
        sorted = list.sort((a, b) => a[key] === b[key] ? 0 : a[key] > b[key] ? 1 : -1)
    }

    if (ascending) {
        sorted.reverse()
    }
    return sorted
}

const durationSort = (list, ascending) => {
    const parseDuration = (duration) => {
        if (duration.includes(':')) {
            // If it's in the format "HH:mm:ss"
            const [hours, minutes, seconds] = duration.split(':').map(Number)
            return (hours * 3600 + minutes * 60 + seconds) * 1000
        } else {
            // If it's in the format "nnn ms"
            return parseInt(duration)
        }
    }
    const sorted = list.sort((a, b) => parseDuration(a['duration']) - parseDuration(b['duration']))
    if (ascending) {
        sorted.reverse()
    }
    return sorted
}

const doInitSort = () => {
    const type = storageModule.getSort(manager.initialSort)
    const ascending = storageModule.getSortDirection()
    const list = manager.testSubset
    const initialOrder = ['Error', 'Failed', 'Rerun', 'XFailed', 'XPassed', 'Skipped', 'Passed']

    storageModule.setSort(type)
    storageModule.setSortDirection(ascending)

    if (type?.toLowerCase() === 'original') {
        manager.setRender(list)
    } else {
        let sortedList
        switch (type) {
        case 'duration':
            sortedList = durationSort(list, ascending)
            break
        case 'result':
            sortedList = genericSort(list, type, ascending, initialOrder)
            break
        default:
            sortedList = genericSort(list, type, ascending)
            break
        }
        manager.setRender(sortedList)
    }
}

const doSort = (type, skipDirection) => {
    const newSortType = storageModule.getSort(manager.initialSort) !== type
    const currentAsc = storageModule.getSortDirection()
    let ascending
    if (skipDirection) {
        ascending = currentAsc
    } else {
        ascending = newSortType ? false : !currentAsc
    }
    storageModule.setSort(type)
    storageModule.setSortDirection(ascending)

    const list = manager.testSubset
    const sortedList = type === 'duration' ? durationSort(list, ascending) : genericSort(list, type, ascending)
    manager.setRender(sortedList)
}

module.exports = {
    doInitSort,
    doSort,
}

},{"./datamanager.js":1,"./storage.js":8}],8:[function(require,module,exports){
const possibleFilters = [
    'passed',
    'skipped',
    'failed',
    'error',
    'xfailed',
    'xpassed',
    'rerun',
]

const getVisible = () => {
    const url = new URL(window.location.href)
    const settings = new URLSearchParams(url.search).get('visible')
    const lower = (item) => {
        const lowerItem = item.toLowerCase()
        if (possibleFilters.includes(lowerItem)) {
            return lowerItem
        }
        return null
    }
    return settings === null ?
        possibleFilters :
        [...new Set(settings?.split(',').map(lower).filter((item) => item))]
}

const hideCategory = (categoryToHide) => {
    const url = new URL(window.location.href)
    const visibleParams = new URLSearchParams(url.search).get('visible')
    const currentVisible = visibleParams ? visibleParams.split(',') : [...possibleFilters]
    const settings = [...new Set(currentVisible)].filter((f) => f !== categoryToHide).join(',')

    url.searchParams.set('visible', settings)
    window.history.pushState({}, null, unescape(url.href))
}

const showCategory = (categoryToShow) => {
    if (typeof window === 'undefined') {
        return
    }
    const url = new URL(window.location.href)
    const currentVisible = new URLSearchParams(url.search).get('visible')?.split(',').filter(Boolean) ||
        [...possibleFilters]
    const settings = [...new Set([categoryToShow, ...currentVisible])]
    const noFilter = possibleFilters.length === settings.length || !settings.length

    noFilter ? url.searchParams.delete('visible') : url.searchParams.set('visible', settings.join(','))
    window.history.pushState({}, null, unescape(url.href))
}

const getSort = (initialSort) => {
    const url = new URL(window.location.href)
    let sort = new URLSearchParams(url.search).get('sort')
    if (!sort) {
        sort = initialSort || 'result'
    }
    return sort
}

const setSort = (type) => {
    const url = new URL(window.location.href)
    url.searchParams.set('sort', type)
    window.history.pushState({}, null, unescape(url.href))
}

const getCollapsedCategory = (renderCollapsed) => {
    let categories
    if (typeof window !== 'undefined') {
        const url = new URL(window.location.href)
        const collapsedItems = new URLSearchParams(url.search).get('collapsed')
        switch (true) {
        case !renderCollapsed && collapsedItems === null:
            categories = ['passed']
            break
        case collapsedItems?.length === 0 || /^["']{2}$/.test(collapsedItems):
            categories = []
            break
        case /^all$/.test(collapsedItems) || collapsedItems === null && /^all$/.test(renderCollapsed):
            categories = [...possibleFilters]
            break
        default:
            categories = collapsedItems?.split(',').map((item) => item.toLowerCase()) || renderCollapsed
            break
        }
    } else {
        categories = []
    }
    return categories
}

const getSortDirection = () => JSON.parse(sessionStorage.getItem('sortAsc')) || false
const setSortDirection = (ascending) => sessionStorage.setItem('sortAsc', ascending)

const getCollapsedIds = () => JSON.parse(sessionStorage.getItem('collapsedIds')) || []
const setCollapsedIds = (list) => sessionStorage.setItem('collapsedIds', JSON.stringify(list))

module.exports = {
    getVisible,
    hideCategory,
    showCategory,
    getCollapsedIds,
    setCollapsedIds,
    getSort,
    setSort,
    getSortDirection,
    setSortDirection,
    getCollapsedCategory,
    possibleFilters,
}

},{}]},{},[4]);
    </script>
  </footer>
</html>