{"content": {"suites": {"0": {"status": {"total_pass": 1, "total_skip": 0, "total_xpass": 0, "total_xfail": 0, "total_rerun": 0, "total_fail": 0, "total_error": 0}, "tests": {"0": {"status": "PASS", "message": "", "test_name": "test_tc_reg_01[test_case0]", "rerun": "0"}}, "suite_name": "tests/test_TC_Reg_01.py"}, "1": {"suite_name": "tests/test_TC_Reg_02.py", "tests": {"0": {"status": "PASS", "message": "", "test_name": "test_tc_reg_02[test_case0]", "rerun": "0"}}, "status": {"total_pass": 1, "total_skip": 0, "total_xpass": 0, "total_xfail": 0, "total_rerun": 0, "total_fail": 0, "total_error": 0}}, "2": {"suite_name": "tests/test_TC_Reg_03.py", "tests": {"0": {"status": "FAIL", "message": "               Failed: Registration validation failed. Expected: Registration successful! Please log in with your credentials., Got: User exists with same email. Current URL: https://admission-test.doer.school/en/sign-up\n", "test_name": "test_tc_reg_03[test_case0]", "rerun": "0"}}, "status": {"total_pass": 0, "total_skip": 0, "total_xpass": 0, "total_xfail": 0, "total_rerun": 0, "total_fail": 1, "total_error": 0}}, "3": {"suite_name": "tests/test_TC_Reg_05.py", "tests": {"0": {"status": "PASS", "message": "", "test_name": "test_tc_reg_05[test_case0]", "rerun": "0"}}, "status": {"total_pass": 1, "total_skip": 0, "total_xpass": 0, "total_xfail": 0, "total_rerun": 0, "total_fail": 0, "total_error": 0}}, "4": {"suite_name": "tests/test_TC_Reg_06.py", "tests": {"0": {"status": "PASS", "message": "", "test_name": "test_tc_reg_06[test_case0]", "rerun": "0"}}, "status": {"total_pass": 1, "total_skip": 0, "total_xpass": 0, "total_xfail": 0, "total_rerun": 0, "total_fail": 0, "total_error": 0}}, "5": {"suite_name": "tests/test_TC_Reg_12.py", "tests": {"0": {"status": "FAIL", "message": "   selenium.common.exceptions.WebDriverException: Message: unknown error: failed to change window state to 'normal', current state is 'maximized'\n     (Session info: chrome=139.0.7258.157)\n   Stacktrace:\n   \tGetHandleVerifier [0x0x7ff708753d85+79397]\n   \tGetHandleVerifier [0x0x7ff708753de0+79488]\n   \t(No symbol) [0x0x7ff7084fc0fa]\n   \t(No symbol) [0x0x7ff7084d9933]\n   \t(No symbol) [0x0x7ff7084d6b78]\n   \t(No symbol) [0x0x7ff7084d8f29]\n   \t(No symbol) [0x0x7ff7085bb217]\n   \t(No symbol) [0x0x7ff70857b19a]\n   \t(No symbol) [0x0x7ff7085a3344]\n   \t(No symbol) [0x0x7ff70857af73]\n   \t(No symbol) [0x0x7ff7085441b1]\n   \t(No symbol) [0x0x7ff708544f43]\n   \tGetHandleVerifier [0x0x7ff708a1e1ed+3005069]\n   \tGetHandleVerifier [0x0x7ff708a1831d+2980797]\n   \tGetHandleVerifier [0x0x7ff708a37e0d+3110573]\n   \tGetHandleVerifier [0x0x7ff70876d6de+184190]\n   \tGetHandleVerifier [0x0x7ff70877516f+215567]\n   \tGetHandleVerifier [0x0x7ff70875c974+115220]\n   \tGetHandleVerifier [0x0x7ff70875cb29+115657]\n   \tGetHandleVerifier [0x0x7ff708743268+11016]\n   \tBaseThreadInitThunk [0x0x7ffb14f0e8d7+23]\n   \tRtlUserThreadStart [0x0x7ffb1665c34c+44]\n", "test_name": "test_tc_reg_12[test_case0]", "rerun": "0"}}, "status": {"total_pass": 0, "total_skip": 0, "total_xpass": 0, "total_xfail": 0, "total_rerun": 0, "total_fail": 1, "total_error": 0}}, "6": {"suite_name": "tests/test_TC_Reg_16.py", "tests": {"0": {"status": "FAIL", "message": "           Failed: Responsive design test failed. Success rate: 66.7%\n", "test_name": "test_tc_reg_16[test_case0]", "rerun": "0"}}, "status": {"total_pass": 0, "total_skip": 0, "total_xpass": 0, "total_xfail": 0, "total_rerun": 0, "total_fail": 1, "total_error": 0}}, "7": {"suite_name": "tests/test_TC_Val_01.py", "tests": {"0": {"status": "PASS", "message": "", "test_name": "test_tc_val_01[test_case0]", "rerun": "0"}}, "status": {"total_pass": 1, "total_skip": 0, "total_xpass": 0, "total_xfail": 0, "total_rerun": 0, "total_fail": 0, "total_error": 0}}, "8": {"suite_name": "tests/test_TC_Val_03.py", "tests": {"0": {"status": "PASS", "message": "", "test_name": "test_tc_val_03[test_case0]", "rerun": "0"}}, "status": {"total_pass": 1, "total_skip": 0, "total_xpass": 0, "total_xfail": 0, "total_rerun": 0, "total_fail": 0, "total_error": 0}}, "9": {"suite_name": "tests/test_TC_Val_07.py", "tests": {"0": {"status": "PASS", "message": "", "test_name": "test_tc_val_07[test_case0]", "rerun": "0"}}, "status": {"total_pass": 1, "total_skip": 0, "total_xpass": 0, "total_xfail": 0, "total_rerun": 0, "total_fail": 0, "total_error": 0}}, "10": {"suite_name": "tests/admission/test_TC_AD_01.py", "tests": {"0": {"status": "PASS", "message": "", "test_name": "test_tc_ad_01[test_case0]", "rerun": "0"}}, "status": {"total_pass": 1, "total_skip": 0, "total_xpass": 0, "total_xfail": 0, "total_rerun": 0, "total_fail": 0, "total_error": 0}}, "11": {"suite_name": "tests/admission/test_TC_AD_02.py", "tests": {"0": {"status": "PASS", "message": "", "test_name": "test_tc_ad_02[test_case0]", "rerun": "0"}}, "status": {"total_pass": 1, "total_skip": 0, "total_xpass": 0, "total_xfail": 0, "total_rerun": 0, "total_fail": 0, "total_error": 0}}, "12": {"suite_name": "tests/admission/test_TC_AD_07.py", "tests": {"0": {"status": "PASS", "message": "", "test_name": "test_tc_ad_07[test_case0]", "rerun": "0"}}, "status": {"total_pass": 1, "total_skip": 0, "total_xpass": 0, "total_xfail": 0, "total_rerun": 0, "total_fail": 0, "total_error": 0}}, "13": {"suite_name": "tests/admission/test_TC_AD_09.py", "tests": {"0": {"status": "PASS", "message": "", "test_name": "test_tc_ad_09_with_login[test_case0]", "rerun": "0"}}, "status": {"total_pass": 1, "total_skip": 0, "total_xpass": 0, "total_xfail": 0, "total_rerun": 0, "total_fail": 0, "total_error": 0}}, "14": {"suite_name": "tests/admission/test_TC_AD_10.py", "tests": {"0": {"status": "FAIL", "message": "   selenium.common.exceptions.WebDriverException: Message: unknown error: failed to change window state to 'normal', current state is 'maximized'\n     (Session info: chrome=139.0.7258.157)\n   Stacktrace:\n   \tGetHandleVerifier [0x0x7ff708753d85+79397]\n   \tGetHandleVerifier [0x0x7ff708753de0+79488]\n   \t(No symbol) [0x0x7ff7084fc0fa]\n   \t(No symbol) [0x0x7ff7084d9933]\n   \t(No symbol) [0x0x7ff7084d6b78]\n   \t(No symbol) [0x0x7ff7084d8f29]\n   \t(No symbol) [0x0x7ff7085bb217]\n   \t(No symbol) [0x0x7ff70857b19a]\n   \t(No symbol) [0x0x7ff7085a3344]\n   \t(No symbol) [0x0x7ff70857af73]\n   \t(No symbol) [0x0x7ff7085441b1]\n   \t(No symbol) [0x0x7ff708544f43]\n   \tGetHandleVerifier [0x0x7ff708a1e1ed+3005069]\n   \tGetHandleVerifier [0x0x7ff708a1831d+2980797]\n   \tGetHandleVerifier [0x0x7ff708a37e0d+3110573]\n   \tGetHandleVerifier [0x0x7ff70876d6de+184190]\n   \tGetHandleVerifier [0x0x7ff70877516f+215567]\n   \tGetHandleVerifier [0x0x7ff70875c974+115220]\n   \tGetHandleVerifier [0x0x7ff70875cb29+115657]\n   \tGetHandleVerifier [0x0x7ff708743268+11016]\n   \tBaseThreadInitThunk [0x0x7ffb14f0e8d7+23]\n   \tRtlUserThreadStart [0x0x7ffb1665c34c+44]\n               Failed: Login failed: Message: unknown error: failed to change window state to 'normal', current state is 'maximized'\n                 (Session info: chrome=139.0.7258.157)\n               Stacktrace:\n               \tGetHandleVerifier [0x0x7ff708753d85+79397]\n               \tGetHandleVerifier [0x0x7ff708753de0+79488]\n               \t(No symbol) [0x0x7ff7084fc0fa]\n               \t(No symbol) [0x0x7ff7084d9933]\n               \t(No symbol) [0x0x7ff7084d6b78]\n               \t(No symbol) [0x0x7ff7084d8f29]\n               \t(No symbol) [0x0x7ff7085bb217]\n               \t(No symbol) [0x0x7ff70857b19a]\n               \t(No symbol) [0x0x7ff7085a3344]\n               \t(No symbol) [0x0x7ff70857af73]\n               \t(No symbol) [0x0x7ff7085441b1]\n               \t(No symbol) [0x0x7ff708544f43]\n               \tGetHandleVerifier [0x0x7ff708a1e1ed+3005069]\n               \tGetHandleVerifier [0x0x7ff708a1831d+2980797]\n               \tGetHandleVerifier [0x0x7ff708a37e0d+3110573]\n               \tGetHandleVerifier [0x0x7ff70876d6de+184190]\n               \tGetHandleVerifier [0x0x7ff70877516f+215567]\n               \tGetHandleVerifier [0x0x7ff70875c974+115220]\n               \tGetHandleVerifier [0x0x7ff70875cb29+115657]\n               \tGetHandleVerifier [0x0x7ff708743268+11016]\n               \tBaseThreadInitThunk [0x0x7ffb14f0e8d7+23]\n               \tRtlUserThreadStart [0x0x7ffb1665c34c+44]\n", "test_name": "test_admission_complete_flow[test_case0]", "rerun": "0"}}, "status": {"total_pass": 0, "total_skip": 0, "total_xpass": 0, "total_xfail": 0, "total_rerun": 0, "total_fail": 1, "total_error": 0}}, "15": {"suite_name": "tests/admission/test_TC_AD_12.py", "tests": {"0": {"status": "FAIL", "message": "   selenium.common.exceptions.TimeoutException: Message: \n   Stacktrace:\n   \tGetHandleVerifier [0x0x7ff708753d85+79397]\n   \tGetHandleVerifier [0x0x7ff708753de0+79488]\n   \t(No symbol) [0x0x7ff7084fc0fa]\n   \t(No symbol) [0x0x7ff708552fd6]\n   \t(No symbol) [0x0x7ff70855328c]\n   \t(No symbol) [0x0x7ff7085a6537]\n   \t(No symbol) [0x0x7ff70857b1df]\n   \t(No symbol) [0x0x7ff7085a3344]\n   \t(No symbol) [0x0x7ff70857af73]\n   \t(No symbol) [0x0x7ff7085441b1]\n   \t(No symbol) [0x0x7ff708544f43]\n   \tGetHandleVerifier [0x0x7ff708a1e1ed+3005069]\n   \tGetHandleVerifier [0x0x7ff708a1831d+2980797]\n   \tGetHandleVerifier [0x0x7ff708a37e0d+3110573]\n   \tGetHandleVerifier [0x0x7ff70876d6de+184190]\n   \tGetHandleVerifier [0x0x7ff70877516f+215567]\n   \tGetHandleVerifier [0x0x7ff70875c974+115220]\n   \tGetHandleVerifier [0x0x7ff70875cb29+115657]\n   \tGetHandleVerifier [0x0x7ff708743268+11016]\n   \tBaseThreadInitThunk [0x0x7ffb14f0e8d7+23]\n   \tRtlUserThreadStart [0x0x7ffb1665c34c+44]\n   selenium.common.exceptions.WebDriverException: Message: unknown error: failed to change window state to 'normal', current state is 'maximized'\n     (Session info: chrome=139.0.7258.157)\n   Stacktrace:\n   \tGetHandleVerifier [0x0x7ff708753d85+79397]\n   \tGetHandleVerifier [0x0x7ff708753de0+79488]\n   \t(No symbol) [0x0x7ff7084fc0fa]\n   \t(No symbol) [0x0x7ff7084d9933]\n   \t(No symbol) [0x0x7ff7084d6b78]\n   \t(No symbol) [0x0x7ff7084d8f29]\n   \t(No symbol) [0x0x7ff7085bb217]\n   \t(No symbol) [0x0x7ff70857b19a]\n   \t(No symbol) [0x0x7ff7085a3344]\n   \t(No symbol) [0x0x7ff70857af73]\n   \t(No symbol) [0x0x7ff7085441b1]\n   \t(No symbol) [0x0x7ff708544f43]\n   \tGetHandleVerifier [0x0x7ff708a1e1ed+3005069]\n   \tGetHandleVerifier [0x0x7ff708a1831d+2980797]\n   \tGetHandleVerifier [0x0x7ff708a37e0d+3110573]\n   \tGetHandleVerifier [0x0x7ff70876d6de+184190]\n   \tGetHandleVerifier [0x0x7ff70877516f+215567]\n   \tGetHandleVerifier [0x0x7ff70875c974+115220]\n   \tGetHandleVerifier [0x0x7ff70875cb29+115657]\n   \tGetHandleVerifier [0x0x7ff708743268+11016]\n   \tBaseThreadInitThunk [0x0x7ffb14f0e8d7+23]\n   \tRtlUserThreadStart [0x0x7ffb1665c34c+44]\n       Failed: Test Failed. Exception occurred: Message: unknown error: failed to change window state to 'normal', current state is 'maximized'\n         (Session info: chrome=139.0.7258.157)\n       Stacktrace:\n       \tGetHandleVerifier [0x0x7ff708753d85+79397]\n       \tGetHandleVerifier [0x0x7ff708753de0+79488]\n       \t(No symbol) [0x0x7ff7084fc0fa]\n       \t(No symbol) [0x0x7ff7084d9933]\n       \t(No symbol) [0x0x7ff7084d6b78]\n       \t(No symbol) [0x0x7ff7084d8f29]\n       \t(No symbol) [0x0x7ff7085bb217]\n       \t(No symbol) [0x0x7ff70857b19a]\n       \t(No symbol) [0x0x7ff7085a3344]\n       \t(No symbol) [0x0x7ff70857af73]\n       \t(No symbol) [0x0x7ff7085441b1]\n       \t(No symbol) [0x0x7ff708544f43]\n       \tGetHandleVerifier [0x0x7ff708a1e1ed+3005069]\n       \tGetHandleVerifier [0x0x7ff708a1831d+2980797]\n       \tGetHandleVerifier [0x0x7ff708a37e0d+3110573]\n       \tGetHandleVerifier [0x0x7ff70876d6de+184190]\n       \tGetHandleVerifier [0x0x7ff70877516f+215567]\n       \tGetHandleVerifier [0x0x7ff70875c974+115220]\n       \tGetHandleVerifier [0x0x7ff70875cb29+115657]\n       \tGetHandleVerifier [0x0x7ff708743268+11016]\n       \tBaseThreadInitThunk [0x0x7ffb14f0e8d7+23]\n       \tRtlUserThreadStart [0x0x7ffb1665c34c+44]\n", "test_name": "test_tc_ad_12[test_case0]", "rerun": "0"}}, "status": {"total_pass": 0, "total_skip": 0, "total_xpass": 0, "total_xfail": 0, "total_rerun": 0, "total_fail": 1, "total_error": 0}}, "16": {"suite_name": "tests/admission/test_TC_AD_14.py", "tests": {"0": {"status": "FAIL", "message": "   selenium.common.exceptions.TimeoutException: Message: \n   Stacktrace:\n   \tGetHandleVerifier [0x0x7ff708753d85+79397]\n   \tGetHandleVerifier [0x0x7ff708753de0+79488]\n   \t(No symbol) [0x0x7ff7084fc0fa]\n   \t(No symbol) [0x0x7ff708552fd6]\n   \t(No symbol) [0x0x7ff70855328c]\n   \t(No symbol) [0x0x7ff7085a6537]\n   \t(No symbol) [0x0x7ff70857b1df]\n   \t(No symbol) [0x0x7ff7085a3344]\n   \t(No symbol) [0x0x7ff70857af73]\n   \t(No symbol) [0x0x7ff7085441b1]\n   \t(No symbol) [0x0x7ff708544f43]\n   \tGetHandleVerifier [0x0x7ff708a1e1ed+3005069]\n   \tGetHandleVerifier [0x0x7ff708a1831d+2980797]\n   \tGetHandleVerifier [0x0x7ff708a37e0d+3110573]\n   \tGetHandleVerifier [0x0x7ff70876d6de+184190]\n   \tGetHandleVerifier [0x0x7ff70877516f+215567]\n   \tGetHandleVerifier [0x0x7ff70875c974+115220]\n   \tGetHandleVerifier [0x0x7ff70875cb29+115657]\n   \tGetHandleVerifier [0x0x7ff708743268+11016]\n   \tBaseThreadInitThunk [0x0x7ffb14f0e8d7+23]\n   \tRtlUserThreadStart [0x0x7ffb1665c34c+44]\n           Failed: Test Failed. Failed to upload student photo: Message: \n           Stacktrace:\n           \tGetHandleVerifier [0x0x7ff708753d85+79397]\n           \tGetHandleVerifier [0x0x7ff708753de0+79488]\n           \t(No symbol) [0x0x7ff7084fc0fa]\n           \t(No symbol) [0x0x7ff708552fd6]\n           \t(No symbol) [0x0x7ff70855328c]\n           \t(No symbol) [0x0x7ff7085a6537]\n           \t(No symbol) [0x0x7ff70857b1df]\n           \t(No symbol) [0x0x7ff7085a3344]\n           \t(No symbol) [0x0x7ff70857af73]\n           \t(No symbol) [0x0x7ff7085441b1]\n           \t(No symbol) [0x0x7ff708544f43]\n           \tGetHandleVerifier [0x0x7ff708a1e1ed+3005069]\n           \tGetHandleVerifier [0x0x7ff708a1831d+2980797]\n           \tGetHandleVerifier [0x0x7ff708a37e0d+3110573]\n           \tGetHandleVerifier [0x0x7ff70876d6de+184190]\n           \tGetHandleVerifier [0x0x7ff70877516f+215567]\n           \tGetHandleVerifier [0x0x7ff70875c974+115220]\n           \tGetHandleVerifier [0x0x7ff70875cb29+115657]\n           \tGetHandleVerifier [0x0x7ff708743268+11016]\n           \tBaseThreadInitThunk [0x0x7ffb14f0e8d7+23]\n           \tRtlUserThreadStart [0x0x7ffb1665c34c+44]\n", "test_name": "test_tc_ad_14[test_case0]", "rerun": "0"}}, "status": {"total_pass": 0, "total_skip": 0, "total_xpass": 0, "total_xfail": 0, "total_rerun": 0, "total_fail": 1, "total_error": 0}}, "17": {"suite_name": "tests/admission/test_TC_AD_15.py", "tests": {"0": {"status": "FAIL", "message": "   selenium.common.exceptions.TimeoutException: Message: \n   Stacktrace:\n   \tGetHandleVerifier [0x0x7ff708753d85+79397]\n   \tGetHandleVerifier [0x0x7ff708753de0+79488]\n   \t(No symbol) [0x0x7ff7084fc0fa]\n   \t(No symbol) [0x0x7ff708552fd6]\n   \t(No symbol) [0x0x7ff70855328c]\n   \t(No symbol) [0x0x7ff7085a6537]\n   \t(No symbol) [0x0x7ff70857b1df]\n   \t(No symbol) [0x0x7ff7085a3344]\n   \t(No symbol) [0x0x7ff70857af73]\n   \t(No symbol) [0x0x7ff7085441b1]\n   \t(No symbol) [0x0x7ff708544f43]\n   \tGetHandleVerifier [0x0x7ff708a1e1ed+3005069]\n   \tGetHandleVerifier [0x0x7ff708a1831d+2980797]\n   \tGetHandleVerifier [0x0x7ff708a37e0d+3110573]\n   \tGetHandleVerifier [0x0x7ff70876d6de+184190]\n   \tGetHandleVerifier [0x0x7ff70877516f+215567]\n   \tGetHandleVerifier [0x0x7ff70875c974+115220]\n   \tGetHandleVerifier [0x0x7ff70875cb29+115657]\n   \tGetHandleVerifier [0x0x7ff708743268+11016]\n   \tBaseThreadInitThunk [0x0x7ffb14f0e8d7+23]\n   \tRtlUserThreadStart [0x0x7ffb1665c34c+44]\n           Failed: Test Failed. Failed to check confirmation checkbox: Message: \n           Stacktrace:\n           \tGetHandleVerifier [0x0x7ff708753d85+79397]\n           \tGetHandleVerifier [0x0x7ff708753de0+79488]\n           \t(No symbol) [0x0x7ff7084fc0fa]\n           \t(No symbol) [0x0x7ff708552fd6]\n           \t(No symbol) [0x0x7ff70855328c]\n           \t(No symbol) [0x0x7ff7085a6537]\n           \t(No symbol) [0x0x7ff70857b1df]\n           \t(No symbol) [0x0x7ff7085a3344]\n           \t(No symbol) [0x0x7ff70857af73]\n           \t(No symbol) [0x0x7ff7085441b1]\n           \t(No symbol) [0x0x7ff708544f43]\n           \tGetHandleVerifier [0x0x7ff708a1e1ed+3005069]\n           \tGetHandleVerifier [0x0x7ff708a1831d+2980797]\n           \tGetHandleVerifier [0x0x7ff708a37e0d+3110573]\n           \tGetHandleVerifier [0x0x7ff70876d6de+184190]\n           \tGetHandleVerifier [0x0x7ff70877516f+215567]\n           \tGetHandleVerifier [0x0x7ff70875c974+115220]\n           \tGetHandleVerifier [0x0x7ff70875cb29+115657]\n           \tGetHandleVerifier [0x0x7ff708743268+11016]\n           \tBaseThreadInitThunk [0x0x7ffb14f0e8d7+23]\n           \tRtlUserThreadStart [0x0x7ffb1665c34c+44]\n", "test_name": "test_tc_ad_15[test_case0]", "rerun": "0"}}, "status": {"total_pass": 0, "total_skip": 0, "total_xpass": 0, "total_xfail": 0, "total_rerun": 0, "total_fail": 1, "total_error": 0}}, "18": {"suite_name": "tests/admission/test_TC_AD_18.py", "tests": {"0": {"status": "FAIL", "message": "   selenium.common.exceptions.TimeoutException: Message: \n   Stacktrace:\n   \tGetHandleVerifier [0x0x7ff708753d85+79397]\n   \tGetHandleVerifier [0x0x7ff708753de0+79488]\n   \t(No symbol) [0x0x7ff7084fc0fa]\n   \t(No symbol) [0x0x7ff708552fd6]\n   \t(No symbol) [0x0x7ff70855328c]\n   \t(No symbol) [0x0x7ff7085a6537]\n   \t(No symbol) [0x0x7ff70857b1df]\n   \t(No symbol) [0x0x7ff7085a3344]\n   \t(No symbol) [0x0x7ff70857af73]\n   \t(No symbol) [0x0x7ff7085441b1]\n   \t(No symbol) [0x0x7ff708544f43]\n   \tGetHandleVerifier [0x0x7ff708a1e1ed+3005069]\n   \tGetHandleVerifier [0x0x7ff708a1831d+2980797]\n   \tGetHandleVerifier [0x0x7ff708a37e0d+3110573]\n   \tGetHandleVerifier [0x0x7ff70876d6de+184190]\n   \tGetHandleVerifier [0x0x7ff70877516f+215567]\n   \tGetHandleVerifier [0x0x7ff70875c974+115220]\n   \tGetHandleVerifier [0x0x7ff70875cb29+115657]\n   \tGetHandleVerifier [0x0x7ff708743268+11016]\n   \tBaseThreadInitThunk [0x0x7ffb14f0e8d7+23]\n   \tRtlUserThreadStart [0x0x7ffb1665c34c+44]\n           Failed: Test Failed. Failed to select offline payment method: Message: \n           Stacktrace:\n           \tGetHandleVerifier [0x0x7ff708753d85+79397]\n           \tGetHandleVerifier [0x0x7ff708753de0+79488]\n           \t(No symbol) [0x0x7ff7084fc0fa]\n           \t(No symbol) [0x0x7ff708552fd6]\n           \t(No symbol) [0x0x7ff70855328c]\n           \t(No symbol) [0x0x7ff7085a6537]\n           \t(No symbol) [0x0x7ff70857b1df]\n           \t(No symbol) [0x0x7ff7085a3344]\n           \t(No symbol) [0x0x7ff70857af73]\n           \t(No symbol) [0x0x7ff7085441b1]\n           \t(No symbol) [0x0x7ff708544f43]\n           \tGetHandleVerifier [0x0x7ff708a1e1ed+3005069]\n           \tGetHandleVerifier [0x0x7ff708a1831d+2980797]\n           \tGetHandleVerifier [0x0x7ff708a37e0d+3110573]\n           \tGetHandleVerifier [0x0x7ff70876d6de+184190]\n           \tGetHandleVerifier [0x0x7ff70877516f+215567]\n           \tGetHandleVerifier [0x0x7ff70875c974+115220]\n           \tGetHandleVerifier [0x0x7ff70875cb29+115657]\n           \tGetHandleVerifier [0x0x7ff708743268+11016]\n           \tBaseThreadInitThunk [0x0x7ffb14f0e8d7+23]\n           \tRtlUserThreadStart [0x0x7ffb1665c34c+44]\n", "test_name": "test_tc_ad_18[test_case0]", "rerun": "0"}}, "status": {"total_pass": 0, "total_skip": 0, "total_xpass": 0, "total_xfail": 0, "total_rerun": 0, "total_fail": 1, "total_error": 0}}}}, "date": "September 09, 2025", "start_time": 1757419193.8840907, "total_suite": 19, "status": "FAIL", "status_list": {"pass": "11", "fail": "8", "skip": "0", "error": "0", "xpass": "0", "xfail": "0", "rerun": "0"}, "total_tests": "19"}