{"content": {"suites": {"0": {"status": {"total_pass": 0, "total_skip": 0, "total_xpass": 0, "total_xfail": 0, "total_rerun": 0, "total_fail": 1, "total_error": 0}, "tests": {"0": {"status": "FAIL", "message": "   selenium.common.exceptions.TimeoutException: Message: \n   Stacktrace:\n   \tGetHandleVerifier [0x0x7ff6a2e13d85+79397]\n   \tGetHandleVerifier [0x0x7ff6a2e13de0+79488]\n   \t(No symbol) [0x0x7ff6a2bbc0fa]\n   \t(No symbol) [0x0x7ff6a2c12fd6]\n   \t(No symbol) [0x0x7ff6a2c1328c]\n   \t(No symbol) [0x0x7ff6a2c66537]\n   \t(No symbol) [0x0x7ff6a2c3b1df]\n   \t(No symbol) [0x0x7ff6a2c63344]\n   \t(No symbol) [0x0x7ff6a2c3af73]\n   \t(No symbol) [0x0x7ff6a2c041b1]\n   \t(No symbol) [0x0x7ff6a2c04f43]\n   \tGetHandleVerifier [0x0x7ff6a30de1ed+3005069]\n   \tGetHandleVerifier [0x0x7ff6a30d831d+2980797]\n   \tGetHandleVerifier [0x0x7ff6a30f7e0d+3110573]\n   \tGetHandleVerifier [0x0x7ff6a2e2d6de+184190]\n   \tGetHandleVerifier [0x0x7ff6a2e3516f+215567]\n   \tGetHandleVerifier [0x0x7ff6a2e1c974+115220]\n   \tGetHandleVerifier [0x0x7ff6a2e1cb29+115657]\n   \tGetHandleVerifier [0x0x7ff6a2e03268+11016]\n   \tBaseThreadInitThunk [0x0x7ffbf38ee8d7+23]\n   \tRtlUserThreadStart [0x0x7ffbf575c34c+44]\n   selenium.common.exceptions.NoSuchElementException: Message: no such element: Unable to locate element: {\"method\":\"css selector\",\"selector\":\"body > div:nth-child(13) > div:nth-child(1) > main:nth-child(2) > section:nth-child(1) > div:nth-child(4) > div:nth-child(1) > div:nth-child(3) > button:nth-child(2) > span:nth-child(2)\"}\n     (Session info: chrome=139.0.7258.157); For documentation on this error, please visit: https://www.selenium.dev/documentation/webdriver/troubleshooting/errors#nosuchelementexception\n   Stacktrace:\n   \tGetHandleVerifier [0x0x7ff6a2e13d85+79397]\n   \tGetHandleVerifier [0x0x7ff6a2e13de0+79488]\n   \t(No symbol) [0x0x7ff6a2bbc0fa]\n   \t(No symbol) [0x0x7ff6a2c12fd6]\n   \t(No symbol) [0x0x7ff6a2c1328c]\n   \t(No symbol) [0x0x7ff6a2c66537]\n   \t(No symbol) [0x0x7ff6a2c3b1df]\n   \t(No symbol) [0x0x7ff6a2c63344]\n   \t(No symbol) [0x0x7ff6a2c3af73]\n   \t(No symbol) [0x0x7ff6a2c041b1]\n   \t(No symbol) [0x0x7ff6a2c04f43]\n   \tGetHandleVerifier [0x0x7ff6a30de1ed+3005069]\n   \tGetHandleVerifier [0x0x7ff6a30d831d+2980797]\n   \tGetHandleVerifier [0x0x7ff6a30f7e0d+3110573]\n   \tGetHandleVerifier [0x0x7ff6a2e2d6de+184190]\n   \tGetHandleVerifier [0x0x7ff6a2e3516f+215567]\n   \tGetHandleVerifier [0x0x7ff6a2e1c974+115220]\n   \tGetHandleVerifier [0x0x7ff6a2e1cb29+115657]\n   \tGetHandleVerifier [0x0x7ff6a2e03268+11016]\n   \tBaseThreadInitThunk [0x0x7ffbf38ee8d7+23]\n   \tRtlUserThreadStart [0x0x7ffbf575c34c+44]\n   selenium.common.exceptions.TimeoutException: Message: \n   Stacktrace:\n   \tGetHandleVerifier [0x0x7ff6a2e13d85+79397]\n   \tGetHandleVerifier [0x0x7ff6a2e13de0+79488]\n   \t(No symbol) [0x0x7ff6a2bbc0fa]\n   \t(No symbol) [0x0x7ff6a2c12fd6]\n   \t(No symbol) [0x0x7ff6a2c1328c]\n   \t(No symbol) [0x0x7ff6a2c66537]\n   \t(No symbol) [0x0x7ff6a2c3b1df]\n   \t(No symbol) [0x0x7ff6a2c63344]\n   \t(No symbol) [0x0x7ff6a2c3af73]\n   \t(No symbol) [0x0x7ff6a2c041b1]\n   \t(No symbol) [0x0x7ff6a2c04f43]\n   \tGetHandleVerifier [0x0x7ff6a30de1ed+3005069]\n   \tGetHandleVerifier [0x0x7ff6a30d831d+2980797]\n   \tGetHandleVerifier [0x0x7ff6a30f7e0d+3110573]\n   \tGetHandleVerifier [0x0x7ff6a2e2d6de+184190]\n   \tGetHandleVerifier [0x0x7ff6a2e3516f+215567]\n   \tGetHandleVerifier [0x0x7ff6a2e1c974+115220]\n   \tGetHandleVerifier [0x0x7ff6a2e1cb29+115657]\n   \tGetHandleVerifier [0x0x7ff6a2e03268+11016]\n   \tBaseThreadInitThunk [0x0x7ffbf38ee8d7+23]\n   \tRtlUserThreadStart [0x0x7ffbf575c34c+44]\n   selenium.common.exceptions.NoSuchElementException: Message: no such element: Unable to locate element: {\"method\":\"css selector\",\"selector\":\"body > div:nth-child(13) > div:nth-child(1) > main:nth-child(2) > section:nth-child(1) > div:nth-child(4) > div:nth-child(1) > div:nth-child(3) > button:nth-child(2) > span:nth-child(2)\"}\n     (Session info: chrome=139.0.7258.157); For documentation on this error, please visit: https://www.selenium.dev/documentation/webdriver/troubleshooting/errors#nosuchelementexception\n   Stacktrace:\n   \tGetHandleVerifier [0x0x7ff6a2e13d85+79397]\n   \tGetHandleVerifier [0x0x7ff6a2e13de0+79488]\n   \t(No symbol) [0x0x7ff6a2bbc0fa]\n   \t(No symbol) [0x0x7ff6a2c12fd6]\n   \t(No symbol) [0x0x7ff6a2c1328c]\n   \t(No symbol) [0x0x7ff6a2c66537]\n   \t(No symbol) [0x0x7ff6a2c3b1df]\n   \t(No symbol) [0x0x7ff6a2c63344]\n   \t(No symbol) [0x0x7ff6a2c3af73]\n   \t(No symbol) [0x0x7ff6a2c041b1]\n   \t(No symbol) [0x0x7ff6a2c04f43]\n   \tGetHandleVerifier [0x0x7ff6a30de1ed+3005069]\n   \tGetHandleVerifier [0x0x7ff6a30d831d+2980797]\n   \tGetHandleVerifier [0x0x7ff6a30f7e0d+3110573]\n   \tGetHandleVerifier [0x0x7ff6a2e2d6de+184190]\n   \tGetHandleVerifier [0x0x7ff6a2e3516f+215567]\n   \tGetHandleVerifier [0x0x7ff6a2e1c974+115220]\n   \tGetHandleVerifier [0x0x7ff6a2e1cb29+115657]\n   \tGetHandleVerifier [0x0x7ff6a2e03268+11016]\n   \tBaseThreadInitThunk [0x0x7ffbf38ee8d7+23]\n   \tRtlUserThreadStart [0x0x7ffbf575c34c+44]\n                   Exception: All click methods failed for Apply Now button\n           Failed: Test Failed. Failed to click Apply Now button: All click methods failed for Apply Now button\n", "test_name": "test_tc_ad_09_with_login[test_case0]", "rerun": "0"}}, "suite_name": "tests/admission/test_TC_AD_09.py"}}}, "date": "September 06, 2025", "start_time": 1757165683.4474785, "total_suite": 1, "status": "FAIL", "status_list": {"pass": "0", "fail": "1", "skip": "0", "error": "0", "xpass": "0", "xfail": "0", "rerun": "0"}, "total_tests": "1"}