{"content": {"suites": {"0": {"status": {"total_pass": 0, "total_skip": 0, "total_xpass": 0, "total_xfail": 0, "total_rerun": 0, "total_fail": 1, "total_error": 4}, "tests": {"0": {"status": "FAIL", "message": "   selenium.common.exceptions.TimeoutException: Message: \n   Stacktrace:\n   \tGetHandleVerifier [0x0x7ff7ee753d85+79397]\n   \tGetHandleVerifier [0x0x7ff7ee753de0+79488]\n   \t(No symbol) [0x0x7ff7ee4fc0fa]\n   \t(No symbol) [0x0x7ff7ee552fd6]\n   \t(No symbol) [0x0x7ff7ee55328c]\n   \t(No symbol) [0x0x7ff7ee5a6537]\n   \t(No symbol) [0x0x7ff7ee57b1df]\n   \t(No symbol) [0x0x7ff7ee5a3344]\n   \t(No symbol) [0x0x7ff7ee57af73]\n   \t(No symbol) [0x0x7ff7ee5441b1]\n   \t(No symbol) [0x0x7ff7ee544f43]\n   \tGetHandleVerifier [0x0x7ff7eea1e1ed+3005069]\n   \tGetHandleVerifier [0x0x7ff7eea1831d+2980797]\n   \tGetHandleVerifier [0x0x7ff7eea37e0d+3110573]\n   \tGetHandleVerifier [0x0x7ff7ee76d6de+184190]\n   \tGetHandleVerifier [0x0x7ff7ee77516f+215567]\n   \tGetHandleVerifier [0x0x7ff7ee75c974+115220]\n   \tGetHandleVerifier [0x0x7ff7ee75cb29+115657]\n   \tGetHandleVerifier [0x0x7ff7ee743268+11016]\n   \tBaseThreadInitThunk [0x0x7ff9140fe8d7+23]\n   \tRtlUserThreadStart [0x0x7ff91421c34c+44]\n   selenium.common.exceptions.NoSuchElementException: Message: no such element: Unable to locate element: {\"method\":\"css selector\",\"selector\":\"body > div:nth-child(13) > div:nth-child(1) > main:nth-child(2) > section:nth-child(1) > div:nth-child(4) > div:nth-child(1) > div:nth-child(3) > button:nth-child(2) > span:nth-child(2)\"}\n     (Session info: chrome=139.0.7258.157); For documentation on this error, please visit: https://www.selenium.dev/documentation/webdriver/troubleshooting/errors#nosuchelementexception\n   Stacktrace:\n   \tGetHandleVerifier [0x0x7ff7ee753d85+79397]\n   \tGetHandleVerifier [0x0x7ff7ee753de0+79488]\n   \t(No symbol) [0x0x7ff7ee4fc0fa]\n   \t(No symbol) [0x0x7ff7ee552fd6]\n   \t(No symbol) [0x0x7ff7ee55328c]\n   \t(No symbol) [0x0x7ff7ee5a6537]\n   \t(No symbol) [0x0x7ff7ee57b1df]\n   \t(No symbol) [0x0x7ff7ee5a3344]\n   \t(No symbol) [0x0x7ff7ee57af73]\n   \t(No symbol) [0x0x7ff7ee5441b1]\n   \t(No symbol) [0x0x7ff7ee544f43]\n   \tGetHandleVerifier [0x0x7ff7eea1e1ed+3005069]\n   \tGetHandleVerifier [0x0x7ff7eea1831d+2980797]\n   \tGetHandleVerifier [0x0x7ff7eea37e0d+3110573]\n   \tGetHandleVerifier [0x0x7ff7ee76d6de+184190]\n   \tGetHandleVerifier [0x0x7ff7ee77516f+215567]\n   \tGetHandleVerifier [0x0x7ff7ee75c974+115220]\n   \tGetHandleVerifier [0x0x7ff7ee75cb29+115657]\n   \tGetHandleVerifier [0x0x7ff7ee743268+11016]\n   \tBaseThreadInitThunk [0x0x7ff9140fe8d7+23]\n   \tRtlUserThreadStart [0x0x7ff91421c34c+44]\n   selenium.common.exceptions.TimeoutException: Message: \n   Stacktrace:\n   \tGetHandleVerifier [0x0x7ff7ee753d85+79397]\n   \tGetHandleVerifier [0x0x7ff7ee753de0+79488]\n   \t(No symbol) [0x0x7ff7ee4fc0fa]\n   \t(No symbol) [0x0x7ff7ee552fd6]\n   \t(No symbol) [0x0x7ff7ee55328c]\n   \t(No symbol) [0x0x7ff7ee5a6537]\n   \t(No symbol) [0x0x7ff7ee57b1df]\n   \t(No symbol) [0x0x7ff7ee5a3344]\n   \t(No symbol) [0x0x7ff7ee57af73]\n   \t(No symbol) [0x0x7ff7ee5441b1]\n   \t(No symbol) [0x0x7ff7ee544f43]\n   \tGetHandleVerifier [0x0x7ff7eea1e1ed+3005069]\n   \tGetHandleVerifier [0x0x7ff7eea1831d+2980797]\n   \tGetHandleVerifier [0x0x7ff7eea37e0d+3110573]\n   \tGetHandleVerifier [0x0x7ff7ee76d6de+184190]\n   \tGetHandleVerifier [0x0x7ff7ee77516f+215567]\n   \tGetHandleVerifier [0x0x7ff7ee75c974+115220]\n   \tGetHandleVerifier [0x0x7ff7ee75cb29+115657]\n   \tGetHandleVerifier [0x0x7ff7ee743268+11016]\n   \tBaseThreadInitThunk [0x0x7ff9140fe8d7+23]\n   \tRtlUserThreadStart [0x0x7ff91421c34c+44]\n   selenium.common.exceptions.NoSuchElementException: Message: no such element: Unable to locate element: {\"method\":\"css selector\",\"selector\":\"body > div:nth-child(13) > div:nth-child(1) > main:nth-child(2) > section:nth-child(1) > div:nth-child(4) > div:nth-child(1) > div:nth-child(3) > button:nth-child(2) > span:nth-child(2)\"}\n     (Session info: chrome=139.0.7258.157); For documentation on this error, please visit: https://www.selenium.dev/documentation/webdriver/troubleshooting/errors#nosuchelementexception\n   Stacktrace:\n   \tGetHandleVerifier [0x0x7ff7ee753d85+79397]\n   \tGetHandleVerifier [0x0x7ff7ee753de0+79488]\n   \t(No symbol) [0x0x7ff7ee4fc0fa]\n   \t(No symbol) [0x0x7ff7ee552fd6]\n   \t(No symbol) [0x0x7ff7ee55328c]\n   \t(No symbol) [0x0x7ff7ee5a6537]\n   \t(No symbol) [0x0x7ff7ee57b1df]\n   \t(No symbol) [0x0x7ff7ee5a3344]\n   \t(No symbol) [0x0x7ff7ee57af73]\n   \t(No symbol) [0x0x7ff7ee5441b1]\n   \t(No symbol) [0x0x7ff7ee544f43]\n   \tGetHandleVerifier [0x0x7ff7eea1e1ed+3005069]\n   \tGetHandleVerifier [0x0x7ff7eea1831d+2980797]\n   \tGetHandleVerifier [0x0x7ff7eea37e0d+3110573]\n   \tGetHandleVerifier [0x0x7ff7ee76d6de+184190]\n   \tGetHandleVerifier [0x0x7ff7ee77516f+215567]\n   \tGetHandleVerifier [0x0x7ff7ee75c974+115220]\n   \tGetHandleVerifier [0x0x7ff7ee75cb29+115657]\n   \tGetHandleVerifier [0x0x7ff7ee743268+11016]\n   \tBaseThreadInitThunk [0x0x7ff9140fe8d7+23]\n   \tRtlUserThreadStart [0x0x7ff91421c34c+44]\n                   Exception: All click methods failed for Apply Now button\n           Failed: Failed to navigate to admission form: All click methods failed for Apply Now button\n", "test_name": "test_admission_complete_flow[test_case0]", "rerun": "0"}, "1": {"status": "ERROR", "message": "file E:\\projects\\Tasks\\Doer_School_Admission\\tests\\admission\\test_TC_AD_09.py, line 361\n  def test_step_student_info_only(browser_config, test_case):\nE       fixture 'test_case' not found\n>       available fixtures: browser_config, cache, capfd, capfdbinary, caplog, capsys, capsysbinary, doctest_namespace, extra, extras, include_metadata_in_junit_xml, metadata, monkeypatch, pytestconfig, record_property, record_testsuite_property, record_xml_attribute, recwarn, tmp_path, tmp_path_factory, tmpdir, tmpdir_factory\n>       use 'pytest --fixtures [testpath]' for help on them.\n\nE:\\projects\\Tasks\\Doer_School_Admission\\tests\\admission\\test_TC_AD_09.py:361\n", "test_name": "test_step_student_info_only", "rerun": "0"}, "2": {"status": "ERROR", "message": "file E:\\projects\\Tasks\\Doer_School_Admission\\tests\\admission\\test_TC_AD_09.py, line 367\n  def test_step_guardian_info_only(browser_config, test_case):\nE       fixture 'test_case' not found\n>       available fixtures: browser_config, cache, capfd, capfdbinary, caplog, capsys, capsysbinary, doctest_namespace, extra, extras, include_metadata_in_junit_xml, metadata, monkeypatch, pytestconfig, record_property, record_testsuite_property, record_xml_attribute, recwarn, tmp_path, tmp_path_factory, tmpdir, tmpdir_factory\n>       use 'pytest --fixtures [testpath]' for help on them.\n\nE:\\projects\\Tasks\\Doer_School_Admission\\tests\\admission\\test_TC_AD_09.py:367\n", "test_name": "test_step_guardian_info_only", "rerun": "0"}, "3": {"status": "ERROR", "message": "file E:\\projects\\Tasks\\Doer_School_Admission\\tests\\admission\\test_TC_AD_09.py, line 373\n  def test_step_document_upload_only(browser_config, test_case):\nE       fixture 'test_case' not found\n>       available fixtures: browser_config, cache, capfd, capfdbinary, caplog, capsys, capsysbinary, doctest_namespace, extra, extras, include_metadata_in_junit_xml, metadata, monkeypatch, pytestconfig, record_property, record_testsuite_property, record_xml_attribute, recwarn, tmp_path, tmp_path_factory, tmpdir, tmpdir_factory\n>       use 'pytest --fixtures [testpath]' for help on them.\n\nE:\\projects\\Tasks\\Doer_School_Admission\\tests\\admission\\test_TC_AD_09.py:373\n", "test_name": "test_step_document_upload_only", "rerun": "0"}, "4": {"status": "ERROR", "message": "file E:\\projects\\Tasks\\Doer_School_Admission\\tests\\admission\\test_TC_AD_09.py, line 379\n  def test_step_submission_only(browser_config, test_case):\nE       fixture 'test_case' not found\n>       available fixtures: browser_config, cache, capfd, capfdbinary, caplog, capsys, capsysbinary, doctest_namespace, extra, extras, include_metadata_in_junit_xml, metadata, monkeypatch, pytestconfig, record_property, record_testsuite_property, record_xml_attribute, recwarn, tmp_path, tmp_path_factory, tmpdir, tmpdir_factory\n>       use 'pytest --fixtures [testpath]' for help on them.\n\nE:\\projects\\Tasks\\Doer_School_Admission\\tests\\admission\\test_TC_AD_09.py:379\n", "test_name": "test_step_submission_only", "rerun": "0"}}, "suite_name": "tests/admission/test_TC_AD_09.py"}}}, "date": "September 08, 2025", "start_time": 1757315674.2238355, "total_suite": 1, "status": "FAIL", "status_list": {"pass": "0", "fail": "1", "skip": "0", "error": "4", "xpass": "0", "xfail": "0", "rerun": "0"}, "total_tests": "5"}